#
# There is insufficient memory for the Java Runtime Environment to continue.
# Native memory allocation (mmap) failed to map 44040192 bytes. Error detail: G1 virtual space
# Possible reasons:
#   The system is out of physical RAM or swap space
#   This process is running with CompressedOops enabled, and the Java Heap may be blocking the growth of the native heap
# Possible solutions:
#   Reduce memory load on the system
#   Increase physical memory or swap space
#   Check if swap backing store is full
#   Decrease Java heap size (-Xmx/-Xms)
#   Decrease number of Java threads
#   Decrease Java thread stack sizes (-Xss)
#   Set larger code cache with -XX:ReservedCodeCacheSize=
#   JVM is running with Zero Based Compressed Oops mode in which the Java heap is
#     placed in the first 32GB address space. The Java Heap base address is the
#     maximum limit for the native heap growth. Please use -XX:HeapBaseMinAddress
#     to set the Java Heap base and to place the Java Heap above 32GB virtual address.
# This output file may be truncated or incomplete.
#
#  Out of Memory Error (os_windows.cpp:3714), pid=2080, tid=1672
#
# JRE version: OpenJDK Runtime Environment Temurin-21.0.11+10 (21.0.11+10) (build 21.0.11+10-LTS)
# Java VM: OpenJDK 64-Bit Server VM Temurin-21.0.11+10 (21.0.11+10-LTS, mixed mode, sharing, tiered, compressed oops, compressed class ptrs, g1 gc, windows-amd64)
# No core dump will be written. Minidumps are not enabled by default on client versions of Windows
#

---------------  S U M M A R Y ------------

Command Line: --add-opens=java.base/java.lang=ALL-UNNAMED --add-opens=java.base/java.lang.invoke=ALL-UNNAMED --add-opens=java.base/java.util=ALL-UNNAMED --add-opens=java.prefs/java.util.prefs=ALL-UNNAMED --add-exports=jdk.compiler/com.sun.tools.javac.api=ALL-UNNAMED --add-exports=jdk.compiler/com.sun.tools.javac.util=ALL-UNNAMED --add-opens=java.base/java.util=ALL-UNNAMED --add-opens=java.prefs/java.util.prefs=ALL-UNNAMED --add-opens=java.base/java.nio.charset=ALL-UNNAMED --add-opens=java.base/java.net=ALL-UNNAMED --add-opens=java.base/java.util.concurrent.atomic=ALL-UNNAMED --add-opens=java.xml/javax.xml.namespace=ALL-UNNAMED -Xmx3G -Dfile.encoding=UTF-8 -Duser.country=RU -Duser.language=ru -Duser.variant -javaagent:C:\Users\USER\.gradle\wrapper\dists\gradle-8.14.3-bin\cv11ve7ro1n3o1j4so8xd9n66\gradle-8.14.3\lib\agents\gradle-instrumentation-agent-8.14.3.jar org.gradle.launcher.daemon.bootstrap.GradleDaemon 8.14.3

Host: AMD Ryzen 5 5500U with Radeon Graphics         , 12 cores, 7G,  Windows 10 , 64 bit Build 19041 (10.0.19041.5915)
Time: Wed Jun 10 20:56:03 2026 elapsed time: 7.851286 seconds (0d 0h 0m 7s)

---------------  T H R E A D  ---------------

Current thread (0x0000027ce389c720):  VMThread "VM Thread"          [id=1672, stack(0x0000007dac300000,0x0000007dac400000) (1024K)]

Stack: [0x0000007dac300000,0x0000007dac400000]
Native frames: (J=compiled Java code, j=interpreted, Vv=VM code, C=native code)
V  [jvm.dll+0x6d7e19]
V  [jvm.dll+0x8b5096]
V  [jvm.dll+0x8b764e]
V  [jvm.dll+0x8b7d33]
V  [jvm.dll+0x284596]
V  [jvm.dll+0x6d4735]
V  [jvm.dll+0x6c845a]
V  [jvm.dll+0x35ef08]
V  [jvm.dll+0x366b46]
V  [jvm.dll+0x3b7c2e]
V  [jvm.dll+0x3b7ed8]
V  [jvm.dll+0x33310c]
V  [jvm.dll+0x333197]
V  [jvm.dll+0x376f6c]
V  [jvm.dll+0x37570e]
V  [jvm.dll+0x332851]
V  [jvm.dll+0x374d7a]
V  [jvm.dll+0x8bda20]
V  [jvm.dll+0x8bed94]
V  [jvm.dll+0x8bf2c0]
V  [jvm.dll+0x8bf563]
V  [jvm.dll+0x85fb0d]
V  [jvm.dll+0x6d664d]
C  [ucrtbase.dll+0x21bb2]
C  [KERNEL32.DLL+0x17374]
C  [ntdll.dll+0x4cc91]

VM_Operation (0x0000007db10f9d80): G1CollectForAllocation, mode: safepoint, requested by thread 0x0000027ceacc8380


---------------  P R O C E S S  ---------------

Threads class SMR info:
_java_thread_list=0x0000027cef71d150, length=68, elements={
0x0000027cc2fadd90, 0x0000027ce38b38c0, 0x0000027ce38b4520, 0x0000027ce38b73f0,
0x0000027ce38bbe70, 0x0000027ce38bca80, 0x0000027ce38bd690, 0x0000027ce38c6790,
0x0000027ce38d3f90, 0x0000027ce3a98570, 0x0000027ce3af0f10, 0x0000027ce973fac0,
0x0000027ce92d8a50, 0x0000027ce9ef8450, 0x0000027ce9e40e30, 0x0000027cea122360,
0x0000027ce9e8c530, 0x0000027cea1e2010, 0x0000027cea1e33c0, 0x0000027cea1e4770,
0x0000027cea1e3a50, 0x0000027cea1e12f0, 0x0000027cea1e26a0, 0x0000027cea1e1980,
0x0000027cea1e2d30, 0x0000027ceb742750, 0x0000027ceb7420c0, 0x0000027ceb745540,
0x0000027ceb744820, 0x0000027ceb742de0, 0x0000027ceb743470, 0x0000027ceb743b00,
0x0000027ceb744eb0, 0x0000027ceb744190, 0x0000027ceacc6fd0, 0x0000027ceacca450,
0x0000027ceacc8a10, 0x0000027ceacc90a0, 0x0000027ceacc7cf0, 0x0000027ceacc7660,
0x0000027ce38d5400, 0x0000027ce38d4660, 0x0000027ceacc9dc0, 0x0000027cebbaec50,
0x0000027cebbb0000, 0x0000027cebbb0690, 0x0000027ceb925f60, 0x0000027ceb9210a0,
0x0000027ceb91fcf0, 0x0000027ceb923800, 0x0000027ceb925240, 0x0000027ceb924bb0,
0x0000027ceb921730, 0x0000027ceb921dc0, 0x0000027ceb920380, 0x0000027ceb920a10,
0x0000027ceb922450, 0x0000027ceb923e90, 0x0000027ceb923170, 0x0000027ceb9258d0,
0x0000027ceb91efd0, 0x0000027ceb9265f0, 0x0000027ceb91f660, 0x0000027cebbaf2e0,
0x0000027cebbb1a40, 0x0000027cebbae5c0, 0x0000027ceacc8380, 0x0000027cea93d910
}

Java Threads: ( => current thread )
  0x0000027cc2fadd90 JavaThread "main"                              [_thread_blocked, id=9332, stack(0x0000007dabc00000,0x0000007dabd00000) (1024K)]
  0x0000027ce38b38c0 JavaThread "Reference Handler"          daemon [_thread_blocked, id=2752, stack(0x0000007dac400000,0x0000007dac500000) (1024K)]
  0x0000027ce38b4520 JavaThread "Finalizer"                  daemon [_thread_blocked, id=2396, stack(0x0000007dac500000,0x0000007dac600000) (1024K)]
  0x0000027ce38b73f0 JavaThread "Signal Dispatcher"          daemon [_thread_blocked, id=6656, stack(0x0000007dac600000,0x0000007dac700000) (1024K)]
  0x0000027ce38bbe70 JavaThread "Attach Listener"            daemon [_thread_blocked, id=8008, stack(0x0000007dac700000,0x0000007dac800000) (1024K)]
  0x0000027ce38bca80 JavaThread "Service Thread"             daemon [_thread_blocked, id=3144, stack(0x0000007dac800000,0x0000007dac900000) (1024K)]
  0x0000027ce38bd690 JavaThread "Monitor Deflation Thread"   daemon [_thread_blocked, id=6132, stack(0x0000007dac900000,0x0000007daca00000) (1024K)]
  0x0000027ce38c6790 JavaThread "C2 CompilerThread0"         daemon [_thread_in_native, id=12348, stack(0x0000007daca00000,0x0000007dacb00000) (1024K)]
  0x0000027ce38d3f90 JavaThread "C1 CompilerThread0"         daemon [_thread_blocked, id=6836, stack(0x0000007dacb00000,0x0000007dacc00000) (1024K)]
  0x0000027ce3a98570 JavaThread "Common-Cleaner"             daemon [_thread_blocked, id=8884, stack(0x0000007dacc00000,0x0000007dacd00000) (1024K)]
  0x0000027ce3af0f10 JavaThread "Notification Thread"        daemon [_thread_blocked, id=11760, stack(0x0000007dacd00000,0x0000007dace00000) (1024K)]
  0x0000027ce973fac0 JavaThread "Daemon health stats"               [_thread_blocked, id=5560, stack(0x0000007dad100000,0x0000007dad200000) (1024K)]
  0x0000027ce92d8a50 JavaThread "Incoming local TCP Connector on port 4436"        [_thread_in_native, id=5252, stack(0x0000007dad400000,0x0000007dad500000) (1024K)]
  0x0000027ce9ef8450 JavaThread "Daemon periodic checks"            [_thread_blocked, id=13116, stack(0x0000007dad500000,0x0000007dad600000) (1024K)]
  0x0000027ce9e40e30 JavaThread "Daemon"                            [_thread_blocked, id=9840, stack(0x0000007dad600000,0x0000007dad700000) (1024K)]
  0x0000027cea122360 JavaThread "Handler for socket connection from /127.0.0.1:4436 to /127.0.0.1:4437"        [_thread_in_native, id=8528, stack(0x0000007dad700000,0x0000007dad800000) (1024K)]
  0x0000027ce9e8c530 JavaThread "Cancel handler"                    [_thread_blocked, id=4344, stack(0x0000007dadd00000,0x0000007dade00000) (1024K)]
  0x0000027cea1e2010 JavaThread "Daemon worker"                     [_thread_blocked, id=7028, stack(0x0000007dade00000,0x0000007dadf00000) (1024K)]
  0x0000027cea1e33c0 JavaThread "Asynchronous log dispatcher for DefaultDaemonConnection: socket connection from /127.0.0.1:4436 to /127.0.0.1:4437"        [_thread_blocked, id=10408, stack(0x0000007dadf00000,0x0000007dae000000) (1024K)]
  0x0000027cea1e4770 JavaThread "Stdin handler"                     [_thread_blocked, id=8016, stack(0x0000007dae000000,0x0000007dae100000) (1024K)]
  0x0000027cea1e3a50 JavaThread "Daemon client event forwarder"        [_thread_blocked, id=8956, stack(0x0000007dae100000,0x0000007dae200000) (1024K)]
  0x0000027cea1e12f0 JavaThread "Cache worker for journal cache (C:\Users\USER\.gradle\caches\journal-1)"        [_thread_blocked, id=9320, stack(0x0000007dae200000,0x0000007dae300000) (1024K)]
  0x0000027cea1e26a0 JavaThread "File lock request listener"        [_thread_in_native, id=2124, stack(0x0000007dae300000,0x0000007dae400000) (1024K)]
  0x0000027cea1e1980 JavaThread "Cache worker for file hash cache (C:\Users\USER\.gradle\caches\8.14.3\fileHashes)"        [_thread_blocked, id=9940, stack(0x0000007dae400000,0x0000007dae500000) (1024K)]
  0x0000027cea1e2d30 JavaThread "Cache worker for file hash cache (D:\mod\ManaBridge\.gradle\8.14.3\fileHashes)"        [_thread_blocked, id=684, stack(0x0000007dae800000,0x0000007dae900000) (1024K)]
  0x0000027ceb742750 JavaThread "Cache worker for Build Output Cleanup Cache (D:\mod\ManaBridge\.gradle\buildOutputCleanup)"        [_thread_blocked, id=4008, stack(0x0000007dae900000,0x0000007daea00000) (1024K)]
  0x0000027ceb7420c0 JavaThread "File watcher server"        daemon [_thread_in_native, id=2596, stack(0x0000007daea00000,0x0000007daeb00000) (1024K)]
  0x0000027ceb745540 JavaThread "File watcher consumer"      daemon [_thread_blocked, id=7328, stack(0x0000007daeb00000,0x0000007daec00000) (1024K)]
  0x0000027ceb744820 JavaThread "jar transforms"                    [_thread_blocked, id=12560, stack(0x0000007dace00000,0x0000007dacf00000) (1024K)]
  0x0000027ceb742de0 JavaThread "jar transforms Thread 2"           [_thread_blocked, id=5332, stack(0x0000007dae500000,0x0000007dae600000) (1024K)]
  0x0000027ceb743470 JavaThread "jar transforms Thread 3"           [_thread_blocked, id=9988, stack(0x0000007daec00000,0x0000007daed00000) (1024K)]
  0x0000027ceb743b00 JavaThread "jar transforms Thread 4"           [_thread_blocked, id=7312, stack(0x0000007daed00000,0x0000007daee00000) (1024K)]
  0x0000027ceb744eb0 JavaThread "jar transforms Thread 5"           [_thread_blocked, id=9668, stack(0x0000007daee00000,0x0000007daef00000) (1024K)]
  0x0000027ceb744190 JavaThread "jar transforms Thread 6"           [_thread_blocked, id=3860, stack(0x0000007daef00000,0x0000007daf000000) (1024K)]
  0x0000027ceacc6fd0 JavaThread "jar transforms Thread 7"           [_thread_blocked, id=11116, stack(0x0000007daf000000,0x0000007daf100000) (1024K)]
  0x0000027ceacca450 JavaThread "jar transforms Thread 8"           [_thread_blocked, id=11232, stack(0x0000007daf100000,0x0000007daf200000) (1024K)]
  0x0000027ceacc8a10 JavaThread "jar transforms Thread 9"           [_thread_blocked, id=2020, stack(0x0000007daf200000,0x0000007daf300000) (1024K)]
  0x0000027ceacc90a0 JavaThread "jar transforms Thread 10"          [_thread_blocked, id=12788, stack(0x0000007daf300000,0x0000007daf400000) (1024K)]
  0x0000027ceacc7cf0 JavaThread "jar transforms Thread 11"          [_thread_blocked, id=3816, stack(0x0000007daf400000,0x0000007daf500000) (1024K)]
  0x0000027ceacc7660 JavaThread "jar transforms Thread 12"          [_thread_blocked, id=8920, stack(0x0000007daf500000,0x0000007daf600000) (1024K)]
  0x0000027ce38d5400 JavaThread "C2 CompilerThread1"         daemon [_thread_blocked, id=11344, stack(0x0000007daf600000,0x0000007daf700000) (1024K)]
  0x0000027ce38d4660 JavaThread "C2 CompilerThread2"         daemon [_thread_blocked, id=3876, stack(0x0000007daf700000,0x0000007daf800000) (1024K)]
  0x0000027ceacc9dc0 JavaThread "Cache worker for checksums cache (D:\mod\ManaBridge\.gradle\8.14.3\checksums)"        [_thread_blocked, id=12328, stack(0x0000007daf800000,0x0000007daf900000) (1024K)]
  0x0000027cebbaec50 JavaThread "Cache worker for file content cache (C:\Users\USER\.gradle\caches\8.14.3\fileContent)"        [_thread_blocked, id=272, stack(0x0000007daf900000,0x0000007dafa00000) (1024K)]
  0x0000027cebbb0000 JavaThread "Cache worker for cache directory md-supplier (C:\Users\USER\.gradle\caches\8.14.3\md-supplier)"        [_thread_blocked, id=5060, stack(0x0000007dafa00000,0x0000007dafb00000) (1024K)]
  0x0000027cebbb0690 JavaThread "Cache worker for cache directory md-rule (C:\Users\USER\.gradle\caches\8.14.3\md-rule)"        [_thread_blocked, id=3084, stack(0x0000007dafb00000,0x0000007dafc00000) (1024K)]
  0x0000027ceb925f60 JavaThread "Unconstrained build operations"        [_thread_blocked, id=3996, stack(0x0000007dafc00000,0x0000007dafd00000) (1024K)]
  0x0000027ceb9210a0 JavaThread "Unconstrained build operations Thread 2"        [_thread_blocked, id=1460, stack(0x0000007dafd00000,0x0000007dafe00000) (1024K)]
  0x0000027ceb91fcf0 JavaThread "Unconstrained build operations Thread 3"        [_thread_blocked, id=10420, stack(0x0000007dafe00000,0x0000007daff00000) (1024K)]
  0x0000027ceb923800 JavaThread "Unconstrained build operations Thread 4"        [_thread_blocked, id=4128, stack(0x0000007daff00000,0x0000007db0000000) (1024K)]
  0x0000027ceb925240 JavaThread "Unconstrained build operations Thread 5"        [_thread_blocked, id=8652, stack(0x0000007db0000000,0x0000007db0100000) (1024K)]
  0x0000027ceb924bb0 JavaThread "Unconstrained build operations Thread 6"        [_thread_blocked, id=11536, stack(0x0000007db0100000,0x0000007db0200000) (1024K)]
  0x0000027ceb921730 JavaThread "Unconstrained build operations Thread 7"        [_thread_blocked, id=12864, stack(0x0000007db0200000,0x0000007db0300000) (1024K)]
  0x0000027ceb921dc0 JavaThread "Unconstrained build operations Thread 8"        [_thread_blocked, id=4884, stack(0x0000007db0300000,0x0000007db0400000) (1024K)]
  0x0000027ceb920380 JavaThread "Unconstrained build operations Thread 9"        [_thread_blocked, id=1488, stack(0x0000007db0400000,0x0000007db0500000) (1024K)]
  0x0000027ceb920a10 JavaThread "Unconstrained build operations Thread 10"        [_thread_blocked, id=1428, stack(0x0000007db0500000,0x0000007db0600000) (1024K)]
  0x0000027ceb922450 JavaThread "Unconstrained build operations Thread 11"        [_thread_blocked, id=8328, stack(0x0000007db0600000,0x0000007db0700000) (1024K)]
  0x0000027ceb923e90 JavaThread "Unconstrained build operations Thread 12"        [_thread_blocked, id=10024, stack(0x0000007db0700000,0x0000007db0800000) (1024K)]
  0x0000027ceb923170 JavaThread "Unconstrained build operations Thread 13"        [_thread_blocked, id=11748, stack(0x0000007db0800000,0x0000007db0900000) (1024K)]
  0x0000027ceb9258d0 JavaThread "Unconstrained build operations Thread 14"        [_thread_blocked, id=12024, stack(0x0000007db0900000,0x0000007db0a00000) (1024K)]
  0x0000027ceb91efd0 JavaThread "Unconstrained build operations Thread 15"        [_thread_blocked, id=900, stack(0x0000007db0a00000,0x0000007db0b00000) (1024K)]
  0x0000027ceb9265f0 JavaThread "Unconstrained build operations Thread 16"        [_thread_blocked, id=8036, stack(0x0000007db0b00000,0x0000007db0c00000) (1024K)]
  0x0000027ceb91f660 JavaThread "Unconstrained build operations Thread 17"        [_thread_blocked, id=7232, stack(0x0000007db0c00000,0x0000007db0d00000) (1024K)]
  0x0000027cebbaf2e0 JavaThread "Unconstrained build operations Thread 18"        [_thread_blocked, id=1980, stack(0x0000007db0d00000,0x0000007db0e00000) (1024K)]
  0x0000027cebbb1a40 JavaThread "Unconstrained build operations Thread 19"        [_thread_blocked, id=11964, stack(0x0000007db0e00000,0x0000007db0f00000) (1024K)]
  0x0000027cebbae5c0 JavaThread "Unconstrained build operations Thread 20"        [_thread_blocked, id=2220, stack(0x0000007db0f00000,0x0000007db1000000) (1024K)]
  0x0000027ceacc8380 JavaThread "Unconstrained build operations Thread 21"        [_thread_blocked, id=2904, stack(0x0000007db1000000,0x0000007db1100000) (1024K)]
  0x0000027cea93d910 JavaThread "Unconstrained build operations Thread 22"        [_thread_blocked, id=11856, stack(0x0000007db1100000,0x0000007db1200000) (1024K)]
Total: 68

Other Threads:
=>0x0000027ce389c720 VMThread "VM Thread"                           [id=1672, stack(0x0000007dac300000,0x0000007dac400000) (1024K)]
  0x0000027ce3883920 WatcherThread "VM Periodic Task Thread"        [id=9892, stack(0x0000007dac200000,0x0000007dac300000) (1024K)]
  0x0000027cc546fc90 WorkerThread "GC Thread#0"                     [id=3324, stack(0x0000007dabd00000,0x0000007dabe00000) (1024K)]
  0x0000027ce3d2e9a0 WorkerThread "GC Thread#1"                     [id=3516, stack(0x0000007dacf00000,0x0000007dad000000) (1024K)]
  0x0000027ce3c90210 WorkerThread "GC Thread#2"                     [id=11312, stack(0x0000007dad000000,0x0000007dad100000) (1024K)]
  0x0000027ce89a1540 WorkerThread "GC Thread#3"                     [id=1452, stack(0x0000007dad200000,0x0000007dad300000) (1024K)]
  0x0000027ce9107740 WorkerThread "GC Thread#4"                     [id=10016, stack(0x0000007dad300000,0x0000007dad400000) (1024K)]
  0x0000027cea11d530 WorkerThread "GC Thread#5"                     [id=1856, stack(0x0000007dad800000,0x0000007dad900000) (1024K)]
  0x0000027ce9e0d460 WorkerThread "GC Thread#6"                     [id=11180, stack(0x0000007dad900000,0x0000007dada00000) (1024K)]
  0x0000027ce9e0d810 WorkerThread "GC Thread#7"                     [id=2384, stack(0x0000007dada00000,0x0000007dadb00000) (1024K)]
  0x0000027ce9e0dfc0 WorkerThread "GC Thread#8"                     [id=9252, stack(0x0000007dadb00000,0x0000007dadc00000) (1024K)]
  0x0000027ce9e0e370 WorkerThread "GC Thread#9"                     [id=12624, stack(0x0000007dadc00000,0x0000007dadd00000) (1024K)]
  0x0000027cc547ca30 ConcurrentGCThread "G1 Main Marker"            [id=7052, stack(0x0000007dabe00000,0x0000007dabf00000) (1024K)]
  0x0000027cc547d4a0 WorkerThread "G1 Conc#0"                       [id=6612, stack(0x0000007dabf00000,0x0000007dac000000) (1024K)]
  0x0000027ced55a940 WorkerThread "G1 Conc#1"                       [id=7428, stack(0x0000007dae600000,0x0000007dae700000) (1024K)]
  0x0000027ced55acf0 WorkerThread "G1 Conc#2"                       [id=5316, stack(0x0000007dae700000,0x0000007dae800000) (1024K)]
  0x0000027cc54ce340 ConcurrentGCThread "G1 Refine#0"               [id=3488, stack(0x0000007dac000000,0x0000007dac100000) (1024K)]
  0x0000027ce37564f0 ConcurrentGCThread "G1 Service"                [id=2176, stack(0x0000007dac100000,0x0000007dac200000) (1024K)]
Total: 18

Threads with active compile tasks:
C2 CompilerThread0  7876 7639       4       org.objectweb.asm.ClassReader::readCode (5117 bytes)
C1 CompilerThread0  7876 8371       2       org.objectweb.asm.tree.MethodNode::visitFrame (47 bytes)
C2 CompilerThread1  7876 8348       4       org.objectweb.asm.ByteVector::encodeUtf8 (337 bytes)
C2 CompilerThread2  7876 7863       4       org.objectweb.asm.SymbolTable::addConstantMemberReference (147 bytes)
Total: 4

VM state: at safepoint (normal execution)

VM Mutex/Monitor currently owned by a thread:  ([mutex/lock_event])
[0x00007ffd7caff570] Threads_lock - owner thread: 0x0000027ce389c720
[0x00007ffd7caff670] Heap_lock - owner thread: 0x0000027ceacc8380

Heap address: 0x0000000740000000, size: 3072 MB, Compressed Oops mode: Zero based, Oop shift amount: 3

CDS archive(s) mapped at: [0x0000027c80000000-0x0000027c80c80000-0x0000027c80c80000), size 13107200, SharedBaseAddress: 0x0000027c80000000, ArchiveRelocationMode: 1.
Compressed class space mapped at: 0x0000027c81000000-0x0000027cc1000000, reserved size: 1073741824
Narrow klass base: 0x0000027c80000000, Narrow klass shift: 0, Narrow klass range: 0x100000000

GC Precious Log:
 CardTable entry size: 512
 Card Set container configuration: InlinePtr #cards 4 size 8 Array Of Cards #cards 16 size 48 Howl #buckets 8 coarsen threshold 3686 Howl Bitmap #cards 512 size 80 coarsen threshold 460 Card regions per heap region 1 cards per card region 4096
 CPUs: 12 total, 12 available
 Memory: 7488M
 Large Page Support: Disabled
 NUMA Support: Disabled
 Compressed Oops: Enabled (Zero based)
 Heap Region Size: 2M
 Heap Min Capacity: 8M
 Heap Initial Capacity: 118M
 Heap Max Capacity: 3G
 Pre-touch: Disabled
 Parallel Workers: 10
 Concurrent Workers: 3
 Concurrent Refinement Workers: 10
 Periodic GC: Disabled

Heap:
 garbage-first heap   total 163840K, used 75279K [0x0000000740000000, 0x0000000800000000)
  region size 2048K, 2 young (4096K), 2 survivors (4096K)
 Metaspace       used 54348K, committed 56000K, reserved 1114112K
  class space    used 7799K, committed 8640K, reserved 1048576K

Heap Regions: E=young(eden), S=young(survivor), O=old, HS=humongous(starts), HC=humongous(continues), CS=collection set, F=free, TAMS=top-at-mark-start, PB=parsable bottom
|   0|0x0000000740000000, 0x0000000740200000, 0x0000000740200000|100%|HS|  |TAMS 0x0000000740000000| PB 0x0000000740000000| Complete 
|   1|0x0000000740200000, 0x0000000740400000, 0x0000000740400000|100%|HC|  |TAMS 0x0000000740200000| PB 0x0000000740200000| Complete 
|   2|0x0000000740400000, 0x0000000740600000, 0x0000000740600000|100%| O|  |TAMS 0x0000000740400000| PB 0x0000000740400000| Untracked 
|   3|0x0000000740600000, 0x0000000740800000, 0x0000000740800000|100%| O|  |TAMS 0x0000000740600000| PB 0x0000000740600000| Untracked 
|   4|0x0000000740800000, 0x0000000740a00000, 0x0000000740a00000|100%| O|  |TAMS 0x0000000740800000| PB 0x0000000740800000| Untracked 
|   5|0x0000000740a00000, 0x0000000740c00000, 0x0000000740c00000|100%| O|  |TAMS 0x0000000740a00000| PB 0x0000000740a00000| Untracked 
|   6|0x0000000740c00000, 0x0000000740e00000, 0x0000000740e00000|100%| O|  |TAMS 0x0000000740c00000| PB 0x0000000740c00000| Untracked 
|   7|0x0000000740e00000, 0x0000000741000000, 0x0000000741000000|100%| O|  |TAMS 0x0000000740e00000| PB 0x0000000740e00000| Untracked 
|   8|0x0000000741000000, 0x0000000741200000, 0x0000000741200000|100%| O|  |TAMS 0x0000000741000000| PB 0x0000000741000000| Untracked 
|   9|0x0000000741200000, 0x0000000741400000, 0x0000000741400000|100%| O|  |TAMS 0x0000000741200000| PB 0x0000000741200000| Untracked 
|  10|0x0000000741400000, 0x0000000741600000, 0x0000000741600000|100%|HS|  |TAMS 0x0000000741400000| PB 0x0000000741400000| Complete 
|  11|0x0000000741600000, 0x0000000741800000, 0x0000000741800000|100%|HC|  |TAMS 0x0000000741600000| PB 0x0000000741600000| Complete 
|  12|0x0000000741800000, 0x0000000741a00000, 0x0000000741a00000|100%|HC|  |TAMS 0x0000000741800000| PB 0x0000000741800000| Complete 
|  13|0x0000000741a00000, 0x0000000741c00000, 0x0000000741c00000|100%|HS|  |TAMS 0x0000000741a00000| PB 0x0000000741a00000| Complete 
|  14|0x0000000741c00000, 0x0000000741e00000, 0x0000000741e00000|100%|HC|  |TAMS 0x0000000741c00000| PB 0x0000000741c00000| Complete 
|  15|0x0000000741e00000, 0x0000000742000000, 0x0000000742000000|100%|HC|  |TAMS 0x0000000741e00000| PB 0x0000000741e00000| Complete 
|  16|0x0000000742000000, 0x0000000742200000, 0x0000000742200000|100%| O|  |TAMS 0x0000000742000000| PB 0x0000000742000000| Untracked 
|  17|0x0000000742200000, 0x0000000742400000, 0x0000000742400000|100%| O|  |TAMS 0x0000000742200000| PB 0x0000000742200000| Untracked 
|  18|0x0000000742400000, 0x0000000742600000, 0x0000000742600000|100%| O|  |TAMS 0x0000000742400000| PB 0x0000000742400000| Untracked 
|  19|0x0000000742600000, 0x0000000742800000, 0x0000000742800000|100%| O|  |TAMS 0x0000000742600000| PB 0x0000000742600000| Untracked 
|  20|0x0000000742800000, 0x0000000742a00000, 0x0000000742a00000|100%| O|  |TAMS 0x0000000742800000| PB 0x0000000742800000| Untracked 
|  21|0x0000000742a00000, 0x0000000742c00000, 0x0000000742c00000|100%| O|  |TAMS 0x0000000742a00000| PB 0x0000000742a00000| Untracked 
|  22|0x0000000742c00000, 0x0000000742c00000, 0x0000000742e00000|  0%| F|  |TAMS 0x0000000742c00000| PB 0x0000000742c00000| Untracked 
|  23|0x0000000742e00000, 0x0000000742e75aa8, 0x0000000743000000| 22%| O|  |TAMS 0x0000000742e00000| PB 0x0000000742e00000| Untracked 
|  24|0x0000000743000000, 0x0000000743200000, 0x0000000743200000|100%| O|  |TAMS 0x0000000743000000| PB 0x0000000743000000| Untracked 
|  25|0x0000000743200000, 0x0000000743400000, 0x0000000743400000|100%| O|  |TAMS 0x0000000743200000| PB 0x0000000743200000| Untracked 
|  26|0x0000000743400000, 0x0000000743600000, 0x0000000743600000|100%| O|  |TAMS 0x0000000743400000| PB 0x0000000743400000| Untracked 
|  27|0x0000000743600000, 0x0000000743800000, 0x0000000743800000|100%| O|  |TAMS 0x0000000743600000| PB 0x0000000743600000| Untracked 
|  28|0x0000000743800000, 0x0000000743a00000, 0x0000000743a00000|100%| O|  |TAMS 0x0000000743800000| PB 0x0000000743800000| Untracked 
|  29|0x0000000743a00000, 0x0000000743c00000, 0x0000000743c00000|100%| O|  |TAMS 0x0000000743a00000| PB 0x0000000743a00000| Untracked 
|  30|0x0000000743c00000, 0x0000000743e00000, 0x0000000743e00000|100%| O|  |TAMS 0x0000000743c00000| PB 0x0000000743c00000| Untracked 
|  31|0x0000000743e00000, 0x0000000744000000, 0x0000000744000000|100%| O|  |TAMS 0x0000000743e00000| PB 0x0000000743e00000| Untracked 
|  32|0x0000000744000000, 0x0000000744000000, 0x0000000744200000|  0%| F|  |TAMS 0x0000000744000000| PB 0x0000000744000000| Untracked 
|  33|0x0000000744200000, 0x0000000744200000, 0x0000000744400000|  0%| F|  |TAMS 0x0000000744200000| PB 0x0000000744200000| Untracked 
|  34|0x0000000744400000, 0x0000000744400000, 0x0000000744600000|  0%| F|  |TAMS 0x0000000744400000| PB 0x0000000744400000| Untracked 
|  35|0x0000000744600000, 0x0000000744600000, 0x0000000744800000|  0%| F|  |TAMS 0x0000000744600000| PB 0x0000000744600000| Untracked 
|  36|0x0000000744800000, 0x0000000744800000, 0x0000000744a00000|  0%| F|  |TAMS 0x0000000744800000| PB 0x0000000744800000| Untracked 
|  37|0x0000000744a00000, 0x0000000744a00000, 0x0000000744c00000|  0%| F|  |TAMS 0x0000000744a00000| PB 0x0000000744a00000| Untracked 
|  38|0x0000000744c00000, 0x0000000744e00000, 0x0000000744e00000|100%| O|  |TAMS 0x0000000744c00000| PB 0x0000000744c00000| Untracked 
|  39|0x0000000744e00000, 0x0000000745000000, 0x0000000745000000|100%| O|  |TAMS 0x0000000744e00000| PB 0x0000000744e00000| Untracked 
|  40|0x0000000745000000, 0x0000000745200000, 0x0000000745200000|100%| O|  |TAMS 0x0000000745000000| PB 0x0000000745000000| Untracked 
|  41|0x0000000745200000, 0x000000074530e1f0, 0x0000000745400000| 52%| S|CS|TAMS 0x0000000745200000| PB 0x0000000745200000| Complete 
|  42|0x0000000745400000, 0x0000000745600000, 0x0000000745600000|100%| S|CS|TAMS 0x0000000745400000| PB 0x0000000745400000| Complete 
|  43|0x0000000745600000, 0x0000000745600000, 0x0000000745800000|  0%| F|  |TAMS 0x0000000745600000| PB 0x0000000745600000| Untracked 
|  44|0x0000000745800000, 0x0000000745800000, 0x0000000745a00000|  0%| F|  |TAMS 0x0000000745800000| PB 0x0000000745800000| Untracked 
|  45|0x0000000745a00000, 0x0000000745a00000, 0x0000000745c00000|  0%| F|  |TAMS 0x0000000745a00000| PB 0x0000000745a00000| Untracked 
|  46|0x0000000745c00000, 0x0000000745c00000, 0x0000000745e00000|  0%| F|  |TAMS 0x0000000745c00000| PB 0x0000000745c00000| Untracked 
|  47|0x0000000745e00000, 0x0000000745e00000, 0x0000000746000000|  0%| F|  |TAMS 0x0000000745e00000| PB 0x0000000745e00000| Untracked 
|  48|0x0000000746000000, 0x0000000746000000, 0x0000000746200000|  0%| F|  |TAMS 0x0000000746000000| PB 0x0000000746000000| Untracked 
|  49|0x0000000746200000, 0x0000000746200000, 0x0000000746400000|  0%| F|  |TAMS 0x0000000746200000| PB 0x0000000746200000| Untracked 
|  50|0x0000000746400000, 0x0000000746400000, 0x0000000746600000|  0%| F|  |TAMS 0x0000000746400000| PB 0x0000000746400000| Untracked 
|  51|0x0000000746600000, 0x0000000746600000, 0x0000000746800000|  0%| F|  |TAMS 0x0000000746600000| PB 0x0000000746600000| Untracked 
|  52|0x0000000746800000, 0x0000000746800000, 0x0000000746a00000|  0%| F|  |TAMS 0x0000000746800000| PB 0x0000000746800000| Untracked 
|  53|0x0000000746a00000, 0x0000000746a00000, 0x0000000746c00000|  0%| F|  |TAMS 0x0000000746a00000| PB 0x0000000746a00000| Untracked 
|  54|0x0000000746c00000, 0x0000000746c00000, 0x0000000746e00000|  0%| F|  |TAMS 0x0000000746c00000| PB 0x0000000746c00000| Untracked 
|  55|0x0000000746e00000, 0x0000000746e00000, 0x0000000747000000|  0%| F|  |TAMS 0x0000000746e00000| PB 0x0000000746e00000| Untracked 
|  56|0x0000000747000000, 0x0000000747000000, 0x0000000747200000|  0%| F|  |TAMS 0x0000000747000000| PB 0x0000000747000000| Untracked 
|  57|0x0000000747200000, 0x0000000747200000, 0x0000000747400000|  0%| F|  |TAMS 0x0000000747200000| PB 0x0000000747200000| Untracked 
|  58|0x0000000747400000, 0x0000000747400000, 0x0000000747600000|  0%| F|  |TAMS 0x0000000747400000| PB 0x0000000747400000| Untracked 
|  59|0x0000000747600000, 0x0000000747600000, 0x0000000747800000|  0%| F|  |TAMS 0x0000000747600000| PB 0x0000000747600000| Untracked 
|  60|0x0000000747800000, 0x0000000747800000, 0x0000000747a00000|  0%| F|  |TAMS 0x0000000747800000| PB 0x0000000747800000| Untracked 
|  61|0x0000000747a00000, 0x0000000747a00000, 0x0000000747c00000|  0%| F|  |TAMS 0x0000000747a00000| PB 0x0000000747a00000| Untracked 
|  62|0x0000000747c00000, 0x0000000747c00000, 0x0000000747e00000|  0%| F|  |TAMS 0x0000000747c00000| PB 0x0000000747c00000| Untracked 
|  63|0x0000000747e00000, 0x0000000747e00000, 0x0000000748000000|  0%| F|  |TAMS 0x0000000747e00000| PB 0x0000000747e00000| Untracked 
|  64|0x0000000748000000, 0x0000000748000000, 0x0000000748200000|  0%| F|  |TAMS 0x0000000748000000| PB 0x0000000748000000| Untracked 
|  65|0x0000000748200000, 0x0000000748200000, 0x0000000748400000|  0%| F|  |TAMS 0x0000000748200000| PB 0x0000000748200000| Untracked 
|  66|0x0000000748400000, 0x0000000748400000, 0x0000000748600000|  0%| F|  |TAMS 0x0000000748400000| PB 0x0000000748400000| Untracked 
|  67|0x0000000748600000, 0x0000000748600000, 0x0000000748800000|  0%| F|  |TAMS 0x0000000748600000| PB 0x0000000748600000| Untracked 
|  68|0x0000000748800000, 0x0000000748800000, 0x0000000748a00000|  0%| F|  |TAMS 0x0000000748800000| PB 0x0000000748800000| Untracked 
|  69|0x0000000748a00000, 0x0000000748a00000, 0x0000000748c00000|  0%| F|  |TAMS 0x0000000748a00000| PB 0x0000000748a00000| Untracked 
|  70|0x0000000748c00000, 0x0000000748c00000, 0x0000000748e00000|  0%| F|  |TAMS 0x0000000748c00000| PB 0x0000000748c00000| Untracked 
|  71|0x0000000748e00000, 0x0000000748e00000, 0x0000000749000000|  0%| F|  |TAMS 0x0000000748e00000| PB 0x0000000748e00000| Untracked 
|  72|0x0000000749000000, 0x0000000749000000, 0x0000000749200000|  0%| F|  |TAMS 0x0000000749000000| PB 0x0000000749000000| Untracked 
|  73|0x0000000749200000, 0x0000000749200000, 0x0000000749400000|  0%| F|  |TAMS 0x0000000749200000| PB 0x0000000749200000| Untracked 
|  74|0x0000000749400000, 0x0000000749400000, 0x0000000749600000|  0%| F|  |TAMS 0x0000000749400000| PB 0x0000000749400000| Untracked 
|  75|0x0000000749600000, 0x0000000749600000, 0x0000000749800000|  0%| F|  |TAMS 0x0000000749600000| PB 0x0000000749600000| Untracked 
|  76|0x0000000749800000, 0x0000000749800000, 0x0000000749a00000|  0%| F|  |TAMS 0x0000000749800000| PB 0x0000000749800000| Untracked 
|  77|0x0000000749a00000, 0x0000000749a00000, 0x0000000749c00000|  0%| F|  |TAMS 0x0000000749a00000| PB 0x0000000749a00000| Untracked 
|1534|0x00000007ffc00000, 0x00000007ffe00000, 0x00000007ffe00000|100%| O|  |TAMS 0x00000007ffc00000| PB 0x00000007ffc00000| Untracked 
|1535|0x00000007ffe00000, 0x0000000800000000, 0x0000000800000000|100%| O|  |TAMS 0x00000007ffe00000| PB 0x00000007ffe00000| Untracked 

Card table byte_map: [0x0000027cdd680000,0x0000027cddc80000] _byte_map_base: 0x0000027cd9c80000

Marking Bits: (CMBitMap*) 0x0000027cc5470150
 Bits: [0x0000027cddc80000, 0x0000027ce0c80000)

Polling page: 0x0000027cc4a00000

Metaspace:

Usage:
  Non-class:     45.46 MB used.
      Class:      7.62 MB used.
       Both:     53.07 MB used.

Virtual space:
  Non-class space:       64.00 MB reserved,      46.25 MB ( 72%) committed,  1 nodes.
      Class space:        1.00 GB reserved,       8.44 MB ( <1%) committed,  1 nodes.
             Both:        1.06 GB reserved,      54.69 MB (  5%) committed. 

Chunk freelists:
   Non-Class:  848.00 KB
       Class:  7.55 MB
        Both:  8.38 MB

MaxMetaspaceSize: unlimited
CompressedClassSpaceSize: 1.00 GB
Initial GC threshold: 21.00 MB
Current GC threshold: 90.94 MB
CDS: on
 - commit_granule_bytes: 65536.
 - commit_granule_words: 8192.
 - virtual_space_node_default_size: 8388608.
 - enlarge_chunks_in_place: 1.
 - use_allocation_guard: 0.


Internal statistics:

num_allocs_failed_limit: 3.
num_arena_births: 2906.
num_arena_deaths: 4.
num_vsnodes_births: 2.
num_vsnodes_deaths: 0.
num_space_committed: 875.
num_space_uncommitted: 0.
num_chunks_returned_to_freelist: 9.
num_chunks_taken_from_freelist: 5439.
num_chunk_merges: 3.
num_chunk_splits: 3506.
num_chunks_enlarged: 2144.
num_inconsistent_stats: 0.

CodeHeap 'non-profiled nmethods': size=120000Kb used=3941Kb max_used=3948Kb free=116059Kb
 bounds [0x0000027cd5600000, 0x0000027cd5a20000, 0x0000027cdcb30000]
CodeHeap 'profiled nmethods': size=120000Kb used=12882Kb max_used=13025Kb free=107117Kb
 bounds [0x0000027ccdb30000, 0x0000027cce800000, 0x0000027cd5060000]
CodeHeap 'non-nmethods': size=5760Kb used=2604Kb max_used=2722Kb free=3155Kb
 bounds [0x0000027cd5060000, 0x0000027cd5320000, 0x0000027cd5600000]
CodeCache: size=245760Kb, used=19427Kb, max_used=19695Kb, free=226331Kb
 total_blobs=7846, nmethods=6973, adapters=777, full_count=0
Compilation: enabled, stopped_count=0, restarted_count=0

Compilation events (20 events):
Event: 7.824 Thread 0x0000027ce38d3f90 nmethod 8354 0x0000027cce577410 code [0x0000027cce5775e0, 0x0000027cce5777f0]
Event: 7.824 Thread 0x0000027ce38d3f90 8355       2       java.lang.AbstractStringBuilder::append (70 bytes)
Event: 7.824 Thread 0x0000027ce38d3f90 nmethod 8355 0x0000027cce23e610 code [0x0000027cce23e800, 0x0000027cce23ea90]
Event: 7.826 Thread 0x0000027ce38d3f90 8364       2       org.objectweb.asm.commons.CodeSizeEvaluator::<init> (8 bytes)
Event: 7.826 Thread 0x0000027ce38d3f90 nmethod 8364 0x0000027cce194110 code [0x0000027cce1942c0, 0x0000027cce1943e8]
Event: 7.826 Thread 0x0000027ce38d3f90 8365       2       org.objectweb.asm.commons.CodeSizeEvaluator::<init> (7 bytes)
Event: 7.826 Thread 0x0000027ce38d3f90 nmethod 8365 0x0000027cce10e890 code [0x0000027cce10ea40, 0x0000027cce10eb60]
Event: 7.833 Thread 0x0000027ce38d3f90 8366       3       org.objectweb.asm.MethodVisitor::visitTableSwitchInsn (20 bytes)
Event: 7.833 Thread 0x0000027ce38d3f90 nmethod 8366 0x0000027cce23df90 code [0x0000027cce23e140, 0x0000027cce23e348]
Event: 7.837 Thread 0x0000027ce38d5400 nmethod 7730 0x0000027cd5899490 code [0x0000027cd58996a0, 0x0000027cd589a6b8]
Event: 7.837 Thread 0x0000027ce38d5400 8348       4       org.objectweb.asm.ByteVector::encodeUtf8 (337 bytes)
Event: 7.845 Thread 0x0000027ce38d3f90 8367       2       org.objectweb.asm.tree.MethodNode::visitTypeInsn (17 bytes)
Event: 7.845 Thread 0x0000027ce38d3f90 nmethod 8367 0x0000027cce23d290 code [0x0000027cce23d440, 0x0000027cce23d650]
Event: 7.845 Thread 0x0000027ce38d3f90 8369       2       org.objectweb.asm.tree.MethodNode::visitJumpInsn (21 bytes)
Event: 7.845 Thread 0x0000027ce38d3f90 nmethod 8369 0x0000027cce23ca90 code [0x0000027cce23cc60, 0x0000027cce23cfe8]
Event: 7.845 Thread 0x0000027ce38d3f90 8370       2       org.objectweb.asm.tree.JumpInsnNode::<init> (11 bytes)
Event: 7.845 Thread 0x0000027ce38d3f90 nmethod 8370 0x0000027cce5ec790 code [0x0000027cce5ec920, 0x0000027cce5eca88]
Event: 7.845 Thread 0x0000027ce38d3f90 8368       2       org.objectweb.asm.tree.TypeInsnNode::<init> (11 bytes)
Event: 7.846 Thread 0x0000027ce38d3f90 nmethod 8368 0x0000027cce5ec410 code [0x0000027cce5ec5a0, 0x0000027cce5ec708]
Event: 7.846 Thread 0x0000027ce38d3f90 8371       2       org.objectweb.asm.tree.MethodNode::visitFrame (47 bytes)

GC Heap History (20 events):
Event: 5.455 GC heap after
{Heap after GC invocations=14 (full 0):
 garbage-first heap   total 118784K, used 58647K [0x0000000740000000, 0x0000000800000000)
  region size 2048K, 2 young (4096K), 2 survivors (4096K)
 Metaspace       used 44019K, committed 45120K, reserved 1114112K
  class space    used 6211K, committed 6720K, reserved 1048576K
}
Event: 5.872 GC heap before
{Heap before GC invocations=14 (full 0):
 garbage-first heap   total 118784K, used 105751K [0x0000000740000000, 0x0000000800000000)
  region size 2048K, 25 young (51200K), 2 survivors (4096K)
 Metaspace       used 47071K, committed 48448K, reserved 1114112K
  class space    used 6722K, committed 7360K, reserved 1048576K
}
Event: 5.876 GC heap after
{Heap after GC invocations=15 (full 0):
 garbage-first heap   total 118784K, used 60142K [0x0000000740000000, 0x0000000800000000)
  region size 2048K, 3 young (6144K), 3 survivors (6144K)
 Metaspace       used 47071K, committed 48448K, reserved 1114112K
  class space    used 6722K, committed 7360K, reserved 1048576K
}
Event: 6.481 GC heap before
{Heap before GC invocations=16 (full 0):
 garbage-first heap   total 118784K, used 107246K [0x0000000740000000, 0x0000000800000000)
  region size 2048K, 26 young (53248K), 3 survivors (6144K)
 Metaspace       used 52218K, committed 53952K, reserved 1114112K
  class space    used 7595K, committed 8448K, reserved 1048576K
}
Event: 6.486 GC heap after
{Heap after GC invocations=17 (full 0):
 garbage-first heap   total 118784K, used 62540K [0x0000000740000000, 0x0000000800000000)
  region size 2048K, 3 young (6144K), 3 survivors (6144K)
 Metaspace       used 52218K, committed 53952K, reserved 1114112K
  class space    used 7595K, committed 8448K, reserved 1048576K
}
Event: 6.570 GC heap before
{Heap before GC invocations=17 (full 0):
 garbage-first heap   total 118784K, used 107596K [0x0000000740000000, 0x0000000800000000)
  region size 2048K, 25 young (51200K), 3 survivors (6144K)
 Metaspace       used 52519K, committed 54144K, reserved 1114112K
  class space    used 7644K, committed 8448K, reserved 1048576K
}
Event: 6.576 GC heap after
{Heap after GC invocations=18 (full 0):
 garbage-first heap   total 120832K, used 64641K [0x0000000740000000, 0x0000000800000000)
  region size 2048K, 3 young (6144K), 3 survivors (6144K)
 Metaspace       used 52519K, committed 54144K, reserved 1114112K
  class space    used 7644K, committed 8448K, reserved 1048576K
}
Event: 6.641 GC heap before
{Heap before GC invocations=18 (full 0):
 garbage-first heap   total 120832K, used 107649K [0x0000000740000000, 0x0000000800000000)
  region size 2048K, 25 young (51200K), 3 survivors (6144K)
 Metaspace       used 52634K, committed 54336K, reserved 1114112K
  class space    used 7658K, committed 8512K, reserved 1048576K
}
Event: 6.644 GC heap after
{Heap after GC invocations=19 (full 0):
 garbage-first heap   total 163840K, used 65832K [0x0000000740000000, 0x0000000800000000)
  region size 2048K, 2 young (4096K), 2 survivors (4096K)
 Metaspace       used 52634K, committed 54336K, reserved 1114112K
  class space    used 7658K, committed 8512K, reserved 1048576K
}
Event: 7.099 GC heap before
{Heap before GC invocations=20 (full 0):
 garbage-first heap   total 163840K, used 147752K [0x0000000740000000, 0x0000000800000000)
  region size 2048K, 42 young (86016K), 2 survivors (4096K)
 Metaspace       used 53857K, committed 55488K, reserved 1114112K
  class space    used 7781K, committed 8576K, reserved 1048576K
}
Event: 7.107 GC heap after
{Heap after GC invocations=21 (full 0):
 garbage-first heap   total 163840K, used 74099K [0x0000000740000000, 0x0000000800000000)
  region size 2048K, 6 young (12288K), 6 survivors (12288K)
 Metaspace       used 53857K, committed 55488K, reserved 1114112K
  class space    used 7781K, committed 8576K, reserved 1048576K
}
Event: 7.294 GC heap before
{Heap before GC invocations=21 (full 0):
 garbage-first heap   total 163840K, used 145779K [0x0000000740000000, 0x0000000800000000)
  region size 2048K, 41 young (83968K), 6 survivors (12288K)
 Metaspace       used 54125K, committed 55744K, reserved 1114112K
  class space    used 7798K, committed 8576K, reserved 1048576K
}
Event: 7.302 GC heap after
{Heap after GC invocations=22 (full 0):
 garbage-first heap   total 163840K, used 75122K [0x0000000740000000, 0x0000000800000000)
  region size 2048K, 2 young (4096K), 2 survivors (4096K)
 Metaspace       used 54125K, committed 55744K, reserved 1114112K
  class space    used 7798K, committed 8576K, reserved 1048576K
}
Event: 7.428 GC heap before
{Heap before GC invocations=22 (full 0):
 garbage-first heap   total 163840K, used 144754K [0x0000000740000000, 0x0000000800000000)
  region size 2048K, 37 young (75776K), 2 survivors (4096K)
 Metaspace       used 54191K, committed 55808K, reserved 1114112K
  class space    used 7798K, committed 8576K, reserved 1048576K
}
Event: 7.430 GC heap after
{Heap after GC invocations=23 (full 0):
 garbage-first heap   total 163840K, used 74889K [0x0000000740000000, 0x0000000800000000)
  region size 2048K, 2 young (4096K), 2 survivors (4096K)
 Metaspace       used 54191K, committed 55808K, reserved 1114112K
  class space    used 7798K, committed 8576K, reserved 1048576K
}
Event: 7.568 GC heap before
{Heap before GC invocations=23 (full 0):
 garbage-first heap   total 163840K, used 146569K [0x0000000740000000, 0x0000000800000000)
  region size 2048K, 38 young (77824K), 2 survivors (4096K)
 Metaspace       used 54238K, committed 55808K, reserved 1114112K
  class space    used 7798K, committed 8576K, reserved 1048576K
}
Event: 7.571 GC heap after
{Heap after GC invocations=24 (full 0):
 garbage-first heap   total 163840K, used 75141K [0x0000000740000000, 0x0000000800000000)
  region size 2048K, 2 young (4096K), 2 survivors (4096K)
 Metaspace       used 54238K, committed 55808K, reserved 1114112K
  class space    used 7798K, committed 8576K, reserved 1048576K
}
Event: 7.732 GC heap before
{Heap before GC invocations=25 (full 0):
 garbage-first heap   total 163840K, used 148869K [0x0000000740000000, 0x0000000800000000)
  region size 2048K, 39 young (79872K), 2 survivors (4096K)
 Metaspace       used 54311K, committed 55936K, reserved 1114112K
  class space    used 7798K, committed 8576K, reserved 1048576K
}
Event: 7.736 GC heap after
{Heap after GC invocations=26 (full 0):
 garbage-first heap   total 163840K, used 78969K [0x0000000740000000, 0x0000000800000000)
  region size 2048K, 4 young (8192K), 4 survivors (8192K)
 Metaspace       used 54311K, committed 55936K, reserved 1114112K
  class space    used 7798K, committed 8576K, reserved 1048576K
}
Event: 7.846 GC heap before
{Heap before GC invocations=26 (full 0):
 garbage-first heap   total 163840K, used 150649K [0x0000000740000000, 0x0000000800000000)
  region size 2048K, 39 young (79872K), 4 survivors (8192K)
 Metaspace       used 54348K, committed 56000K, reserved 1114112K
  class space    used 7799K, committed 8640K, reserved 1048576K
}

Dll operation events (15 events):
Event: 0.006 Loaded shared library C:\Users\USER\AppData\Local\Programs\Eclipse Adoptium\jdk-21.0.11.10-hotspot\bin\java.dll
Event: 0.031 Loaded shared library C:\Users\USER\AppData\Local\Programs\Eclipse Adoptium\jdk-21.0.11.10-hotspot\bin\jsvml.dll
Event: 0.061 Loaded shared library C:\Users\USER\AppData\Local\Programs\Eclipse Adoptium\jdk-21.0.11.10-hotspot\bin\zip.dll
Event: 0.064 Loaded shared library C:\Users\USER\AppData\Local\Programs\Eclipse Adoptium\jdk-21.0.11.10-hotspot\bin\instrument.dll
Event: 0.067 Loaded shared library C:\Users\USER\AppData\Local\Programs\Eclipse Adoptium\jdk-21.0.11.10-hotspot\bin\net.dll
Event: 0.069 Loaded shared library C:\Users\USER\AppData\Local\Programs\Eclipse Adoptium\jdk-21.0.11.10-hotspot\bin\nio.dll
Event: 0.071 Loaded shared library C:\Users\USER\AppData\Local\Programs\Eclipse Adoptium\jdk-21.0.11.10-hotspot\bin\zip.dll
Event: 0.307 Loaded shared library C:\Users\USER\AppData\Local\Programs\Eclipse Adoptium\jdk-21.0.11.10-hotspot\bin\jimage.dll
Event: 0.407 Loaded shared library C:\Users\USER\AppData\Local\Programs\Eclipse Adoptium\jdk-21.0.11.10-hotspot\bin\verify.dll
Event: 0.473 Loaded shared library C:\Users\USER\.gradle\native\1def1411415f61bf3af743bc5b6707747c0891f09f0c88961ee8f79bc544acac\windows-amd64\native-platform.dll
Event: 0.496 Loaded shared library C:\Users\USER\.gradle\native\0.2.7\x86_64-windows-gnu\gradle-fileevents.dll
Event: 1.286 Loaded shared library C:\Users\USER\AppData\Local\Programs\Eclipse Adoptium\jdk-21.0.11.10-hotspot\bin\management.dll
Event: 1.288 Loaded shared library C:\Users\USER\AppData\Local\Programs\Eclipse Adoptium\jdk-21.0.11.10-hotspot\bin\management_ext.dll
Event: 1.374 Loaded shared library C:\Users\USER\AppData\Local\Programs\Eclipse Adoptium\jdk-21.0.11.10-hotspot\bin\extnet.dll
Event: 1.534 Loaded shared library C:\Users\USER\AppData\Local\Programs\Eclipse Adoptium\jdk-21.0.11.10-hotspot\bin\sunmscapi.dll

Deoptimization events (20 events):
Event: 7.285 Thread 0x0000027cebbae5c0 DEOPT PACKING pc=0x0000027cd5945e40 sp=0x0000007db0ffa1f0
Event: 7.285 Thread 0x0000027cebbae5c0 DEOPT UNPACKING pc=0x0000027cd50b4422 sp=0x0000007db0ffa1d0 mode 2
Event: 7.480 Thread 0x0000027ceacc8380 DEOPT PACKING pc=0x0000027cce6a1e73 sp=0x0000007db10fada0
Event: 7.480 Thread 0x0000027ceacc8380 DEOPT UNPACKING pc=0x0000027cd50b4bc2 sp=0x0000007db10fa3f0 mode 0
Event: 7.817 Thread 0x0000027ceb9265f0 DEOPT PACKING pc=0x0000027ccdc0c2c6 sp=0x0000007db0bf9ea0
Event: 7.817 Thread 0x0000027ceb9265f0 DEOPT UNPACKING pc=0x0000027cd50b4bc2 sp=0x0000007db0bf9388 mode 0
Event: 7.820 Thread 0x0000027ceb9265f0 DEOPT PACKING pc=0x0000027ccdc0c2c6 sp=0x0000007db0bf9ea0
Event: 7.820 Thread 0x0000027ceb9265f0 DEOPT UNPACKING pc=0x0000027cd50b4bc2 sp=0x0000007db0bf9388 mode 0
Event: 7.827 Thread 0x0000027ceb9265f0 DEOPT PACKING pc=0x0000027ccdc0c2c6 sp=0x0000007db0bf9ea0
Event: 7.827 Thread 0x0000027ceb9265f0 DEOPT UNPACKING pc=0x0000027cd50b4bc2 sp=0x0000007db0bf9388 mode 0
Event: 7.833 Thread 0x0000027ceb9265f0 DEOPT PACKING pc=0x0000027ccdc0c2c6 sp=0x0000007db0bf9ea0
Event: 7.833 Thread 0x0000027ceb9265f0 DEOPT UNPACKING pc=0x0000027cd50b4bc2 sp=0x0000007db0bf9388 mode 0
Event: 7.835 Thread 0x0000027ceacc8380 DEOPT PACKING pc=0x0000027ccdc0c2c6 sp=0x0000007db10fa280
Event: 7.835 Thread 0x0000027ceacc8380 DEOPT UNPACKING pc=0x0000027cd50b4bc2 sp=0x0000007db10f9768 mode 0
Event: 7.836 Thread 0x0000027ceb9265f0 DEOPT PACKING pc=0x0000027ccdc0c2c6 sp=0x0000007db0bf9ea0
Event: 7.836 Thread 0x0000027ceb9265f0 DEOPT UNPACKING pc=0x0000027cd50b4bc2 sp=0x0000007db0bf9388 mode 0
Event: 7.845 Thread 0x0000027ceb9265f0 Uncommon trap: trap_request=0xffffff76 fr.pc=0x0000027cd575c6b8 relative=0x00000000000002d8
Event: 7.845 Thread 0x0000027ceb9265f0 Uncommon trap: reason=predicate action=maybe_recompile pc=0x0000027cd575c6b8 method=org.objectweb.asm.Label.accept(Lorg/objectweb/asm/MethodVisitor;Z)V @ 48 c2
Event: 7.845 Thread 0x0000027ceb9265f0 DEOPT PACKING pc=0x0000027cd575c6b8 sp=0x0000007db0bf9290
Event: 7.845 Thread 0x0000027ceb9265f0 DEOPT UNPACKING pc=0x0000027cd50b4422 sp=0x0000007db0bf9218 mode 2

Classes loaded (20 events):
Event: 6.431 Loading class sun/reflect/ReflectionFactory$1
Event: 6.431 Loading class sun/reflect/ReflectionFactory$1 done
Event: 6.481 Loading class java/util/zip/ZipFile$ZipEntryIterator
Event: 6.481 Loading class java/util/zip/ZipFile$ZipEntryIterator done
Event: 6.489 Loading class java/util/zip/ZipInputStream
Event: 6.489 Loading class java/util/zip/ZipInputStream done
Event: 7.008 Loading class java/nio/charset/UnsupportedCharsetException
Event: 7.008 Loading class java/nio/charset/UnsupportedCharsetException done
Event: 7.013 Loading class java/util/Collections$UnmodifiableSortedMap
Event: 7.013 Loading class java/util/Collections$UnmodifiableSortedMap done
Event: 7.017 Loading class java/util/zip/Deflater
Event: 7.018 Loading class java/util/zip/Deflater done
Event: 7.019 Loading class java/util/zip/Deflater$DeflaterZStreamRef
Event: 7.019 Loading class java/util/zip/Deflater$DeflaterZStreamRef done
Event: 7.055 Loading class java/nio/StringCharBuffer
Event: 7.055 Loading class java/nio/StringCharBuffer done
Event: 7.062 Loading class java/security/Key
Event: 7.062 Loading class java/security/Key done
Event: 7.706 Loading class java/lang/foreign/MemorySegment
Event: 7.707 Loading class java/lang/foreign/MemorySegment done

Classes unloaded (5 events):
Event: 5.897 Thread 0x0000027ce389c720 Unloading class 0x0000027c815f0538 '_BuildScript_$_run_closure1'
Event: 5.897 Thread 0x0000027ce389c720 Unloading class 0x0000027c815f0000 '_BuildScript_'
Event: 6.670 Thread 0x0000027ce389c720 Unloading class 0x0000027c816b8928 '_BuildScript_$_run_closure1$_closure2'
Event: 6.670 Thread 0x0000027ce389c720 Unloading class 0x0000027c816b8538 '_BuildScript_$_run_closure1'
Event: 6.670 Thread 0x0000027ce389c720 Unloading class 0x0000027c816b8000 '_BuildScript_'

Classes redefined (0 events):
No events

Internal exceptions (20 events):
Event: 7.010 Thread 0x0000027cebbae5c0 Exception <a 'sun/nio/fs/WindowsException'{0x00000007458e3818}> (0x00000007458e3818) 
thrown [s\src\hotspot\share\prims\jni.cpp, line 520]
Event: 7.012 Thread 0x0000027ceb91f660 Exception <a 'sun/nio/fs/WindowsException'{0x000000074591ee98}> (0x000000074591ee98) 
thrown [s\src\hotspot\share\prims\jni.cpp, line 520]
Event: 7.022 Thread 0x0000027cea93d910 Exception <a 'sun/nio/fs/WindowsException'{0x0000000745bfec48}> (0x0000000745bfec48) 
thrown [s\src\hotspot\share\prims\jni.cpp, line 520]
Event: 7.022 Thread 0x0000027cebbb1a40 Exception <a 'sun/nio/fs/WindowsException'{0x0000000745891de0}> (0x0000000745891de0) 
thrown [s\src\hotspot\share\prims\jni.cpp, line 520]
Event: 7.027 Thread 0x0000027cea1e2010 Exception <a 'sun/nio/fs/WindowsException'{0x000000074707d578}> (0x000000074707d578) 
thrown [s\src\hotspot\share\prims\jni.cpp, line 520]
Event: 7.030 Thread 0x0000027ceb923170 Exception <a 'sun/nio/fs/WindowsException'{0x0000000745739600}> (0x0000000745739600) 
thrown [s\src\hotspot\share\prims\jni.cpp, line 520]
Event: 7.042 Thread 0x0000027ceb9265f0 Exception <a 'sun/nio/fs/WindowsException'{0x00000007457a1a30}> (0x00000007457a1a30) 
thrown [s\src\hotspot\share\prims\jni.cpp, line 520]
Event: 7.221 Thread 0x0000027ceacc8380 Exception <a 'sun/nio/fs/WindowsException'{0x000000074774def0}> (0x000000074774def0) 
thrown [s\src\hotspot\share\prims\jni.cpp, line 520]
Event: 7.235 Thread 0x0000027cea1e2010 Exception <a 'sun/nio/fs/WindowsException'{0x00000007498cb160}> (0x00000007498cb160) 
thrown [s\src\hotspot\share\prims\jni.cpp, line 520]
Event: 7.270 Thread 0x0000027ceb923e90 Exception <a 'sun/nio/fs/WindowsException'{0x00000007464df3b0}> (0x00000007464df3b0) 
thrown [s\src\hotspot\share\prims\jni.cpp, line 520]
Event: 7.334 Thread 0x0000027ceb923170 Exception <a 'sun/nio/fs/WindowsException'{0x00000007495c4b08}> (0x00000007495c4b08) 
thrown [s\src\hotspot\share\prims\jni.cpp, line 520]
Event: 7.347 Thread 0x0000027ceb9258d0 Exception <a 'sun/nio/fs/WindowsException'{0x000000074982e038}> (0x000000074982e038) 
thrown [s\src\hotspot\share\prims\jni.cpp, line 520]
Event: 7.394 Thread 0x0000027ceb91f660 Exception <a 'sun/nio/fs/WindowsException'{0x00000007470eb4d8}> (0x00000007470eb4d8) 
thrown [s\src\hotspot\share\prims\jni.cpp, line 520]
Event: 7.394 Thread 0x0000027ceacc8380 Exception <a 'sun/nio/fs/WindowsException'{0x0000000746f7d0c8}> (0x0000000746f7d0c8) 
thrown [s\src\hotspot\share\prims\jni.cpp, line 520]
Event: 7.460 Thread 0x0000027ceb91efd0 Exception <a 'sun/nio/fs/WindowsException'{0x0000000749aeb080}> (0x0000000749aeb080) 
thrown [s\src\hotspot\share\prims\jni.cpp, line 520]
Event: 7.492 Thread 0x0000027ceb923e90 Exception <a 'sun/nio/fs/WindowsException'{0x00000007478adf88}> (0x00000007478adf88) 
thrown [s\src\hotspot\share\prims\jni.cpp, line 520]
Event: 7.511 Thread 0x0000027cebbaf2e0 Exception <a 'sun/nio/fs/WindowsException'{0x00000007476eb5c0}> (0x00000007476eb5c0) 
thrown [s\src\hotspot\share\prims\jni.cpp, line 520]
Event: 7.530 Thread 0x0000027ceb923e90 Exception <a 'sun/nio/fs/WindowsException'{0x0000000746a56fa0}> (0x0000000746a56fa0) 
thrown [s\src\hotspot\share\prims\jni.cpp, line 520]
Event: 7.535 Thread 0x0000027cebbae5c0 Exception <a 'sun/nio/fs/WindowsException'{0x0000000746fc9840}> (0x0000000746fc9840) 
thrown [s\src\hotspot\share\prims\jni.cpp, line 520]
Event: 7.601 Thread 0x0000027cea93d910 Exception <a 'sun/nio/fs/WindowsException'{0x0000000749a489d8}> (0x0000000749a489d8) 
thrown [s\src\hotspot\share\prims\jni.cpp, line 520]

ZGC Phase Switch (0 events):
No events

VM Operations (20 events):
Event: 7.057 Executing non-safepoint VM operation: HandshakeAllThreads (Deoptimize) done
Event: 7.091 Executing safepoint VM operation: ICBufferFull
Event: 7.091 Executing safepoint VM operation: ICBufferFull done
Event: 7.099 Executing safepoint VM operation: G1CollectForAllocation (G1 Evacuation Pause)
Event: 7.107 Executing safepoint VM operation: G1CollectForAllocation (G1 Evacuation Pause) done
Event: 7.113 Executing non-safepoint VM operation: HandshakeAllThreads (Deoptimize)
Event: 7.114 Executing non-safepoint VM operation: HandshakeAllThreads (Deoptimize) done
Event: 7.294 Executing safepoint VM operation: G1CollectForAllocation (G1 Evacuation Pause)
Event: 7.302 Executing safepoint VM operation: G1CollectForAllocation (G1 Evacuation Pause) done
Event: 7.428 Executing safepoint VM operation: G1CollectForAllocation (G1 Evacuation Pause)
Event: 7.430 Executing safepoint VM operation: G1CollectForAllocation (G1 Evacuation Pause) done
Event: 7.568 Executing safepoint VM operation: G1CollectForAllocation (G1 Evacuation Pause)
Event: 7.571 Executing safepoint VM operation: G1CollectForAllocation (G1 Evacuation Pause) done
Event: 7.615 Executing safepoint VM operation: G1PauseRemark
Event: 7.619 Executing safepoint VM operation: G1PauseRemark done
Event: 7.630 Executing safepoint VM operation: G1PauseCleanup
Event: 7.630 Executing safepoint VM operation: G1PauseCleanup done
Event: 7.732 Executing safepoint VM operation: G1CollectForAllocation (G1 Evacuation Pause)
Event: 7.736 Executing safepoint VM operation: G1CollectForAllocation (G1 Evacuation Pause) done
Event: 7.846 Executing safepoint VM operation: G1CollectForAllocation (G1 Evacuation Pause)

Memory protections (0 events):
No events

Nmethod flushes (20 events):
Event: 7.619 Thread 0x0000027ce389c720 flushing  nmethod 0x0000027ccdc8f790
Event: 7.619 Thread 0x0000027ce389c720 flushing  nmethod 0x0000027ccdc8fc90
Event: 7.619 Thread 0x0000027ce389c720 flushing  nmethod 0x0000027ccdc90d10
Event: 7.619 Thread 0x0000027ce389c720 flushing  nmethod 0x0000027ccddd4310
Event: 7.619 Thread 0x0000027ce389c720 flushing  nmethod 0x0000027ccddd6810
Event: 7.619 Thread 0x0000027ce389c720 flushing  nmethod 0x0000027cce017d90
Event: 7.619 Thread 0x0000027ce389c720 flushing  nmethod 0x0000027cce10dd10
Event: 7.619 Thread 0x0000027ce389c720 flushing  nmethod 0x0000027cce10e890
Event: 7.619 Thread 0x0000027ce389c720 flushing  nmethod 0x0000027cce23ca90
Event: 7.619 Thread 0x0000027ce389c720 flushing  nmethod 0x0000027cce23df90
Event: 7.619 Thread 0x0000027ce389c720 flushing  nmethod 0x0000027cce23e390
Event: 7.619 Thread 0x0000027ce389c720 flushing  nmethod 0x0000027cce23f090
Event: 7.619 Thread 0x0000027ce389c720 flushing  nmethod 0x0000027cce31cf10
Event: 7.619 Thread 0x0000027ce389c720 flushing  nmethod 0x0000027cce51f710
Event: 7.619 Thread 0x0000027ce389c720 flushing  nmethod 0x0000027cce5ed210
Event: 7.619 Thread 0x0000027ce389c720 flushing  nmethod 0x0000027cce5ee710
Event: 7.619 Thread 0x0000027ce389c720 flushing  nmethod 0x0000027cce5efb10
Event: 7.619 Thread 0x0000027ce389c720 flushing  nmethod 0x0000027cce5f0b90
Event: 7.619 Thread 0x0000027ce389c720 flushing  nmethod 0x0000027cce5f2710
Event: 7.619 Thread 0x0000027ce389c720 flushing  nmethod 0x0000027cce5f3410

Events (20 events):
Event: 6.455 Thread 0x0000027cea1e2010 Thread added: 0x0000027ceb91fcf0
Event: 6.455 Thread 0x0000027cea1e2010 Thread added: 0x0000027ceb923800
Event: 6.455 Thread 0x0000027cea1e2010 Thread added: 0x0000027ceb925240
Event: 6.462 Thread 0x0000027cea1e2010 Thread added: 0x0000027ceb924bb0
Event: 6.469 Thread 0x0000027cea1e2010 Thread added: 0x0000027ceb921730
Event: 6.496 Thread 0x0000027cea1e2010 Thread added: 0x0000027ceb921dc0
Event: 6.506 Thread 0x0000027cea1e2010 Thread added: 0x0000027ceb920380
Event: 6.511 Thread 0x0000027cea1e2010 Thread added: 0x0000027ceb920a10
Event: 6.512 Thread 0x0000027cea1e2010 Thread added: 0x0000027ceb922450
Event: 6.750 Thread 0x0000027cea1e2010 Thread added: 0x0000027ceb923e90
Event: 6.751 Thread 0x0000027cea1e2010 Thread added: 0x0000027ceb923170
Event: 6.752 Thread 0x0000027cea1e2010 Thread added: 0x0000027ceb9258d0
Event: 6.752 Thread 0x0000027cea1e2010 Thread added: 0x0000027ceb91efd0
Event: 6.753 Thread 0x0000027cea1e2010 Thread added: 0x0000027ceb9265f0
Event: 6.754 Thread 0x0000027cea1e2010 Thread added: 0x0000027ceb91f660
Event: 6.755 Thread 0x0000027cea1e2010 Thread added: 0x0000027cebbaf2e0
Event: 6.756 Thread 0x0000027cea1e2010 Thread added: 0x0000027cebbb1a40
Event: 6.756 Thread 0x0000027cea1e2010 Thread added: 0x0000027cebbae5c0
Event: 6.757 Thread 0x0000027cea1e2010 Thread added: 0x0000027ceacc8380
Event: 6.757 Thread 0x0000027cea1e2010 Thread added: 0x0000027cea93d910


Dynamic libraries:
0x00007ff776db0000 - 0x00007ff776dbe000 	C:\Users\USER\AppData\Local\Programs\Eclipse Adoptium\jdk-21.0.11.10-hotspot\bin\java.exe
0x00007ffdf5ef0000 - 0x00007ffdf60e8000 	C:\Windows\SYSTEM32\ntdll.dll
0x00007ffdf5c00000 - 0x00007ffdf5cc2000 	C:\Windows\System32\KERNEL32.DLL
0x00007ffdf3c10000 - 0x00007ffdf3f06000 	C:\Windows\System32\KERNELBASE.dll
0x00007ffdf3720000 - 0x00007ffdf3820000 	C:\Windows\System32\ucrtbase.dll
0x00007ffdbc9b0000 - 0x00007ffdbc9ce000 	C:\Users\USER\AppData\Local\Programs\Eclipse Adoptium\jdk-21.0.11.10-hotspot\bin\VCRUNTIME140.dll
0x00007ffdbded0000 - 0x00007ffdbdee8000 	C:\Users\USER\AppData\Local\Programs\Eclipse Adoptium\jdk-21.0.11.10-hotspot\bin\jli.dll
0x00007ffdf4090000 - 0x00007ffdf4231000 	C:\Windows\System32\USER32.dll
0x00007ffde72e0000 - 0x00007ffde757b000 	C:\Windows\WinSxS\amd64_microsoft.windows.common-controls_6595b64144ccf1df_6.0.19041.6456_none_60b8a6cb71f64256\COMCTL32.dll
0x00007ffdf3a30000 - 0x00007ffdf3a52000 	C:\Windows\System32\win32u.dll
0x00007ffdf5cd0000 - 0x00007ffdf5d6e000 	C:\Windows\System32\msvcrt.dll
0x00007ffdf4d50000 - 0x00007ffdf4d7b000 	C:\Windows\System32\GDI32.dll
0x00007ffdf3600000 - 0x00007ffdf3719000 	C:\Windows\System32\gdi32full.dll
0x00007ffdf3850000 - 0x00007ffdf38ed000 	C:\Windows\System32\msvcp_win.dll
0x00007ffdf5350000 - 0x00007ffdf537f000 	C:\Windows\System32\IMM32.DLL
0x00007ffdf3370000 - 0x00007ffdf33bb000 	C:\Windows\SYSTEM32\AvCNG.dll
0x00007ffdf4c90000 - 0x00007ffdf4d41000 	C:\Windows\System32\ADVAPI32.dll
0x00007ffdf4f50000 - 0x00007ffdf4fef000 	C:\Windows\System32\sechost.dll
0x00007ffdf4d80000 - 0x00007ffdf4ea0000 	C:\Windows\System32\RPCRT4.dll
0x00007ffdf3820000 - 0x00007ffdf3847000 	C:\Windows\System32\bcrypt.dll
0x00007ffdf3220000 - 0x00007ffdf32b5000 	C:\Program Files\Common Files\Avest\Avest CSP\avsspc.dll
0x00007ffdf5ba0000 - 0x00007ffdf5bfb000 	C:\Windows\System32\SHLWAPI.dll
0x00007ffdd9870000 - 0x00007ffdd987c000 	C:\Users\USER\AppData\Local\Programs\Eclipse Adoptium\jdk-21.0.11.10-hotspot\bin\vcruntime140_1.dll
0x00007ffdb88f0000 - 0x00007ffdb897d000 	C:\Users\USER\AppData\Local\Programs\Eclipse Adoptium\jdk-21.0.11.10-hotspot\bin\msvcp140.dll
0x00007ffd7be40000 - 0x00007ffd7cbe2000 	C:\Users\USER\AppData\Local\Programs\Eclipse Adoptium\jdk-21.0.11.10-hotspot\bin\server\jvm.dll
0x00007ffdf5d70000 - 0x00007ffdf5ddb000 	C:\Windows\System32\WS2_32.dll
0x00007ffdf33e0000 - 0x00007ffdf342b000 	C:\Windows\SYSTEM32\POWRPROF.dll
0x00007ffdec1a0000 - 0x00007ffdec1aa000 	C:\Windows\SYSTEM32\VERSION.dll
0x00007ffde4910000 - 0x00007ffde4937000 	C:\Windows\SYSTEM32\WINMM.dll
0x00007ffdf33c0000 - 0x00007ffdf33d2000 	C:\Windows\SYSTEM32\UMPDC.dll
0x00007ffdf1300000 - 0x00007ffdf1312000 	C:\Windows\SYSTEM32\kernel.appcore.dll
0x00007ffdcd700000 - 0x00007ffdcd70a000 	C:\Users\USER\AppData\Local\Programs\Eclipse Adoptium\jdk-21.0.11.10-hotspot\bin\jimage.dll
0x00007ffde57f0000 - 0x00007ffde59f1000 	C:\Windows\SYSTEM32\DBGHELP.DLL
0x00007ffdd70b0000 - 0x00007ffdd70e4000 	C:\Windows\SYSTEM32\dbgcore.DLL
0x00007ffdf38f0000 - 0x00007ffdf3972000 	C:\Windows\System32\bcryptPrimitives.dll
0x00007ffdc7240000 - 0x00007ffdc724f000 	C:\Users\USER\AppData\Local\Programs\Eclipse Adoptium\jdk-21.0.11.10-hotspot\bin\instrument.dll
0x00007ffdb9750000 - 0x00007ffdb9770000 	C:\Users\USER\AppData\Local\Programs\Eclipse Adoptium\jdk-21.0.11.10-hotspot\bin\java.dll
0x0000027ce8000000 - 0x0000027ce8770000 	C:\Windows\System32\SHELL32.dll
0x00007ffdf1500000 - 0x00007ffdf1ca5000 	C:\Windows\SYSTEM32\windows.storage.dll
0x00007ffdf48d0000 - 0x00007ffdf4c24000 	C:\Windows\System32\combase.dll
0x00007ffdf2e50000 - 0x00007ffdf2e7b000 	C:\Windows\SYSTEM32\Wldp.dll
0x00007ffdf5de0000 - 0x00007ffdf5ead000 	C:\Windows\System32\OLEAUT32.dll
0x00007ffdf4ea0000 - 0x00007ffdf4f4d000 	C:\Windows\System32\SHCORE.dll
0x00007ffdf34b0000 - 0x00007ffdf34d4000 	C:\Windows\SYSTEM32\profapi.dll
0x00007ffda2a30000 - 0x00007ffda2b07000 	C:\Users\USER\AppData\Local\Programs\Eclipse Adoptium\jdk-21.0.11.10-hotspot\bin\jsvml.dll
0x00007ffdb9340000 - 0x00007ffdb9358000 	C:\Users\USER\AppData\Local\Programs\Eclipse Adoptium\jdk-21.0.11.10-hotspot\bin\zip.dll
0x00007ffdc6590000 - 0x00007ffdc65a0000 	C:\Users\USER\AppData\Local\Programs\Eclipse Adoptium\jdk-21.0.11.10-hotspot\bin\net.dll
0x00007ffde7cc0000 - 0x00007ffde7dca000 	C:\Windows\SYSTEM32\WINHTTP.dll
0x00007ffdf2b40000 - 0x00007ffdf2baa000 	C:\Windows\system32\mswsock.dll
0x00007ffdb8fc0000 - 0x00007ffdb8fd6000 	C:\Users\USER\AppData\Local\Programs\Eclipse Adoptium\jdk-21.0.11.10-hotspot\bin\nio.dll
0x00007ffdc6230000 - 0x00007ffdc6240000 	C:\Users\USER\AppData\Local\Programs\Eclipse Adoptium\jdk-21.0.11.10-hotspot\bin\verify.dll
0x00007ffdb9040000 - 0x00007ffdb9067000 	C:\Users\USER\.gradle\native\1def1411415f61bf3af743bc5b6707747c0891f09f0c88961ee8f79bc544acac\windows-amd64\native-platform.dll
0x00007ffdb8320000 - 0x00007ffdb8398000 	C:\Users\USER\.gradle\native\0.2.7\x86_64-windows-gnu\gradle-fileevents.dll
0x00007ffdc50f0000 - 0x00007ffdc50fa000 	C:\Users\USER\AppData\Local\Programs\Eclipse Adoptium\jdk-21.0.11.10-hotspot\bin\management.dll
0x00007ffdc3960000 - 0x00007ffdc396c000 	C:\Users\USER\AppData\Local\Programs\Eclipse Adoptium\jdk-21.0.11.10-hotspot\bin\management_ext.dll
0x00007ffdf4080000 - 0x00007ffdf4088000 	C:\Windows\System32\PSAPI.DLL
0x00007ffdf2820000 - 0x00007ffdf285b000 	C:\Windows\SYSTEM32\IPHLPAPI.DLL
0x00007ffdf3f90000 - 0x00007ffdf3f98000 	C:\Windows\System32\NSI.dll
0x00007ffdc3720000 - 0x00007ffdc3729000 	C:\Users\USER\AppData\Local\Programs\Eclipse Adoptium\jdk-21.0.11.10-hotspot\bin\extnet.dll
0x00007ffdf2d40000 - 0x00007ffdf2d58000 	C:\Windows\SYSTEM32\CRYPTSP.dll
0x00007ffdf2460000 - 0x00007ffdf2498000 	C:\Windows\system32\rsaenh.dll
0x00007ffdf3430000 - 0x00007ffdf345e000 	C:\Windows\SYSTEM32\USERENV.dll
0x00007ffdf2d30000 - 0x00007ffdf2d3c000 	C:\Windows\SYSTEM32\CRYPTBASE.dll
0x00007ffdc1f80000 - 0x00007ffdc1f8e000 	C:\Users\USER\AppData\Local\Programs\Eclipse Adoptium\jdk-21.0.11.10-hotspot\bin\sunmscapi.dll
0x00007ffdf3ab0000 - 0x00007ffdf3c0d000 	C:\Windows\System32\CRYPT32.dll
0x00007ffdf2ec0000 - 0x00007ffdf2ee7000 	C:\Windows\SYSTEM32\ncrypt.dll
0x00007ffdf2e80000 - 0x00007ffdf2ebb000 	C:\Windows\SYSTEM32\NTASN1.dll
0x00007ffdec5e0000 - 0x00007ffdec5e7000 	C:\Windows\system32\wshunix.dll
0x00007ffdf26b0000 - 0x00007ffdf26e3000 	C:\Windows\SYSTEM32\ntmarta.dll

JVMTI agents:
C:\Users\USER\.gradle\wrapper\dists\gradle-8.14.3-bin\cv11ve7ro1n3o1j4so8xd9n66\gradle-8.14.3\lib\agents\gradle-instrumentation-agent-8.14.3.jar path:C:\Users\USER\AppData\Local\Programs\Eclipse Adoptium\jdk-21.0.11.10-hotspot\bin\instrument.dll, loaded, initialized, instrumentlib options:none

dbghelp: loaded successfully - version: 4.0.5 - missing functions: none
symbol engine: initialized successfully - sym options: 0x614 - pdb path: .;C:\Users\USER\AppData\Local\Programs\Eclipse Adoptium\jdk-21.0.11.10-hotspot\bin;C:\Windows\SYSTEM32;C:\Windows\WinSxS\amd64_microsoft.windows.common-controls_6595b64144ccf1df_6.0.19041.6456_none_60b8a6cb71f64256;C:\Program Files\Common Files\Avest\Avest CSP;C:\Users\USER\AppData\Local\Programs\Eclipse Adoptium\jdk-21.0.11.10-hotspot\bin\server;C:\Users\USER\.gradle\native\1def1411415f61bf3af743bc5b6707747c0891f09f0c88961ee8f79bc544acac\windows-amd64;C:\Users\USER\.gradle\native\0.2.7\x86_64-windows-gnu

VM Arguments:
jvm_args: --add-opens=java.base/java.lang=ALL-UNNAMED --add-opens=java.base/java.lang.invoke=ALL-UNNAMED --add-opens=java.base/java.util=ALL-UNNAMED --add-opens=java.prefs/java.util.prefs=ALL-UNNAMED --add-exports=jdk.compiler/com.sun.tools.javac.api=ALL-UNNAMED --add-exports=jdk.compiler/com.sun.tools.javac.util=ALL-UNNAMED --add-opens=java.base/java.util=ALL-UNNAMED --add-opens=java.prefs/java.util.prefs=ALL-UNNAMED --add-opens=java.base/java.nio.charset=ALL-UNNAMED --add-opens=java.base/java.net=ALL-UNNAMED --add-opens=java.base/java.util.concurrent.atomic=ALL-UNNAMED --add-opens=java.xml/javax.xml.namespace=ALL-UNNAMED -Xmx3G -Dfile.encoding=UTF-8 -Duser.country=RU -Duser.language=ru -Duser.variant -javaagent:C:\Users\USER\.gradle\wrapper\dists\gradle-8.14.3-bin\cv11ve7ro1n3o1j4so8xd9n66\gradle-8.14.3\lib\agents\gradle-instrumentation-agent-8.14.3.jar 
java_command: org.gradle.launcher.daemon.bootstrap.GradleDaemon 8.14.3
java_class_path (initial): C:\Users\USER\.gradle\wrapper\dists\gradle-8.14.3-bin\cv11ve7ro1n3o1j4so8xd9n66\gradle-8.14.3\lib\gradle-daemon-main-8.14.3.jar
Launcher Type: SUN_STANDARD

[Global flags]
     intx CICompilerCount                          = 4                                         {product} {ergonomic}
     uint ConcGCThreads                            = 3                                         {product} {ergonomic}
     uint G1ConcRefinementThreads                  = 10                                        {product} {ergonomic}
   size_t G1HeapRegionSize                         = 2097152                                   {product} {ergonomic}
    uintx GCDrainStackTargetSize                   = 64                                        {product} {ergonomic}
   size_t InitialHeapSize                          = 123731968                                 {product} {ergonomic}
   size_t MarkStackSize                            = 4194304                                   {product} {ergonomic}
   size_t MaxHeapSize                              = 3221225472                                {product} {command line}
   size_t MaxNewSize                               = 1931476992                                {product} {ergonomic}
   size_t MinHeapDeltaBytes                        = 2097152                                   {product} {ergonomic}
   size_t MinHeapSize                              = 8388608                                   {product} {ergonomic}
    uintx NonNMethodCodeHeapSize                   = 5839372                                {pd product} {ergonomic}
    uintx NonProfiledCodeHeapSize                  = 122909434                              {pd product} {ergonomic}
    uintx ProfiledCodeHeapSize                     = 122909434                              {pd product} {ergonomic}
    uintx ReservedCodeCacheSize                    = 251658240                              {pd product} {ergonomic}
     bool SegmentedCodeCache                       = true                                      {product} {ergonomic}
   size_t SoftMaxHeapSize                          = 3221225472                             {manageable} {ergonomic}
     bool UseCompressedOops                        = true                           {product lp64_product} {ergonomic}
     bool UseG1GC                                  = true                                      {product} {ergonomic}
     bool UseLargePagesIndividualAllocation        = false                                  {pd product} {ergonomic}

Logging:
Log output configuration:
 #0: stdout all=warning uptime,level,tags foldmultilines=false
 #1: stderr all=off uptime,level,tags foldmultilines=false

Release file:
IMPLEMENTOR="Eclipse Adoptium" 
IMPLEMENTOR_VERSION="Temurin-21.0.11+10" 
JAVA_RUNTIME_VERSION="21.0.11+10-LTS" 
JAVA_VERSION="21.0.11" 
JAVA_VERSION_DATE="2026-04-21" 
LIBC="default" 
MODULES="java.base java.compiler java.datatransfer java.xml java.prefs java.desktop java.instrument java.logging java.management java.security.sasl java.naming java.rmi java.management.rmi java.net.http java.scripting java.security.jgss java.transaction.xa java.sql java.sql.rowset java.xml.crypto java.se java.smartcardio jdk.accessibility jdk.internal.jvmstat jdk.attach jdk.charsets jdk.internal.opt jdk.zipfs jdk.compiler jdk.crypto.ec jdk.crypto.cryptoki jdk.crypto.mscapi jdk.dynalink jdk.internal.ed jdk.editpad jdk.hotspot.agent jdk.httpserver jdk.incubator.vector jdk.internal.le jdk.internal.vm.ci jdk.internal.vm.compiler jdk.internal.vm.compiler.management jdk.jartool jdk.javadoc jdk.jcmd jdk.management jdk.management.agent jdk.jconsole jdk.jdeps jdk.jdwp.agent jdk.jdi jdk.jfr jdk.jlink jdk.jpackage jdk.jshell jdk.jsobject jdk.jstatd jdk.localedata jdk.management.jfr jdk.naming.dns jdk.naming.rmi jdk.net jdk.nio.mapmode jdk.random jdk.sctp jdk.security.auth jdk.security.jgss jdk.unsupported jdk.unsupported.desktop jdk.xml.dom" 
OS_ARCH="x86_64" 
OS_NAME="Windows" 
SOURCE=".:git:254494ad7d75" 
BUILD_SOURCE="git:a612825ee82a20ac872d60958c349854c1f29a8e"
BUILD_SOURCE_REPO="https://github.com/adoptium/temurin-build.git"
SOURCE_REPO="https://github.com/adoptium/jdk21u.git"
FULL_VERSION="21.0.11+10-LTS"
SEMANTIC_VERSION="21.0.11+10"
BUILD_INFO="OS: Windows Server 2022 Version: 10.0"
JVM_VARIANT="Hotspot"
JVM_VERSION="21.0.11+10-LTS"
IMAGE_TYPE="JDK"

Environment Variables:
JAVA_HOME=C:\Users\USER\AppData\Local\Programs\Eclipse Adoptium\jdk-21.0.11.10-hotspot\
PATH=C:\Program Files (x86)\Common Files\Oracle\Java\java8path;C:\Program Files (x86)\Common Files\Oracle\Java\javapath;C:\Windows\system32;C:\Windows;C:\Windows\System32\Wbem;C:\Windows\System32\WindowsPowerShell\v1.0\;C:\Windows\System32\OpenSSH\;C:\Program Files (x86)\Avest\AvPCM_nces;C:\Program Files (x86)\dotnet\;C:\Program Files\dotnet\;C:\Users\USER\AppData\Local\Programs\Eclipse Adoptium\jdk-21.0.11.10-hotspot\bin;C:\Users\USER\AppData\Local\Programs\Eclipse Adoptium\jdk-25.0.3.9-hotspot\bin;D:\ga\bin;C:\Users\USER\AppData\Local\Microsoft\WindowsApps;C:\Users\USER\AppData\Local\Python\bin
USERNAME=USER
OS=Windows_NT
PROCESSOR_IDENTIFIER=AMD64 Family 23 Model 104 Stepping 1, AuthenticAMD
TMP=C:\Users\USER\AppData\Local\Temp
TEMP=C:\Users\USER\AppData\Local\Temp




Periodic native trim disabled

---------------  S Y S T E M  ---------------

OS:
 Windows 10 , 64 bit Build 19041 (10.0.19041.5915)
OS uptime: 0 days 0:53 hours

CPU: total 12 (initial active 12) (12 cores per cpu, 2 threads per core) family 23 model 104 stepping 1 microcode 0x0, cx8, cmov, fxsr, ht, mmx, 3dnowpref, sse, sse2, sse3, ssse3, sse4a, sse4.1, sse4.2, popcnt, lzcnt, tsc, tscinvbit, avx, avx2, aes, clmul, bmi1, bmi2, adx, sha, fma, vzeroupper, clflush, clflushopt, rdtscp, rdpid, f16c
Processor Information for the first 12 processors :
  Max Mhz: 2100, Current Mhz: 2100, Mhz Limit: 2100

Memory: 4k page, system-wide physical 7488M (448M free)
TotalPageFile size 9536M (AvailPageFile size 32M)
current process WorkingSet (physical memory assigned to process): 409M, peak: 416M
current process commit charge ("private bytes"): 457M, peak: 499M

vm_info: OpenJDK 64-Bit Server VM (21.0.11+10-LTS) for windows-amd64 JRE (21.0.11+10-LTS), built on 2026-04-21T00:00:00Z by "admin" with MS VC++ 17.12 (VS2022)

END.
