#
# There is insufficient memory for the Java Runtime Environment to continue.
# Native memory allocation (mmap) failed to map 400556032 bytes. Error detail: G1 virtual space
# Possible reasons:
#   The system is out of physical RAM or swap space
#   This process is running with CompressedOops enabled, and the Java Heap may be blocking the growth of the native heap
# Possible solutions:
#   Reduce memory load on the system
#   Increase physical memory or swap space
#   Check if swap backing store is full
#   Decrease Java heap size (-Xmx/-Xms)
#   Decrease number of Java threads
#   Decrease Java thread stack sizes (-Xss)
#   Set larger code cache with -XX:ReservedCodeCacheSize=
#   JVM is running with Unscaled Compressed Oops mode in which the Java heap is
#     placed in the first 4GB address space. The Java Heap base address is the
#     maximum limit for the native heap growth. Please use -XX:HeapBaseMinAddress
#     to set the Java Heap base and to place the Java Heap above 4GB virtual address.
# This output file may be truncated or incomplete.
#
#  Out of Memory Error (os_windows.cpp:3714), pid=8940, tid=12344
#
# JRE version: OpenJDK Runtime Environment Temurin-21.0.11+10 (21.0.11+10) (build 21.0.11+10-LTS)
# Java VM: OpenJDK 64-Bit Server VM Temurin-21.0.11+10 (21.0.11+10-LTS, mixed mode, sharing, tiered, compressed oops, compressed class ptrs, g1 gc, windows-amd64)
# No core dump will be written. Minidumps are not enabled by default on client versions of Windows
#

---------------  S U M M A R Y ------------

Command Line: C:\Users\USER\.gradle\caches\modules-2\files-2.1\net.neoforged.installertools\installertools\2.1.2\62740d5aa8f75f4a4d542d363bdda5b64a198f7a\installertools-2.1.2-fatjar.jar --task MERGE_MAPPING --left config\joined.tsrg --right C:\Users\USER\.gradle\caches\neoformruntime\artifacts\minecraft_1.21.1_client_mappings.txt --right-names right,left --classes --fields --methods --output ./output.tsrg

Host: AMD Ryzen 5 5500U with Radeon Graphics         , 12 cores, 7G,  Windows 10 , 64 bit Build 19041 (10.0.19041.5915)
Time: Wed Jun 10 20:30:42 2026 elapsed time: 1.313296 seconds (0d 0h 0m 1s)

---------------  T H R E A D  ---------------

Current thread (0x0000020fc9efd790):  VMThread "VM Thread"          [id=12344, stack(0x000000bc8d500000,0x000000bc8d600000) (1024K)]

Stack: [0x000000bc8d500000,0x000000bc8d600000]
Native frames: (J=compiled Java code, j=interpreted, Vv=VM code, C=native code)
V  [jvm.dll+0x6d7e19]
V  [jvm.dll+0x8b5096]
V  [jvm.dll+0x8b764e]
V  [jvm.dll+0x8b7d33]
V  [jvm.dll+0x284596]
V  [jvm.dll+0x6d4735]
V  [jvm.dll+0x6c845a]
V  [jvm.dll+0x35ef08]
V  [jvm.dll+0x366b46]
V  [jvm.dll+0x3b7c2e]
V  [jvm.dll+0x3b7ed8]
V  [jvm.dll+0x33310c]
V  [jvm.dll+0x333197]
V  [jvm.dll+0x376f6c]
V  [jvm.dll+0x37570e]
V  [jvm.dll+0x332851]
V  [jvm.dll+0x374d7a]
V  [jvm.dll+0x8bda20]
V  [jvm.dll+0x8bed94]
V  [jvm.dll+0x8bf2c0]
V  [jvm.dll+0x8bf563]
V  [jvm.dll+0x85fb0d]
V  [jvm.dll+0x6d664d]
C  [ucrtbase.dll+0x21bb2]
C  [KERNEL32.DLL+0x17374]
C  [ntdll.dll+0x4cc91]

VM_Operation (0x000000bc8cefda90): G1CollectForAllocation, mode: safepoint, requested by thread 0x0000020faadb6c20


---------------  P R O C E S S  ---------------

Threads class SMR info:
_java_thread_list=0x000002100f9c7cb0, length=12, elements={
0x0000020faadb6c20, 0x0000020fc9f162b0, 0x0000020fc9f1afe0, 0x0000020fc9f1ee60,
0x0000020fc9f1f8c0, 0x0000020fc9f2a380, 0x0000020fc9f2b060, 0x0000020fc9f2e280,
0x0000020fc9f2e930, 0x000002100f89b160, 0x000002100f897ce0, 0x000002100f9a4380
}

Java Threads: ( => current thread )
  0x0000020faadb6c20 JavaThread "main"                              [_thread_blocked, id=5344, stack(0x000000bc8ce00000,0x000000bc8cf00000) (1024K)]
  0x0000020fc9f162b0 JavaThread "Reference Handler"          daemon [_thread_blocked, id=4868, stack(0x000000bc8d600000,0x000000bc8d700000) (1024K)]
  0x0000020fc9f1afe0 JavaThread "Finalizer"                  daemon [_thread_blocked, id=2268, stack(0x000000bc8d700000,0x000000bc8d800000) (1024K)]
  0x0000020fc9f1ee60 JavaThread "Signal Dispatcher"          daemon [_thread_blocked, id=2160, stack(0x000000bc8d800000,0x000000bc8d900000) (1024K)]
  0x0000020fc9f1f8c0 JavaThread "Attach Listener"            daemon [_thread_blocked, id=8200, stack(0x000000bc8d900000,0x000000bc8da00000) (1024K)]
  0x0000020fc9f2a380 JavaThread "Service Thread"             daemon [_thread_blocked, id=9824, stack(0x000000bc8da00000,0x000000bc8db00000) (1024K)]
  0x0000020fc9f2b060 JavaThread "Monitor Deflation Thread"   daemon [_thread_blocked, id=8784, stack(0x000000bc8db00000,0x000000bc8dc00000) (1024K)]
  0x0000020fc9f2e280 JavaThread "C2 CompilerThread0"         daemon [_thread_blocked, id=5192, stack(0x000000bc8dc00000,0x000000bc8dd00000) (1024K)]
  0x0000020fc9f2e930 JavaThread "C1 CompilerThread0"         daemon [_thread_blocked, id=4452, stack(0x000000bc8dd00000,0x000000bc8de00000) (1024K)]
  0x000002100f89b160 JavaThread "Notification Thread"        daemon [_thread_blocked, id=10596, stack(0x000000bc8de00000,0x000000bc8df00000) (1024K)]
  0x000002100f897ce0 JavaThread "Common-Cleaner"             daemon [_thread_blocked, id=1980, stack(0x000000bc8df00000,0x000000bc8e000000) (1024K)]
  0x000002100f9a4380 JavaThread "C2 CompilerThread1"         daemon [_thread_blocked, id=8916, stack(0x000000bc8e000000,0x000000bc8e100000) (1024K)]
Total: 12

Other Threads:
=>0x0000020fc9efd790 VMThread "VM Thread"                           [id=12344, stack(0x000000bc8d500000,0x000000bc8d600000) (1024K)]
  0x0000020fc9eddca0 WatcherThread "VM Periodic Task Thread"        [id=8328, stack(0x000000bc8d400000,0x000000bc8d500000) (1024K)]
  0x0000020fad1c8540 WorkerThread "GC Thread#0"                     [id=5624, stack(0x000000bc8cf00000,0x000000bc8d000000) (1024K)]
  0x000002100fb360a0 WorkerThread "GC Thread#1"                     [id=2480, stack(0x000000bc8e100000,0x000000bc8e200000) (1024K)]
  0x000002100fa61270 WorkerThread "GC Thread#2"                     [id=6960, stack(0x000000bc8e200000,0x000000bc8e300000) (1024K)]
  0x000002100fa61620 WorkerThread "GC Thread#3"                     [id=9544, stack(0x000000bc8e300000,0x000000bc8e400000) (1024K)]
  0x000002100fa61dd0 WorkerThread "GC Thread#4"                     [id=1324, stack(0x000000bc8e400000,0x000000bc8e500000) (1024K)]
  0x000002100fa62180 WorkerThread "GC Thread#5"                     [id=7016, stack(0x000000bc8e500000,0x000000bc8e600000) (1024K)]
  0x0000020fad1d8c40 ConcurrentGCThread "G1 Main Marker"            [id=11176, stack(0x000000bc8d000000,0x000000bc8d100000) (1024K)]
  0x0000020fad1d9660 WorkerThread "G1 Conc#0"                       [id=8464, stack(0x000000bc8d100000,0x000000bc8d200000) (1024K)]
  0x000002100fd7e0d0 WorkerThread "G1 Conc#1"                       [id=8992, stack(0x000000bc8e600000,0x000000bc8e700000) (1024K)]
  0x000002100fd7e480 WorkerThread "G1 Conc#2"                       [id=3892, stack(0x000000bc8e700000,0x000000bc8e800000) (1024K)]
  0x0000020fc9daf7a0 ConcurrentGCThread "G1 Refine#0"               [id=11868, stack(0x000000bc8d200000,0x000000bc8d300000) (1024K)]
  0x0000020fc9db1140 ConcurrentGCThread "G1 Service"                [id=5636, stack(0x000000bc8d300000,0x000000bc8d400000) (1024K)]
Total: 14

Threads with active compile tasks:
C2 CompilerThread0  1336  864       4       java.lang.StringLatin1::trim (76 bytes)
C2 CompilerThread1  1336  853       4       java.lang.String::split (148 bytes)
Total: 2

VM state: at safepoint (normal execution)

VM Mutex/Monitor currently owned by a thread:  ([mutex/lock_event])
[0x00007ffd7caff570] Threads_lock - owner thread: 0x0000020fc9efd790
[0x00007ffd7caff670] Heap_lock - owner thread: 0x0000020faadb6c20

Heap address: 0x000000008ae00000, size: 1874 MB, Compressed Oops mode: 32-bit

CDS archive(s) mapped at: [0x0000020fca000000-0x0000020fcac80000-0x0000020fcac80000), size 13107200, SharedBaseAddress: 0x0000020fca000000, ArchiveRelocationMode: 1.
Compressed class space mapped at: 0x0000020fcb000000-0x000002100b000000, reserved size: 1073741824
Narrow klass base: 0x0000020fca000000, Narrow klass shift: 0, Narrow klass range: 0x100000000

GC Precious Log:
 CardTable entry size: 512
 Card Set container configuration: InlinePtr #cards 5 size 8 Array Of Cards #cards 12 size 40 Howl #buckets 4 coarsen threshold 1843 Howl Bitmap #cards 512 size 80 coarsen threshold 460 Card regions per heap region 1 cards per card region 2048
 CPUs: 12 total, 12 available
 Memory: 7488M
 Large Page Support: Disabled
 NUMA Support: Disabled
 Compressed Oops: Enabled (32-bit)
 Heap Region Size: 1M
 Heap Min Capacity: 8M
 Heap Initial Capacity: 118M
 Heap Max Capacity: 1874M
 Pre-touch: Disabled
 Parallel Workers: 10
 Concurrent Workers: 3
 Concurrent Refinement Workers: 10
 Periodic GC: Disabled

Heap:
 garbage-first heap   total 327680K, used 165673K [0x000000008ae00000, 0x0000000100000000)
  region size 1024K, 5 young (5120K), 5 survivors (5120K)
 Metaspace       used 2145K, committed 2240K, reserved 1114112K
  class space    used 204K, committed 256K, reserved 1048576K

Heap Regions: E=young(eden), S=young(survivor), O=old, HS=humongous(starts), HC=humongous(continues), CS=collection set, F=free, TAMS=top-at-mark-start, PB=parsable bottom
|   0|0x000000008ae00000, 0x000000008af00000, 0x000000008af00000|100%| O|  |TAMS 0x000000008af00000| PB 0x000000008ae00000| Untracked 
|   1|0x000000008af00000, 0x000000008b000000, 0x000000008b000000|100%| O|  |TAMS 0x000000008b000000| PB 0x000000008af00000| Untracked 
|   2|0x000000008b000000, 0x000000008b100000, 0x000000008b100000|100%|HS|  |TAMS 0x000000008b100000| PB 0x000000008b000000| Complete 
|   3|0x000000008b100000, 0x000000008b200000, 0x000000008b200000|100%|HS|  |TAMS 0x000000008b200000| PB 0x000000008b100000| Complete 
|   4|0x000000008b200000, 0x000000008b300000, 0x000000008b300000|100%| O|  |TAMS 0x000000008b200000| PB 0x000000008b200000| Untracked 
|   5|0x000000008b300000, 0x000000008b400000, 0x000000008b400000|100%| O|  |TAMS 0x000000008b400000| PB 0x000000008b300000| Untracked 
|   6|0x000000008b400000, 0x000000008b500000, 0x000000008b500000|100%| O|  |TAMS 0x000000008b500000| PB 0x000000008b400000| Untracked 
|   7|0x000000008b500000, 0x000000008b600000, 0x000000008b600000|100%| O|  |TAMS 0x000000008b600000| PB 0x000000008b500000| Untracked 
|   8|0x000000008b600000, 0x000000008b700000, 0x000000008b700000|100%| O|  |TAMS 0x000000008b700000| PB 0x000000008b600000| Untracked 
|   9|0x000000008b700000, 0x000000008b800000, 0x000000008b800000|100%| O|  |TAMS 0x000000008b800000| PB 0x000000008b700000| Untracked 
|  10|0x000000008b800000, 0x000000008b900000, 0x000000008b900000|100%| O|  |TAMS 0x000000008b900000| PB 0x000000008b800000| Untracked 
|  11|0x000000008b900000, 0x000000008ba00000, 0x000000008ba00000|100%| O|  |TAMS 0x000000008ba00000| PB 0x000000008b900000| Untracked 
|  12|0x000000008ba00000, 0x000000008bb00000, 0x000000008bb00000|100%| O|  |TAMS 0x000000008bb00000| PB 0x000000008ba00000| Untracked 
|  13|0x000000008bb00000, 0x000000008bc00000, 0x000000008bc00000|100%| O|  |TAMS 0x000000008bc00000| PB 0x000000008bb00000| Untracked 
|  14|0x000000008bc00000, 0x000000008bd00000, 0x000000008bd00000|100%| O|  |TAMS 0x000000008bd00000| PB 0x000000008bc00000| Untracked 
|  15|0x000000008bd00000, 0x000000008be00000, 0x000000008be00000|100%| O|  |TAMS 0x000000008be00000| PB 0x000000008bd00000| Untracked 
|  16|0x000000008be00000, 0x000000008bf00000, 0x000000008bf00000|100%| O|  |TAMS 0x000000008bf00000| PB 0x000000008be00000| Untracked 
|  17|0x000000008bf00000, 0x000000008c000000, 0x000000008c000000|100%| O|  |TAMS 0x000000008bf00000| PB 0x000000008bf00000| Untracked 
|  18|0x000000008c000000, 0x000000008c100000, 0x000000008c100000|100%| O|  |TAMS 0x000000008c100000| PB 0x000000008c000000| Untracked 
|  19|0x000000008c100000, 0x000000008c200000, 0x000000008c200000|100%| O|  |TAMS 0x000000008c200000| PB 0x000000008c100000| Untracked 
|  20|0x000000008c200000, 0x000000008c300000, 0x000000008c300000|100%| O|  |TAMS 0x000000008c300000| PB 0x000000008c200000| Untracked 
|  21|0x000000008c300000, 0x000000008c400000, 0x000000008c400000|100%| O|  |TAMS 0x000000008c400000| PB 0x000000008c300000| Untracked 
|  22|0x000000008c400000, 0x000000008c500000, 0x000000008c500000|100%| O|  |TAMS 0x000000008c500000| PB 0x000000008c400000| Untracked 
|  23|0x000000008c500000, 0x000000008c600000, 0x000000008c600000|100%| O|  |TAMS 0x000000008c600000| PB 0x000000008c500000| Untracked 
|  24|0x000000008c600000, 0x000000008c700000, 0x000000008c700000|100%| O|  |TAMS 0x000000008c700000| PB 0x000000008c600000| Untracked 
|  25|0x000000008c700000, 0x000000008c800000, 0x000000008c800000|100%| O|  |TAMS 0x000000008c800000| PB 0x000000008c700000| Untracked 
|  26|0x000000008c800000, 0x000000008c900000, 0x000000008c900000|100%| O|  |TAMS 0x000000008c900000| PB 0x000000008c800000| Untracked 
|  27|0x000000008c900000, 0x000000008ca00000, 0x000000008ca00000|100%| O|  |TAMS 0x000000008ca00000| PB 0x000000008c900000| Untracked 
|  28|0x000000008ca00000, 0x000000008cb00000, 0x000000008cb00000|100%| O|  |TAMS 0x000000008cb00000| PB 0x000000008ca00000| Untracked 
|  29|0x000000008cb00000, 0x000000008cc00000, 0x000000008cc00000|100%| O|  |TAMS 0x000000008cc00000| PB 0x000000008cb00000| Untracked 
|  30|0x000000008cc00000, 0x000000008cd00000, 0x000000008cd00000|100%| O|  |TAMS 0x000000008cd00000| PB 0x000000008cc00000| Untracked 
|  31|0x000000008cd00000, 0x000000008ce00000, 0x000000008ce00000|100%| O|  |TAMS 0x000000008ce00000| PB 0x000000008cd00000| Untracked 
|  32|0x000000008ce00000, 0x000000008cf00000, 0x000000008cf00000|100%| O|  |TAMS 0x000000008cf00000| PB 0x000000008ce00000| Untracked 
|  33|0x000000008cf00000, 0x000000008d000000, 0x000000008d000000|100%| O|  |TAMS 0x000000008d000000| PB 0x000000008cf00000| Untracked 
|  34|0x000000008d000000, 0x000000008d100000, 0x000000008d100000|100%| O|  |TAMS 0x000000008d100000| PB 0x000000008d000000| Untracked 
|  35|0x000000008d100000, 0x000000008d200000, 0x000000008d200000|100%| O|  |TAMS 0x000000008d200000| PB 0x000000008d100000| Untracked 
|  36|0x000000008d200000, 0x000000008d300000, 0x000000008d300000|100%| O|  |TAMS 0x000000008d300000| PB 0x000000008d200000| Untracked 
|  37|0x000000008d300000, 0x000000008d400000, 0x000000008d400000|100%| O|  |TAMS 0x000000008d400000| PB 0x000000008d300000| Untracked 
|  38|0x000000008d400000, 0x000000008d500000, 0x000000008d500000|100%| O|  |TAMS 0x000000008d500000| PB 0x000000008d400000| Untracked 
|  39|0x000000008d500000, 0x000000008d600000, 0x000000008d600000|100%| O|  |TAMS 0x000000008d600000| PB 0x000000008d500000| Untracked 
|  40|0x000000008d600000, 0x000000008d700000, 0x000000008d700000|100%| O|  |TAMS 0x000000008d700000| PB 0x000000008d600000| Untracked 
|  41|0x000000008d700000, 0x000000008d800000, 0x000000008d800000|100%| O|  |TAMS 0x000000008d800000| PB 0x000000008d700000| Untracked 
|  42|0x000000008d800000, 0x000000008d900000, 0x000000008d900000|100%| O|  |TAMS 0x000000008d900000| PB 0x000000008d800000| Untracked 
|  43|0x000000008d900000, 0x000000008da00000, 0x000000008da00000|100%| O|  |TAMS 0x000000008da00000| PB 0x000000008d900000| Untracked 
|  44|0x000000008da00000, 0x000000008db00000, 0x000000008db00000|100%| O|  |TAMS 0x000000008db00000| PB 0x000000008da00000| Untracked 
|  45|0x000000008db00000, 0x000000008dc00000, 0x000000008dc00000|100%| O|  |TAMS 0x000000008dc00000| PB 0x000000008db00000| Untracked 
|  46|0x000000008dc00000, 0x000000008dd00000, 0x000000008dd00000|100%| O|  |TAMS 0x000000008dd00000| PB 0x000000008dc00000| Untracked 
|  47|0x000000008dd00000, 0x000000008de00000, 0x000000008de00000|100%| O|  |TAMS 0x000000008de00000| PB 0x000000008dd00000| Untracked 
|  48|0x000000008de00000, 0x000000008df00000, 0x000000008df00000|100%| O|  |TAMS 0x000000008df00000| PB 0x000000008de00000| Untracked 
|  49|0x000000008df00000, 0x000000008e000000, 0x000000008e000000|100%| O|  |TAMS 0x000000008e000000| PB 0x000000008df00000| Untracked 
|  50|0x000000008e000000, 0x000000008e100000, 0x000000008e100000|100%| O|  |TAMS 0x000000008e100000| PB 0x000000008e000000| Untracked 
|  51|0x000000008e100000, 0x000000008e200000, 0x000000008e200000|100%| O|  |TAMS 0x000000008e200000| PB 0x000000008e100000| Untracked 
|  52|0x000000008e200000, 0x000000008e300000, 0x000000008e300000|100%| O|  |TAMS 0x000000008e300000| PB 0x000000008e200000| Untracked 
|  53|0x000000008e300000, 0x000000008e400000, 0x000000008e400000|100%| O|  |TAMS 0x000000008e400000| PB 0x000000008e300000| Untracked 
|  54|0x000000008e400000, 0x000000008e500000, 0x000000008e500000|100%| O|  |TAMS 0x000000008e500000| PB 0x000000008e400000| Untracked 
|  55|0x000000008e500000, 0x000000008e600000, 0x000000008e600000|100%| O|  |TAMS 0x000000008e600000| PB 0x000000008e500000| Untracked 
|  56|0x000000008e600000, 0x000000008e700000, 0x000000008e700000|100%| O|  |TAMS 0x000000008e700000| PB 0x000000008e600000| Untracked 
|  57|0x000000008e700000, 0x000000008e800000, 0x000000008e800000|100%| O|  |TAMS 0x000000008e800000| PB 0x000000008e700000| Untracked 
|  58|0x000000008e800000, 0x000000008e900000, 0x000000008e900000|100%| O|  |TAMS 0x000000008e900000| PB 0x000000008e800000| Untracked 
|  59|0x000000008e900000, 0x000000008ea00000, 0x000000008ea00000|100%| O|  |TAMS 0x000000008ea00000| PB 0x000000008e900000| Untracked 
|  60|0x000000008ea00000, 0x000000008eb00000, 0x000000008eb00000|100%| O|  |TAMS 0x000000008eb00000| PB 0x000000008ea00000| Untracked 
|  61|0x000000008eb00000, 0x000000008ec00000, 0x000000008ec00000|100%| O|  |TAMS 0x000000008ec00000| PB 0x000000008eb00000| Untracked 
|  62|0x000000008ec00000, 0x000000008ed00000, 0x000000008ed00000|100%| O|  |TAMS 0x000000008ed00000| PB 0x000000008ec00000| Untracked 
|  63|0x000000008ed00000, 0x000000008ee00000, 0x000000008ee00000|100%| O|  |TAMS 0x000000008ee00000| PB 0x000000008ed00000| Untracked 
|  64|0x000000008ee00000, 0x000000008ef00000, 0x000000008ef00000|100%| O|  |TAMS 0x000000008ef00000| PB 0x000000008ee00000| Untracked 
|  65|0x000000008ef00000, 0x000000008f000000, 0x000000008f000000|100%| O|  |TAMS 0x000000008f000000| PB 0x000000008ef00000| Untracked 
|  66|0x000000008f000000, 0x000000008f100000, 0x000000008f100000|100%| O|  |TAMS 0x000000008f100000| PB 0x000000008f000000| Untracked 
|  67|0x000000008f100000, 0x000000008f200000, 0x000000008f200000|100%| O|  |TAMS 0x000000008f200000| PB 0x000000008f100000| Untracked 
|  68|0x000000008f200000, 0x000000008f300000, 0x000000008f300000|100%| O|  |TAMS 0x000000008f300000| PB 0x000000008f200000| Untracked 
|  69|0x000000008f300000, 0x000000008f400000, 0x000000008f400000|100%| O|  |TAMS 0x000000008f400000| PB 0x000000008f300000| Untracked 
|  70|0x000000008f400000, 0x000000008f500000, 0x000000008f500000|100%| O|  |TAMS 0x000000008f500000| PB 0x000000008f400000| Untracked 
|  71|0x000000008f500000, 0x000000008f600000, 0x000000008f600000|100%| O|  |TAMS 0x000000008f600000| PB 0x000000008f500000| Untracked 
|  72|0x000000008f600000, 0x000000008f700000, 0x000000008f700000|100%| O|  |TAMS 0x000000008f700000| PB 0x000000008f600000| Untracked 
|  73|0x000000008f700000, 0x000000008f800000, 0x000000008f800000|100%| O|  |TAMS 0x000000008f800000| PB 0x000000008f700000| Untracked 
|  74|0x000000008f800000, 0x000000008f900000, 0x000000008f900000|100%| O|  |TAMS 0x000000008f900000| PB 0x000000008f800000| Untracked 
|  75|0x000000008f900000, 0x000000008fa00000, 0x000000008fa00000|100%| O|  |TAMS 0x000000008fa00000| PB 0x000000008f900000| Untracked 
|  76|0x000000008fa00000, 0x000000008fb00000, 0x000000008fb00000|100%| O|  |TAMS 0x000000008fb00000| PB 0x000000008fa00000| Untracked 
|  77|0x000000008fb00000, 0x000000008fc00000, 0x000000008fc00000|100%| O|  |TAMS 0x000000008fc00000| PB 0x000000008fb00000| Untracked 
|  78|0x000000008fc00000, 0x000000008fd00000, 0x000000008fd00000|100%| O|  |TAMS 0x000000008fd00000| PB 0x000000008fc00000| Untracked 
|  79|0x000000008fd00000, 0x000000008fe00000, 0x000000008fe00000|100%| O|  |TAMS 0x000000008fe00000| PB 0x000000008fd00000| Untracked 
|  80|0x000000008fe00000, 0x000000008ff00000, 0x000000008ff00000|100%| O|  |TAMS 0x000000008ff00000| PB 0x000000008fe00000| Untracked 
|  81|0x000000008ff00000, 0x0000000090000000, 0x0000000090000000|100%| O|  |TAMS 0x0000000090000000| PB 0x000000008ff00000| Untracked 
|  82|0x0000000090000000, 0x0000000090100000, 0x0000000090100000|100%| O|  |TAMS 0x0000000090100000| PB 0x0000000090000000| Untracked 
|  83|0x0000000090100000, 0x0000000090200000, 0x0000000090200000|100%| O|  |TAMS 0x0000000090200000| PB 0x0000000090100000| Untracked 
|  84|0x0000000090200000, 0x0000000090300000, 0x0000000090300000|100%| O|  |TAMS 0x0000000090300000| PB 0x0000000090200000| Untracked 
|  85|0x0000000090300000, 0x0000000090400000, 0x0000000090400000|100%| O|  |TAMS 0x0000000090400000| PB 0x0000000090300000| Untracked 
|  86|0x0000000090400000, 0x0000000090500000, 0x0000000090500000|100%| O|  |TAMS 0x0000000090500000| PB 0x0000000090400000| Untracked 
|  87|0x0000000090500000, 0x0000000090600000, 0x0000000090600000|100%| O|  |TAMS 0x0000000090600000| PB 0x0000000090500000| Untracked 
|  88|0x0000000090600000, 0x0000000090700000, 0x0000000090700000|100%| O|  |TAMS 0x0000000090700000| PB 0x0000000090600000| Untracked 
|  89|0x0000000090700000, 0x0000000090800000, 0x0000000090800000|100%| O|  |TAMS 0x0000000090800000| PB 0x0000000090700000| Untracked 
|  90|0x0000000090800000, 0x0000000090900000, 0x0000000090900000|100%| O|  |TAMS 0x0000000090900000| PB 0x0000000090800000| Untracked 
|  91|0x0000000090900000, 0x0000000090a00000, 0x0000000090a00000|100%| O|  |TAMS 0x0000000090a00000| PB 0x0000000090900000| Untracked 
|  92|0x0000000090a00000, 0x0000000090b00000, 0x0000000090b00000|100%| O|  |TAMS 0x0000000090b00000| PB 0x0000000090a00000| Untracked 
|  93|0x0000000090b00000, 0x0000000090c00000, 0x0000000090c00000|100%| O|  |TAMS 0x0000000090c00000| PB 0x0000000090b00000| Untracked 
|  94|0x0000000090c00000, 0x0000000090d00000, 0x0000000090d00000|100%| O|  |TAMS 0x0000000090d00000| PB 0x0000000090c00000| Untracked 
|  95|0x0000000090d00000, 0x0000000090e00000, 0x0000000090e00000|100%| O|  |TAMS 0x0000000090e00000| PB 0x0000000090d00000| Untracked 
|  96|0x0000000090e00000, 0x0000000090f00000, 0x0000000090f00000|100%| O|  |TAMS 0x0000000090f00000| PB 0x0000000090e00000| Untracked 
|  97|0x0000000090f00000, 0x0000000091000000, 0x0000000091000000|100%| O|  |TAMS 0x0000000091000000| PB 0x0000000090f00000| Untracked 
|  98|0x0000000091000000, 0x0000000091100000, 0x0000000091100000|100%| O|  |TAMS 0x0000000091100000| PB 0x0000000091000000| Untracked 
|  99|0x0000000091100000, 0x0000000091200000, 0x0000000091200000|100%| O|  |TAMS 0x0000000091200000| PB 0x0000000091100000| Untracked 
| 100|0x0000000091200000, 0x0000000091300000, 0x0000000091300000|100%| O|  |TAMS 0x0000000091300000| PB 0x0000000091200000| Untracked 
| 101|0x0000000091300000, 0x0000000091400000, 0x0000000091400000|100%| O|  |TAMS 0x0000000091400000| PB 0x0000000091300000| Untracked 
| 102|0x0000000091400000, 0x0000000091500000, 0x0000000091500000|100%| O|  |TAMS 0x0000000091500000| PB 0x0000000091400000| Untracked 
| 103|0x0000000091500000, 0x0000000091600000, 0x0000000091600000|100%| O|  |TAMS 0x0000000091600000| PB 0x0000000091500000| Untracked 
| 104|0x0000000091600000, 0x0000000091700000, 0x0000000091700000|100%| O|  |TAMS 0x0000000091700000| PB 0x0000000091600000| Untracked 
| 105|0x0000000091700000, 0x0000000091800000, 0x0000000091800000|100%| O|  |TAMS 0x0000000091800000| PB 0x0000000091700000| Untracked 
| 106|0x0000000091800000, 0x0000000091900000, 0x0000000091900000|100%| O|  |TAMS 0x0000000091900000| PB 0x0000000091800000| Untracked 
| 107|0x0000000091900000, 0x0000000091a00000, 0x0000000091a00000|100%| O|  |TAMS 0x0000000091a00000| PB 0x0000000091900000| Untracked 
| 108|0x0000000091a00000, 0x0000000091b00000, 0x0000000091b00000|100%| O|  |TAMS 0x0000000091b00000| PB 0x0000000091a00000| Untracked 
| 109|0x0000000091b00000, 0x0000000091c00000, 0x0000000091c00000|100%| O|  |TAMS 0x0000000091c00000| PB 0x0000000091b00000| Untracked 
| 110|0x0000000091c00000, 0x0000000091d00000, 0x0000000091d00000|100%| O|  |TAMS 0x0000000091d00000| PB 0x0000000091c00000| Untracked 
| 111|0x0000000091d00000, 0x0000000091e00000, 0x0000000091e00000|100%| O|  |TAMS 0x0000000091e00000| PB 0x0000000091d00000| Untracked 
| 112|0x0000000091e00000, 0x0000000091f00000, 0x0000000091f00000|100%| O|  |TAMS 0x0000000091f00000| PB 0x0000000091e00000| Untracked 
| 113|0x0000000091f00000, 0x0000000092000000, 0x0000000092000000|100%| O|  |TAMS 0x0000000092000000| PB 0x0000000091f00000| Untracked 
| 114|0x0000000092000000, 0x0000000092100000, 0x0000000092100000|100%| O|  |TAMS 0x0000000092100000| PB 0x0000000092000000| Untracked 
| 115|0x0000000092100000, 0x0000000092200000, 0x0000000092200000|100%| O|  |TAMS 0x0000000092200000| PB 0x0000000092100000| Untracked 
| 116|0x0000000092200000, 0x0000000092300000, 0x0000000092300000|100%| O|  |TAMS 0x0000000092300000| PB 0x0000000092200000| Untracked 
| 117|0x0000000092300000, 0x0000000092400000, 0x0000000092400000|100%| O|  |TAMS 0x0000000092400000| PB 0x0000000092300000| Untracked 
| 118|0x0000000092400000, 0x0000000092500000, 0x0000000092500000|100%| O|  |TAMS 0x0000000092500000| PB 0x0000000092400000| Untracked 
| 119|0x0000000092500000, 0x0000000092600000, 0x0000000092600000|100%| O|  |TAMS 0x0000000092600000| PB 0x0000000092500000| Untracked 
| 120|0x0000000092600000, 0x0000000092700000, 0x0000000092700000|100%| O|  |TAMS 0x0000000092700000| PB 0x0000000092600000| Untracked 
| 121|0x0000000092700000, 0x0000000092800000, 0x0000000092800000|100%| O|  |TAMS 0x0000000092800000| PB 0x0000000092700000| Untracked 
| 122|0x0000000092800000, 0x0000000092900000, 0x0000000092900000|100%| O|  |TAMS 0x0000000092900000| PB 0x0000000092800000| Untracked 
| 123|0x0000000092900000, 0x0000000092a00000, 0x0000000092a00000|100%| O|  |TAMS 0x0000000092a00000| PB 0x0000000092900000| Untracked 
| 124|0x0000000092a00000, 0x0000000092b00000, 0x0000000092b00000|100%| O|  |TAMS 0x0000000092b00000| PB 0x0000000092a00000| Untracked 
| 125|0x0000000092b00000, 0x0000000092c00000, 0x0000000092c00000|100%| O|  |TAMS 0x0000000092c00000| PB 0x0000000092b00000| Untracked 
| 126|0x0000000092c00000, 0x0000000092d00000, 0x0000000092d00000|100%| O|  |TAMS 0x0000000092d00000| PB 0x0000000092c00000| Untracked 
| 127|0x0000000092d00000, 0x0000000092e00000, 0x0000000092e00000|100%| O|  |TAMS 0x0000000092e00000| PB 0x0000000092d00000| Untracked 
| 128|0x0000000092e00000, 0x0000000092f00000, 0x0000000092f00000|100%| O|  |TAMS 0x0000000092f00000| PB 0x0000000092e00000| Untracked 
| 129|0x0000000092f00000, 0x0000000093000000, 0x0000000093000000|100%| O|  |TAMS 0x0000000093000000| PB 0x0000000092f00000| Untracked 
| 130|0x0000000093000000, 0x0000000093100000, 0x0000000093100000|100%| O|  |TAMS 0x0000000093100000| PB 0x0000000093000000| Untracked 
| 131|0x0000000093100000, 0x0000000093200000, 0x0000000093200000|100%| O|  |TAMS 0x0000000093200000| PB 0x0000000093100000| Untracked 
| 132|0x0000000093200000, 0x0000000093300000, 0x0000000093300000|100%| O|  |TAMS 0x0000000093300000| PB 0x0000000093200000| Untracked 
| 133|0x0000000093300000, 0x0000000093400000, 0x0000000093400000|100%| O|  |TAMS 0x0000000093400000| PB 0x0000000093300000| Untracked 
| 134|0x0000000093400000, 0x0000000093500000, 0x0000000093500000|100%| O|  |TAMS 0x0000000093500000| PB 0x0000000093400000| Untracked 
| 135|0x0000000093500000, 0x0000000093600000, 0x0000000093600000|100%| O|  |TAMS 0x0000000093600000| PB 0x0000000093500000| Untracked 
| 136|0x0000000093600000, 0x0000000093700000, 0x0000000093700000|100%| O|  |TAMS 0x0000000093700000| PB 0x0000000093600000| Untracked 
| 137|0x0000000093700000, 0x0000000093800000, 0x0000000093800000|100%| O|  |TAMS 0x0000000093800000| PB 0x0000000093700000| Untracked 
| 138|0x0000000093800000, 0x0000000093900000, 0x0000000093900000|100%| O|  |TAMS 0x0000000093900000| PB 0x0000000093800000| Untracked 
| 139|0x0000000093900000, 0x0000000093a00000, 0x0000000093a00000|100%| O|  |TAMS 0x0000000093a00000| PB 0x0000000093900000| Untracked 
| 140|0x0000000093a00000, 0x0000000093b00000, 0x0000000093b00000|100%| O|  |TAMS 0x0000000093b00000| PB 0x0000000093a00000| Untracked 
| 141|0x0000000093b00000, 0x0000000093c00000, 0x0000000093c00000|100%| O|  |TAMS 0x0000000093c00000| PB 0x0000000093b00000| Untracked 
| 142|0x0000000093c00000, 0x0000000093d00000, 0x0000000093d00000|100%| O|  |TAMS 0x0000000093d00000| PB 0x0000000093c00000| Untracked 
| 143|0x0000000093d00000, 0x0000000093e00000, 0x0000000093e00000|100%| O|  |TAMS 0x0000000093e00000| PB 0x0000000093d00000| Untracked 
| 144|0x0000000093e00000, 0x0000000093f00000, 0x0000000093f00000|100%| O|  |TAMS 0x0000000093f00000| PB 0x0000000093e00000| Untracked 
| 145|0x0000000093f00000, 0x0000000094000000, 0x0000000094000000|100%| O|  |TAMS 0x0000000094000000| PB 0x0000000093f00000| Untracked 
| 146|0x0000000094000000, 0x0000000094100000, 0x0000000094100000|100%| O|  |TAMS 0x0000000094100000| PB 0x0000000094000000| Untracked 
| 147|0x0000000094100000, 0x0000000094200000, 0x0000000094200000|100%| O|  |TAMS 0x0000000094200000| PB 0x0000000094100000| Untracked 
| 148|0x0000000094200000, 0x0000000094300000, 0x0000000094300000|100%| O|  |TAMS 0x0000000094300000| PB 0x0000000094200000| Untracked 
| 149|0x0000000094300000, 0x0000000094400000, 0x0000000094400000|100%| O|  |TAMS 0x0000000094400000| PB 0x0000000094300000| Untracked 
| 150|0x0000000094400000, 0x0000000094500000, 0x0000000094500000|100%| O|  |TAMS 0x0000000094500000| PB 0x0000000094400000| Untracked 
| 151|0x0000000094500000, 0x0000000094600000, 0x0000000094600000|100%| O|  |TAMS 0x0000000094500000| PB 0x0000000094500000| Untracked 
| 152|0x0000000094600000, 0x0000000094700000, 0x0000000094700000|100%| O|  |TAMS 0x0000000094600000| PB 0x0000000094600000| Untracked 
| 153|0x0000000094700000, 0x0000000094800000, 0x0000000094800000|100%| O|  |TAMS 0x0000000094700000| PB 0x0000000094700000| Untracked 
| 154|0x0000000094800000, 0x0000000094900000, 0x0000000094900000|100%| O|  |TAMS 0x0000000094800000| PB 0x0000000094800000| Untracked 
| 155|0x0000000094900000, 0x0000000094a00000, 0x0000000094a00000|100%| O|  |TAMS 0x0000000094900000| PB 0x0000000094900000| Untracked 
| 156|0x0000000094a00000, 0x0000000094aca400, 0x0000000094b00000| 79%| O|  |TAMS 0x0000000094a00000| PB 0x0000000094a00000| Untracked 
| 157|0x0000000094b00000, 0x0000000094b00000, 0x0000000094c00000|  0%| F|  |TAMS 0x0000000094b00000| PB 0x0000000094b00000| Untracked 
| 158|0x0000000094c00000, 0x0000000094c00000, 0x0000000094d00000|  0%| F|  |TAMS 0x0000000094c00000| PB 0x0000000094c00000| Untracked 
| 159|0x0000000094d00000, 0x0000000094d00000, 0x0000000094e00000|  0%| F|  |TAMS 0x0000000094d00000| PB 0x0000000094d00000| Untracked 
| 160|0x0000000094e00000, 0x0000000094e00000, 0x0000000094f00000|  0%| F|  |TAMS 0x0000000094e00000| PB 0x0000000094e00000| Untracked 
| 161|0x0000000094f00000, 0x0000000094f00000, 0x0000000095000000|  0%| F|  |TAMS 0x0000000094f00000| PB 0x0000000094f00000| Untracked 
| 162|0x0000000095000000, 0x0000000095000000, 0x0000000095100000|  0%| F|  |TAMS 0x0000000095000000| PB 0x0000000095000000| Untracked 
| 163|0x0000000095100000, 0x0000000095100000, 0x0000000095200000|  0%| F|  |TAMS 0x0000000095100000| PB 0x0000000095100000| Untracked 
| 164|0x0000000095200000, 0x0000000095200000, 0x0000000095300000|  0%| F|  |TAMS 0x0000000095200000| PB 0x0000000095200000| Untracked 
| 165|0x0000000095300000, 0x0000000095300000, 0x0000000095400000|  0%| F|  |TAMS 0x0000000095300000| PB 0x0000000095300000| Untracked 
| 166|0x0000000095400000, 0x0000000095400000, 0x0000000095500000|  0%| F|  |TAMS 0x0000000095400000| PB 0x0000000095400000| Untracked 
| 167|0x0000000095500000, 0x0000000095500000, 0x0000000095600000|  0%| F|  |TAMS 0x0000000095500000| PB 0x0000000095500000| Untracked 
| 168|0x0000000095600000, 0x0000000095600000, 0x0000000095700000|  0%| F|  |TAMS 0x0000000095600000| PB 0x0000000095600000| Untracked 
| 169|0x0000000095700000, 0x0000000095700000, 0x0000000095800000|  0%| F|  |TAMS 0x0000000095700000| PB 0x0000000095700000| Untracked 
| 170|0x0000000095800000, 0x0000000095800000, 0x0000000095900000|  0%| F|  |TAMS 0x0000000095800000| PB 0x0000000095800000| Untracked 
| 171|0x0000000095900000, 0x0000000095900000, 0x0000000095a00000|  0%| F|  |TAMS 0x0000000095900000| PB 0x0000000095900000| Untracked 
| 172|0x0000000095a00000, 0x0000000095a00000, 0x0000000095b00000|  0%| F|  |TAMS 0x0000000095a00000| PB 0x0000000095a00000| Untracked 
| 173|0x0000000095b00000, 0x0000000095b00000, 0x0000000095c00000|  0%| F|  |TAMS 0x0000000095b00000| PB 0x0000000095b00000| Untracked 
| 174|0x0000000095c00000, 0x0000000095c00000, 0x0000000095d00000|  0%| F|  |TAMS 0x0000000095c00000| PB 0x0000000095c00000| Untracked 
| 175|0x0000000095d00000, 0x0000000095d00000, 0x0000000095e00000|  0%| F|  |TAMS 0x0000000095d00000| PB 0x0000000095d00000| Untracked 
| 176|0x0000000095e00000, 0x0000000095e00000, 0x0000000095f00000|  0%| F|  |TAMS 0x0000000095e00000| PB 0x0000000095e00000| Untracked 
| 177|0x0000000095f00000, 0x0000000095f00000, 0x0000000096000000|  0%| F|  |TAMS 0x0000000095f00000| PB 0x0000000095f00000| Untracked 
| 178|0x0000000096000000, 0x0000000096000000, 0x0000000096100000|  0%| F|  |TAMS 0x0000000096000000| PB 0x0000000096000000| Untracked 
| 179|0x0000000096100000, 0x0000000096100000, 0x0000000096200000|  0%| F|  |TAMS 0x0000000096100000| PB 0x0000000096100000| Untracked 
| 180|0x0000000096200000, 0x0000000096200000, 0x0000000096300000|  0%| F|  |TAMS 0x0000000096200000| PB 0x0000000096200000| Untracked 
| 181|0x0000000096300000, 0x0000000096300000, 0x0000000096400000|  0%| F|  |TAMS 0x0000000096300000| PB 0x0000000096300000| Untracked 
| 182|0x0000000096400000, 0x0000000096400000, 0x0000000096500000|  0%| F|  |TAMS 0x0000000096400000| PB 0x0000000096400000| Untracked 
| 183|0x0000000096500000, 0x0000000096500000, 0x0000000096600000|  0%| F|  |TAMS 0x0000000096500000| PB 0x0000000096500000| Untracked 
| 184|0x0000000096600000, 0x0000000096600000, 0x0000000096700000|  0%| F|  |TAMS 0x0000000096600000| PB 0x0000000096600000| Untracked 
| 185|0x0000000096700000, 0x0000000096700000, 0x0000000096800000|  0%| F|  |TAMS 0x0000000096700000| PB 0x0000000096700000| Untracked 
| 186|0x0000000096800000, 0x0000000096800000, 0x0000000096900000|  0%| F|  |TAMS 0x0000000096800000| PB 0x0000000096800000| Untracked 
| 187|0x0000000096900000, 0x0000000096900000, 0x0000000096a00000|  0%| F|  |TAMS 0x0000000096900000| PB 0x0000000096900000| Untracked 
| 188|0x0000000096a00000, 0x0000000096a00000, 0x0000000096b00000|  0%| F|  |TAMS 0x0000000096a00000| PB 0x0000000096a00000| Untracked 
| 189|0x0000000096b00000, 0x0000000096b00000, 0x0000000096c00000|  0%| F|  |TAMS 0x0000000096b00000| PB 0x0000000096b00000| Untracked 
| 190|0x0000000096c00000, 0x0000000096c00000, 0x0000000096d00000|  0%| F|  |TAMS 0x0000000096c00000| PB 0x0000000096c00000| Untracked 
| 191|0x0000000096d00000, 0x0000000096d00000, 0x0000000096e00000|  0%| F|  |TAMS 0x0000000096d00000| PB 0x0000000096d00000| Untracked 
| 192|0x0000000096e00000, 0x0000000096e00000, 0x0000000096f00000|  0%| F|  |TAMS 0x0000000096e00000| PB 0x0000000096e00000| Untracked 
| 193|0x0000000096f00000, 0x0000000097000000, 0x0000000097000000|100%| S|CS|TAMS 0x0000000096f00000| PB 0x0000000096f00000| Complete 
| 194|0x0000000097000000, 0x0000000097100000, 0x0000000097100000|100%| S|CS|TAMS 0x0000000097000000| PB 0x0000000097000000| Complete 
| 195|0x0000000097100000, 0x0000000097200000, 0x0000000097200000|100%| S|CS|TAMS 0x0000000097100000| PB 0x0000000097100000| Complete 
| 196|0x0000000097200000, 0x0000000097300000, 0x0000000097300000|100%| S|CS|TAMS 0x0000000097200000| PB 0x0000000097200000| Complete 
| 197|0x0000000097300000, 0x0000000097400000, 0x0000000097400000|100%| S|CS|TAMS 0x0000000097300000| PB 0x0000000097300000| Complete 
| 198|0x0000000097400000, 0x0000000097400000, 0x0000000097500000|  0%| F|  |TAMS 0x0000000097400000| PB 0x0000000097400000| Untracked 
| 199|0x0000000097500000, 0x0000000097500000, 0x0000000097600000|  0%| F|  |TAMS 0x0000000097500000| PB 0x0000000097500000| Untracked 
| 200|0x0000000097600000, 0x0000000097600000, 0x0000000097700000|  0%| F|  |TAMS 0x0000000097600000| PB 0x0000000097600000| Untracked 
| 201|0x0000000097700000, 0x0000000097700000, 0x0000000097800000|  0%| F|  |TAMS 0x0000000097700000| PB 0x0000000097700000| Untracked 
| 202|0x0000000097800000, 0x0000000097800000, 0x0000000097900000|  0%| F|  |TAMS 0x0000000097800000| PB 0x0000000097800000| Untracked 
| 203|0x0000000097900000, 0x0000000097900000, 0x0000000097a00000|  0%| F|  |TAMS 0x0000000097900000| PB 0x0000000097900000| Untracked 
| 204|0x0000000097a00000, 0x0000000097a00000, 0x0000000097b00000|  0%| F|  |TAMS 0x0000000097a00000| PB 0x0000000097a00000| Untracked 
| 205|0x0000000097b00000, 0x0000000097b00000, 0x0000000097c00000|  0%| F|  |TAMS 0x0000000097b00000| PB 0x0000000097b00000| Untracked 
| 206|0x0000000097c00000, 0x0000000097c00000, 0x0000000097d00000|  0%| F|  |TAMS 0x0000000097c00000| PB 0x0000000097c00000| Untracked 
| 207|0x0000000097d00000, 0x0000000097d00000, 0x0000000097e00000|  0%| F|  |TAMS 0x0000000097d00000| PB 0x0000000097d00000| Untracked 
| 208|0x0000000097e00000, 0x0000000097e00000, 0x0000000097f00000|  0%| F|  |TAMS 0x0000000097e00000| PB 0x0000000097e00000| Untracked 
| 209|0x0000000097f00000, 0x0000000097f00000, 0x0000000098000000|  0%| F|  |TAMS 0x0000000097f00000| PB 0x0000000097f00000| Untracked 
| 210|0x0000000098000000, 0x0000000098000000, 0x0000000098100000|  0%| F|  |TAMS 0x0000000098000000| PB 0x0000000098000000| Untracked 
| 211|0x0000000098100000, 0x0000000098100000, 0x0000000098200000|  0%| F|  |TAMS 0x0000000098100000| PB 0x0000000098100000| Untracked 
| 212|0x0000000098200000, 0x0000000098200000, 0x0000000098300000|  0%| F|  |TAMS 0x0000000098200000| PB 0x0000000098200000| Untracked 
| 213|0x0000000098300000, 0x0000000098300000, 0x0000000098400000|  0%| F|  |TAMS 0x0000000098300000| PB 0x0000000098300000| Untracked 
| 214|0x0000000098400000, 0x0000000098400000, 0x0000000098500000|  0%| F|  |TAMS 0x0000000098400000| PB 0x0000000098400000| Untracked 
| 215|0x0000000098500000, 0x0000000098500000, 0x0000000098600000|  0%| F|  |TAMS 0x0000000098500000| PB 0x0000000098500000| Untracked 
| 216|0x0000000098600000, 0x0000000098600000, 0x0000000098700000|  0%| F|  |TAMS 0x0000000098600000| PB 0x0000000098600000| Untracked 
| 217|0x0000000098700000, 0x0000000098700000, 0x0000000098800000|  0%| F|  |TAMS 0x0000000098700000| PB 0x0000000098700000| Untracked 
| 218|0x0000000098800000, 0x0000000098800000, 0x0000000098900000|  0%| F|  |TAMS 0x0000000098800000| PB 0x0000000098800000| Untracked 
| 219|0x0000000098900000, 0x0000000098900000, 0x0000000098a00000|  0%| F|  |TAMS 0x0000000098900000| PB 0x0000000098900000| Untracked 
| 220|0x0000000098a00000, 0x0000000098a00000, 0x0000000098b00000|  0%| F|  |TAMS 0x0000000098a00000| PB 0x0000000098a00000| Untracked 
| 221|0x0000000098b00000, 0x0000000098b00000, 0x0000000098c00000|  0%| F|  |TAMS 0x0000000098b00000| PB 0x0000000098b00000| Untracked 
| 222|0x0000000098c00000, 0x0000000098c00000, 0x0000000098d00000|  0%| F|  |TAMS 0x0000000098c00000| PB 0x0000000098c00000| Untracked 
| 223|0x0000000098d00000, 0x0000000098d00000, 0x0000000098e00000|  0%| F|  |TAMS 0x0000000098d00000| PB 0x0000000098d00000| Untracked 
| 224|0x0000000098e00000, 0x0000000098e00000, 0x0000000098f00000|  0%| F|  |TAMS 0x0000000098e00000| PB 0x0000000098e00000| Untracked 
| 225|0x0000000098f00000, 0x0000000098f00000, 0x0000000099000000|  0%| F|  |TAMS 0x0000000098f00000| PB 0x0000000098f00000| Untracked 
| 226|0x0000000099000000, 0x0000000099000000, 0x0000000099100000|  0%| F|  |TAMS 0x0000000099000000| PB 0x0000000099000000| Untracked 
| 227|0x0000000099100000, 0x0000000099100000, 0x0000000099200000|  0%| F|  |TAMS 0x0000000099100000| PB 0x0000000099100000| Untracked 
| 228|0x0000000099200000, 0x0000000099200000, 0x0000000099300000|  0%| F|  |TAMS 0x0000000099200000| PB 0x0000000099200000| Untracked 
| 229|0x0000000099300000, 0x0000000099300000, 0x0000000099400000|  0%| F|  |TAMS 0x0000000099300000| PB 0x0000000099300000| Untracked 
| 230|0x0000000099400000, 0x0000000099400000, 0x0000000099500000|  0%| F|  |TAMS 0x0000000099400000| PB 0x0000000099400000| Untracked 
| 231|0x0000000099500000, 0x0000000099500000, 0x0000000099600000|  0%| F|  |TAMS 0x0000000099500000| PB 0x0000000099500000| Untracked 
| 232|0x0000000099600000, 0x0000000099600000, 0x0000000099700000|  0%| F|  |TAMS 0x0000000099600000| PB 0x0000000099600000| Untracked 
| 233|0x0000000099700000, 0x0000000099700000, 0x0000000099800000|  0%| F|  |TAMS 0x0000000099700000| PB 0x0000000099700000| Untracked 
| 234|0x0000000099800000, 0x0000000099800000, 0x0000000099900000|  0%| F|  |TAMS 0x0000000099800000| PB 0x0000000099800000| Untracked 
| 235|0x0000000099900000, 0x0000000099900000, 0x0000000099a00000|  0%| F|  |TAMS 0x0000000099900000| PB 0x0000000099900000| Untracked 
| 236|0x0000000099a00000, 0x0000000099a00000, 0x0000000099b00000|  0%| F|  |TAMS 0x0000000099a00000| PB 0x0000000099a00000| Untracked 
| 237|0x0000000099b00000, 0x0000000099b00000, 0x0000000099c00000|  0%| F|  |TAMS 0x0000000099b00000| PB 0x0000000099b00000| Untracked 
| 238|0x0000000099c00000, 0x0000000099c00000, 0x0000000099d00000|  0%| F|  |TAMS 0x0000000099c00000| PB 0x0000000099c00000| Untracked 
| 239|0x0000000099d00000, 0x0000000099d00000, 0x0000000099e00000|  0%| F|  |TAMS 0x0000000099d00000| PB 0x0000000099d00000| Untracked 
| 240|0x0000000099e00000, 0x0000000099e00000, 0x0000000099f00000|  0%| F|  |TAMS 0x0000000099e00000| PB 0x0000000099e00000| Untracked 
| 241|0x0000000099f00000, 0x0000000099f00000, 0x000000009a000000|  0%| F|  |TAMS 0x0000000099f00000| PB 0x0000000099f00000| Untracked 
| 242|0x000000009a000000, 0x000000009a000000, 0x000000009a100000|  0%| F|  |TAMS 0x000000009a000000| PB 0x000000009a000000| Untracked 
| 243|0x000000009a100000, 0x000000009a100000, 0x000000009a200000|  0%| F|  |TAMS 0x000000009a100000| PB 0x000000009a100000| Untracked 
| 244|0x000000009a200000, 0x000000009a200000, 0x000000009a300000|  0%| F|  |TAMS 0x000000009a200000| PB 0x000000009a200000| Untracked 
| 245|0x000000009a300000, 0x000000009a300000, 0x000000009a400000|  0%| F|  |TAMS 0x000000009a300000| PB 0x000000009a300000| Untracked 
| 246|0x000000009a400000, 0x000000009a400000, 0x000000009a500000|  0%| F|  |TAMS 0x000000009a400000| PB 0x000000009a400000| Untracked 
| 247|0x000000009a500000, 0x000000009a500000, 0x000000009a600000|  0%| F|  |TAMS 0x000000009a500000| PB 0x000000009a500000| Untracked 
| 248|0x000000009a600000, 0x000000009a600000, 0x000000009a700000|  0%| F|  |TAMS 0x000000009a600000| PB 0x000000009a600000| Untracked 
| 249|0x000000009a700000, 0x000000009a700000, 0x000000009a800000|  0%| F|  |TAMS 0x000000009a700000| PB 0x000000009a700000| Untracked 
| 250|0x000000009a800000, 0x000000009a800000, 0x000000009a900000|  0%| F|  |TAMS 0x000000009a800000| PB 0x000000009a800000| Untracked 
| 251|0x000000009a900000, 0x000000009a900000, 0x000000009aa00000|  0%| F|  |TAMS 0x000000009a900000| PB 0x000000009a900000| Untracked 
| 252|0x000000009aa00000, 0x000000009aa00000, 0x000000009ab00000|  0%| F|  |TAMS 0x000000009aa00000| PB 0x000000009aa00000| Untracked 
| 253|0x000000009ab00000, 0x000000009ab00000, 0x000000009ac00000|  0%| F|  |TAMS 0x000000009ab00000| PB 0x000000009ab00000| Untracked 
| 254|0x000000009ac00000, 0x000000009ac00000, 0x000000009ad00000|  0%| F|  |TAMS 0x000000009ac00000| PB 0x000000009ac00000| Untracked 
| 255|0x000000009ad00000, 0x000000009ad00000, 0x000000009ae00000|  0%| F|  |TAMS 0x000000009ad00000| PB 0x000000009ad00000| Untracked 
| 256|0x000000009ae00000, 0x000000009ae00000, 0x000000009af00000|  0%| F|  |TAMS 0x000000009ae00000| PB 0x000000009ae00000| Untracked 
| 257|0x000000009af00000, 0x000000009af00000, 0x000000009b000000|  0%| F|  |TAMS 0x000000009af00000| PB 0x000000009af00000| Untracked 
| 258|0x000000009b000000, 0x000000009b000000, 0x000000009b100000|  0%| F|  |TAMS 0x000000009b000000| PB 0x000000009b000000| Untracked 
| 259|0x000000009b100000, 0x000000009b100000, 0x000000009b200000|  0%| F|  |TAMS 0x000000009b100000| PB 0x000000009b100000| Untracked 
| 260|0x000000009b200000, 0x000000009b200000, 0x000000009b300000|  0%| F|  |TAMS 0x000000009b200000| PB 0x000000009b200000| Untracked 
| 261|0x000000009b300000, 0x000000009b300000, 0x000000009b400000|  0%| F|  |TAMS 0x000000009b300000| PB 0x000000009b300000| Untracked 
| 262|0x000000009b400000, 0x000000009b400000, 0x000000009b500000|  0%| F|  |TAMS 0x000000009b400000| PB 0x000000009b400000| Untracked 
| 263|0x000000009b500000, 0x000000009b500000, 0x000000009b600000|  0%| F|  |TAMS 0x000000009b500000| PB 0x000000009b500000| Untracked 
| 264|0x000000009b600000, 0x000000009b600000, 0x000000009b700000|  0%| F|  |TAMS 0x000000009b600000| PB 0x000000009b600000| Untracked 
| 265|0x000000009b700000, 0x000000009b700000, 0x000000009b800000|  0%| F|  |TAMS 0x000000009b700000| PB 0x000000009b700000| Untracked 
| 266|0x000000009b800000, 0x000000009b800000, 0x000000009b900000|  0%| F|  |TAMS 0x000000009b800000| PB 0x000000009b800000| Untracked 
| 267|0x000000009b900000, 0x000000009b900000, 0x000000009ba00000|  0%| F|  |TAMS 0x000000009b900000| PB 0x000000009b900000| Untracked 
| 268|0x000000009ba00000, 0x000000009ba00000, 0x000000009bb00000|  0%| F|  |TAMS 0x000000009ba00000| PB 0x000000009ba00000| Untracked 
| 269|0x000000009bb00000, 0x000000009bb00000, 0x000000009bc00000|  0%| F|  |TAMS 0x000000009bb00000| PB 0x000000009bb00000| Untracked 
| 270|0x000000009bc00000, 0x000000009bc00000, 0x000000009bd00000|  0%| F|  |TAMS 0x000000009bc00000| PB 0x000000009bc00000| Untracked 
| 271|0x000000009bd00000, 0x000000009bd00000, 0x000000009be00000|  0%| F|  |TAMS 0x000000009bd00000| PB 0x000000009bd00000| Untracked 
| 272|0x000000009be00000, 0x000000009be00000, 0x000000009bf00000|  0%| F|  |TAMS 0x000000009be00000| PB 0x000000009be00000| Untracked 
| 273|0x000000009bf00000, 0x000000009bf00000, 0x000000009c000000|  0%| F|  |TAMS 0x000000009bf00000| PB 0x000000009bf00000| Untracked 
| 274|0x000000009c000000, 0x000000009c000000, 0x000000009c100000|  0%| F|  |TAMS 0x000000009c000000| PB 0x000000009c000000| Untracked 
| 275|0x000000009c100000, 0x000000009c100000, 0x000000009c200000|  0%| F|  |TAMS 0x000000009c100000| PB 0x000000009c100000| Untracked 
| 276|0x000000009c200000, 0x000000009c200000, 0x000000009c300000|  0%| F|  |TAMS 0x000000009c200000| PB 0x000000009c200000| Untracked 
| 277|0x000000009c300000, 0x000000009c300000, 0x000000009c400000|  0%| F|  |TAMS 0x000000009c300000| PB 0x000000009c300000| Untracked 
| 278|0x000000009c400000, 0x000000009c400000, 0x000000009c500000|  0%| F|  |TAMS 0x000000009c400000| PB 0x000000009c400000| Untracked 
| 279|0x000000009c500000, 0x000000009c500000, 0x000000009c600000|  0%| F|  |TAMS 0x000000009c500000| PB 0x000000009c500000| Untracked 
| 280|0x000000009c600000, 0x000000009c600000, 0x000000009c700000|  0%| F|  |TAMS 0x000000009c600000| PB 0x000000009c600000| Untracked 
| 281|0x000000009c700000, 0x000000009c700000, 0x000000009c800000|  0%| F|  |TAMS 0x000000009c700000| PB 0x000000009c700000| Untracked 
| 282|0x000000009c800000, 0x000000009c800000, 0x000000009c900000|  0%| F|  |TAMS 0x000000009c800000| PB 0x000000009c800000| Untracked 
| 283|0x000000009c900000, 0x000000009c900000, 0x000000009ca00000|  0%| F|  |TAMS 0x000000009c900000| PB 0x000000009c900000| Untracked 
| 284|0x000000009ca00000, 0x000000009ca00000, 0x000000009cb00000|  0%| F|  |TAMS 0x000000009ca00000| PB 0x000000009ca00000| Untracked 
| 285|0x000000009cb00000, 0x000000009cb00000, 0x000000009cc00000|  0%| F|  |TAMS 0x000000009cb00000| PB 0x000000009cb00000| Untracked 
| 286|0x000000009cc00000, 0x000000009cc00000, 0x000000009cd00000|  0%| F|  |TAMS 0x000000009cc00000| PB 0x000000009cc00000| Untracked 
| 287|0x000000009cd00000, 0x000000009cd00000, 0x000000009ce00000|  0%| F|  |TAMS 0x000000009cd00000| PB 0x000000009cd00000| Untracked 
| 288|0x000000009ce00000, 0x000000009ce00000, 0x000000009cf00000|  0%| F|  |TAMS 0x000000009ce00000| PB 0x000000009ce00000| Untracked 
| 289|0x000000009cf00000, 0x000000009cf00000, 0x000000009d000000|  0%| F|  |TAMS 0x000000009cf00000| PB 0x000000009cf00000| Untracked 
| 290|0x000000009d000000, 0x000000009d000000, 0x000000009d100000|  0%| F|  |TAMS 0x000000009d000000| PB 0x000000009d000000| Untracked 
| 291|0x000000009d100000, 0x000000009d100000, 0x000000009d200000|  0%| F|  |TAMS 0x000000009d100000| PB 0x000000009d100000| Untracked 
| 292|0x000000009d200000, 0x000000009d200000, 0x000000009d300000|  0%| F|  |TAMS 0x000000009d200000| PB 0x000000009d200000| Untracked 
| 293|0x000000009d300000, 0x000000009d300000, 0x000000009d400000|  0%| F|  |TAMS 0x000000009d300000| PB 0x000000009d300000| Untracked 
| 294|0x000000009d400000, 0x000000009d400000, 0x000000009d500000|  0%| F|  |TAMS 0x000000009d400000| PB 0x000000009d400000| Untracked 
| 295|0x000000009d500000, 0x000000009d500000, 0x000000009d600000|  0%| F|  |TAMS 0x000000009d500000| PB 0x000000009d500000| Untracked 
| 296|0x000000009d600000, 0x000000009d600000, 0x000000009d700000|  0%| F|  |TAMS 0x000000009d600000| PB 0x000000009d600000| Untracked 
| 297|0x000000009d700000, 0x000000009d700000, 0x000000009d800000|  0%| F|  |TAMS 0x000000009d700000| PB 0x000000009d700000| Untracked 
| 298|0x000000009d800000, 0x000000009d800000, 0x000000009d900000|  0%| F|  |TAMS 0x000000009d800000| PB 0x000000009d800000| Untracked 
| 299|0x000000009d900000, 0x000000009d900000, 0x000000009da00000|  0%| F|  |TAMS 0x000000009d900000| PB 0x000000009d900000| Untracked 
| 300|0x000000009da00000, 0x000000009da00000, 0x000000009db00000|  0%| F|  |TAMS 0x000000009da00000| PB 0x000000009da00000| Untracked 
| 301|0x000000009db00000, 0x000000009db00000, 0x000000009dc00000|  0%| F|  |TAMS 0x000000009db00000| PB 0x000000009db00000| Untracked 
| 302|0x000000009dc00000, 0x000000009dc00000, 0x000000009dd00000|  0%| F|  |TAMS 0x000000009dc00000| PB 0x000000009dc00000| Untracked 
| 303|0x000000009dd00000, 0x000000009dd00000, 0x000000009de00000|  0%| F|  |TAMS 0x000000009dd00000| PB 0x000000009dd00000| Untracked 
| 304|0x000000009de00000, 0x000000009de00000, 0x000000009df00000|  0%| F|  |TAMS 0x000000009de00000| PB 0x000000009de00000| Untracked 
| 305|0x000000009df00000, 0x000000009df00000, 0x000000009e000000|  0%| F|  |TAMS 0x000000009df00000| PB 0x000000009df00000| Untracked 
| 306|0x000000009e000000, 0x000000009e000000, 0x000000009e100000|  0%| F|  |TAMS 0x000000009e000000| PB 0x000000009e000000| Untracked 
| 307|0x000000009e100000, 0x000000009e100000, 0x000000009e200000|  0%| F|  |TAMS 0x000000009e100000| PB 0x000000009e100000| Untracked 
| 308|0x000000009e200000, 0x000000009e200000, 0x000000009e300000|  0%| F|  |TAMS 0x000000009e200000| PB 0x000000009e200000| Untracked 
| 309|0x000000009e300000, 0x000000009e300000, 0x000000009e400000|  0%| F|  |TAMS 0x000000009e300000| PB 0x000000009e300000| Untracked 
| 310|0x000000009e400000, 0x000000009e400000, 0x000000009e500000|  0%| F|  |TAMS 0x000000009e400000| PB 0x000000009e400000| Untracked 
| 311|0x000000009e500000, 0x000000009e500000, 0x000000009e600000|  0%| F|  |TAMS 0x000000009e500000| PB 0x000000009e500000| Untracked 
| 312|0x000000009e600000, 0x000000009e600000, 0x000000009e700000|  0%| F|  |TAMS 0x000000009e600000| PB 0x000000009e600000| Untracked 
| 313|0x000000009e700000, 0x000000009e700000, 0x000000009e800000|  0%| F|  |TAMS 0x000000009e700000| PB 0x000000009e700000| Untracked 
| 314|0x000000009e800000, 0x000000009e800000, 0x000000009e900000|  0%| F|  |TAMS 0x000000009e800000| PB 0x000000009e800000| Untracked 
| 315|0x000000009e900000, 0x000000009e900000, 0x000000009ea00000|  0%| F|  |TAMS 0x000000009e900000| PB 0x000000009e900000| Untracked 
| 316|0x000000009ea00000, 0x000000009ea00000, 0x000000009eb00000|  0%| F|  |TAMS 0x000000009ea00000| PB 0x000000009ea00000| Untracked 
| 317|0x000000009eb00000, 0x000000009eb00000, 0x000000009ec00000|  0%| F|  |TAMS 0x000000009eb00000| PB 0x000000009eb00000| Untracked 
| 318|0x000000009ec00000, 0x000000009ec00000, 0x000000009ed00000|  0%| F|  |TAMS 0x000000009ec00000| PB 0x000000009ec00000| Untracked 
| 319|0x000000009ed00000, 0x000000009ed00000, 0x000000009ee00000|  0%| F|  |TAMS 0x000000009ed00000| PB 0x000000009ed00000| Untracked 

Card table byte_map: [0x0000020fc51a0000,0x0000020fc5550000] _byte_map_base: 0x0000020fc4d49000

Marking Bits: (CMBitMap*) 0x0000020fad1c8b60
 Bits: [0x0000020fc5550000, 0x0000020fc7298000)

Polling page: 0x0000020faad70000

Metaspace:

Usage:
  Non-class:      1.90 MB used.
      Class:    204.32 KB used.
       Both:      2.09 MB used.

Virtual space:
  Non-class space:       64.00 MB reserved,       1.94 MB (  3%) committed,  1 nodes.
      Class space:        1.00 GB reserved,     256.00 KB ( <1%) committed,  1 nodes.
             Both:        1.06 GB reserved,       2.19 MB ( <1%) committed. 

Chunk freelists:
   Non-Class:  11.02 MB
       Class:  15.60 MB
        Both:  26.61 MB

MaxMetaspaceSize: unlimited
CompressedClassSpaceSize: 1.00 GB
Initial GC threshold: 21.00 MB
Current GC threshold: 21.00 MB
CDS: on
 - commit_granule_bytes: 65536.
 - commit_granule_words: 8192.
 - virtual_space_node_default_size: 8388608.
 - enlarge_chunks_in_place: 1.
 - use_allocation_guard: 0.


Internal statistics:

num_allocs_failed_limit: 0.
num_arena_births: 26.
num_arena_deaths: 0.
num_vsnodes_births: 2.
num_vsnodes_deaths: 0.
num_space_committed: 35.
num_space_uncommitted: 0.
num_chunks_returned_to_freelist: 0.
num_chunks_taken_from_freelist: 92.
num_chunk_merges: 0.
num_chunk_splits: 54.
num_chunks_enlarged: 42.
num_inconsistent_stats: 0.

CodeHeap 'non-profiled nmethods': size=120000Kb used=583Kb max_used=583Kb free=119416Kb
 bounds [0x0000020fbd360000, 0x0000020fbd5d0000, 0x0000020fc4890000]
CodeHeap 'profiled nmethods': size=120000Kb used=987Kb max_used=1043Kb free=119012Kb
 bounds [0x0000020fb5890000, 0x0000020fb5b00000, 0x0000020fbcdc0000]
CodeHeap 'non-nmethods': size=5760Kb used=1245Kb max_used=1290Kb free=4515Kb
 bounds [0x0000020fbcdc0000, 0x0000020fbd030000, 0x0000020fbd360000]
CodeCache: size=245760Kb, used=2815Kb, max_used=2916Kb, free=242943Kb
 total_blobs=1141, nmethods=729, adapters=317, full_count=0
Compilation: enabled, stopped_count=0, restarted_count=0

Compilation events (20 events):
Event: 1.197 Thread 0x0000020fc9f2e280 nmethod 846 0x0000020fbd38ae10 code [0x0000020fbd38afa0, 0x0000020fbd38b210]
Event: 1.197 Thread 0x0000020fc9f2e280  848       4       java.util.regex.Pattern$BnM::optimize (179 bytes)
Event: 1.201 Thread 0x000002100f9a4380 nmethod 845 0x0000020fbd3ea690 code [0x0000020fbd3ea840, 0x0000020fbd3eaad8]
Event: 1.201 Thread 0x000002100f9a4380  852       4       java.util.HashMap::putVal (300 bytes)
Event: 1.206 Thread 0x0000020fc9f2e280 nmethod 848 0x0000020fbd3eac90 code [0x0000020fbd3eae60, 0x0000020fbd3eb478]
Event: 1.206 Thread 0x0000020fc9f2e280  856       4       java.lang.String::split (8 bytes)
Event: 1.206 Thread 0x0000020fc9f2e930  858 %     2       java.util.regex.Pattern$BnM::optimize @ 41 (179 bytes)
Event: 1.207 Thread 0x0000020fc9f2e930 nmethod 858% 0x0000020fb5926710 code [0x0000020fb5926940, 0x0000020fb5927330]
Event: 1.207 Thread 0x0000020fc9f2e930  859       3       java.util.regex.Pattern$BnM::<init> (26 bytes)
Event: 1.208 Thread 0x0000020fc9f2e930 nmethod 859 0x0000020fb589fb10 code [0x0000020fb589fce0, 0x0000020fb58a0080]
Event: 1.208 Thread 0x0000020fc9f2e930  860 %     2       java.util.regex.Pattern$BnM::optimize @ 66 (179 bytes)
Event: 1.209 Thread 0x0000020fc9f2e930 nmethod 860% 0x0000020fb5914090 code [0x0000020fb59142c0, 0x0000020fb5914ca0]
Event: 1.220 Thread 0x000002100f9a4380 nmethod 852 0x0000020fbd3eb790 code [0x0000020fbd3eba00, 0x0000020fbd3ec8e0]
Event: 1.220 Thread 0x000002100f9a4380  861       4       java.util.regex.Pattern$BnM::optimize (179 bytes)
Event: 1.236 Thread 0x000002100f9a4380 nmethod 861 0x0000020fbd3ed110 code [0x0000020fbd3ed2e0, 0x0000020fbd3edbd0]
Event: 1.236 Thread 0x000002100f9a4380  853       4       java.lang.String::split (148 bytes)
Event: 1.297 Thread 0x0000020fc9f2e280 nmethod 856 0x0000020fbd3edf90 code [0x0000020fbd3ee360, 0x0000020fbd3f0de0]
Event: 1.298 Thread 0x0000020fc9f2e280  862       4       java.util.ArrayList$Itr::hasNext (20 bytes)
Event: 1.298 Thread 0x0000020fc9f2e280 nmethod 862 0x0000020fbd397c90 code [0x0000020fbd397e20, 0x0000020fbd397ed0]
Event: 1.298 Thread 0x0000020fc9f2e280  864       4       java.lang.StringLatin1::trim (76 bytes)

GC Heap History (20 events):
Event: 0.376 GC heap after
{Heap after GC invocations=1 (full 0):
 garbage-first heap   total 120832K, used 22016K [0x000000008ae00000, 0x0000000100000000)
  region size 1024K, 3 young (3072K), 3 survivors (3072K)
 Metaspace       used 1820K, committed 1920K, reserved 1114112K
  class space    used 179K, committed 256K, reserved 1048576K
}
Event: 0.440 GC heap before
{Heap before GC invocations=1 (full 0):
 garbage-first heap   total 120832K, used 35328K [0x000000008ae00000, 0x0000000100000000)
  region size 1024K, 13 young (13312K), 3 survivors (3072K)
 Metaspace       used 1916K, committed 2048K, reserved 1114112K
  class space    used 187K, committed 256K, reserved 1048576K
}
Event: 0.461 GC heap after
{Heap after GC invocations=2 (full 0):
 garbage-first heap   total 120832K, used 31744K [0x000000008ae00000, 0x0000000100000000)
  region size 1024K, 2 young (2048K), 2 survivors (2048K)
 Metaspace       used 1916K, committed 2048K, reserved 1114112K
  class space    used 187K, committed 256K, reserved 1048576K
}
Event: 0.516 GC heap before
{Heap before GC invocations=2 (full 0):
 garbage-first heap   total 120832K, used 49152K [0x000000008ae00000, 0x0000000100000000)
  region size 1024K, 19 young (19456K), 2 survivors (2048K)
 Metaspace       used 1916K, committed 2048K, reserved 1114112K
  class space    used 187K, committed 256K, reserved 1048576K
}
Event: 0.537 GC heap after
{Heap after GC invocations=3 (full 0):
 garbage-first heap   total 120832K, used 43008K [0x000000008ae00000, 0x0000000100000000)
  region size 1024K, 3 young (3072K), 3 survivors (3072K)
 Metaspace       used 1916K, committed 2048K, reserved 1114112K
  class space    used 187K, committed 256K, reserved 1048576K
}
Event: 0.608 GC heap before
{Heap before GC invocations=3 (full 0):
 garbage-first heap   total 120832K, used 69632K [0x000000008ae00000, 0x0000000100000000)
  region size 1024K, 29 young (29696K), 3 survivors (3072K)
 Metaspace       used 1922K, committed 2048K, reserved 1114112K
  class space    used 187K, committed 256K, reserved 1048576K
}
Event: 0.642 GC heap after
{Heap after GC invocations=4 (full 0):
 garbage-first heap   total 120832K, used 60928K [0x000000008ae00000, 0x0000000100000000)
  region size 1024K, 4 young (4096K), 4 survivors (4096K)
 Metaspace       used 1922K, committed 2048K, reserved 1114112K
  class space    used 187K, committed 256K, reserved 1048576K
}
Event: 0.664 GC heap before
{Heap before GC invocations=4 (full 0):
 garbage-first heap   total 120832K, used 81408K [0x000000008ae00000, 0x0000000100000000)
  region size 1024K, 24 young (24576K), 4 survivors (4096K)
 Metaspace       used 1922K, committed 2048K, reserved 1114112K
  class space    used 187K, committed 256K, reserved 1048576K
}
Event: 0.696 GC heap after
{Heap after GC invocations=5 (full 0):
 garbage-first heap   total 327680K, used 75776K [0x000000008ae00000, 0x0000000100000000)
  region size 1024K, 3 young (3072K), 3 survivors (3072K)
 Metaspace       used 1922K, committed 2048K, reserved 1114112K
  class space    used 187K, committed 256K, reserved 1048576K
}
Event: 0.766 GC heap before
{Heap before GC invocations=6 (full 0):
 garbage-first heap   total 239616K, used 116736K [0x000000008ae00000, 0x0000000100000000)
  region size 1024K, 47 young (48128K), 3 survivors (3072K)
 Metaspace       used 1922K, committed 2048K, reserved 1114112K
  class space    used 187K, committed 256K, reserved 1048576K
}
Event: 0.797 GC heap after
{Heap after GC invocations=7 (full 0):
 garbage-first heap   total 239616K, used 103424K [0x000000008ae00000, 0x0000000100000000)
  region size 1024K, 6 young (6144K), 6 survivors (6144K)
 Metaspace       used 1922K, committed 2048K, reserved 1114112K
  class space    used 187K, committed 256K, reserved 1048576K
}
Event: 0.923 GC heap before
{Heap before GC invocations=7 (full 0):
 garbage-first heap   total 239616K, used 149504K [0x000000008ae00000, 0x0000000100000000)
  region size 1024K, 51 young (52224K), 6 survivors (6144K)
 Metaspace       used 2068K, committed 2176K, reserved 1114112K
  class space    used 203K, committed 256K, reserved 1048576K
}
Event: 0.964 GC heap after
{Heap after GC invocations=8 (full 0):
 garbage-first heap   total 239616K, used 135168K [0x000000008ae00000, 0x0000000100000000)
  region size 1024K, 7 young (7168K), 7 survivors (7168K)
 Metaspace       used 2068K, committed 2176K, reserved 1114112K
  class space    used 203K, committed 256K, reserved 1048576K
}
Event: 0.974 GC heap before
{Heap before GC invocations=8 (full 0):
 garbage-first heap   total 239616K, used 139264K [0x000000008ae00000, 0x0000000100000000)
  region size 1024K, 11 young (11264K), 7 survivors (7168K)
 Metaspace       used 2068K, committed 2176K, reserved 1114112K
  class space    used 203K, committed 256K, reserved 1048576K
}
Event: 0.994 GC heap after
{Heap after GC invocations=9 (full 0):
 garbage-first heap   total 239616K, used 140288K [0x000000008ae00000, 0x0000000100000000)
  region size 1024K, 2 young (2048K), 2 survivors (2048K)
 Metaspace       used 2068K, committed 2176K, reserved 1114112K
  class space    used 203K, committed 256K, reserved 1048576K
}
Event: 1.154 GC heap before
{Heap before GC invocations=10 (full 0):
 garbage-first heap   total 239616K, used 159744K [0x000000008ae00000, 0x0000000100000000)
  region size 1024K, 36 young (36864K), 2 survivors (2048K)
 Metaspace       used 2145K, committed 2240K, reserved 1114112K
  class space    used 204K, committed 256K, reserved 1048576K
}
Event: 1.178 GC heap after
{Heap after GC invocations=11 (full 0):
 garbage-first heap   total 239616K, used 152576K [0x000000008ae00000, 0x0000000100000000)
  region size 1024K, 5 young (5120K), 5 survivors (5120K)
 Metaspace       used 2145K, committed 2240K, reserved 1114112K
  class space    used 204K, committed 256K, reserved 1048576K
}
Event: 1.242 GC heap before
{Heap before GC invocations=11 (full 0):
 garbage-first heap   total 239616K, used 183296K [0x000000008ae00000, 0x0000000100000000)
  region size 1024K, 35 young (35840K), 5 survivors (5120K)
 Metaspace       used 2145K, committed 2240K, reserved 1114112K
  class space    used 204K, committed 256K, reserved 1048576K
}
Event: 1.255 GC heap after
{Heap after GC invocations=12 (full 0):
 garbage-first heap   total 239616K, used 157696K [0x000000008ae00000, 0x0000000100000000)
  region size 1024K, 5 young (5120K), 5 survivors (5120K)
 Metaspace       used 2145K, committed 2240K, reserved 1114112K
  class space    used 204K, committed 256K, reserved 1048576K
}
Event: 1.301 GC heap before
{Heap before GC invocations=12 (full 0):
 garbage-first heap   total 239616K, used 189440K [0x000000008ae00000, 0x0000000100000000)
  region size 1024K, 36 young (36864K), 5 survivors (5120K)
 Metaspace       used 2145K, committed 2240K, reserved 1114112K
  class space    used 204K, committed 256K, reserved 1048576K
}

Dll operation events (6 events):
Event: 0.007 Loaded shared library C:\Users\USER\AppData\Local\Programs\Eclipse Adoptium\jdk-21.0.11.10-hotspot\bin\java.dll
Event: 0.040 Loaded shared library C:\Users\USER\AppData\Local\Programs\Eclipse Adoptium\jdk-21.0.11.10-hotspot\bin\jsvml.dll
Event: 0.063 Loaded shared library C:\Users\USER\AppData\Local\Programs\Eclipse Adoptium\jdk-21.0.11.10-hotspot\bin\net.dll
Event: 0.065 Loaded shared library C:\Users\USER\AppData\Local\Programs\Eclipse Adoptium\jdk-21.0.11.10-hotspot\bin\nio.dll
Event: 0.073 Loaded shared library C:\Users\USER\AppData\Local\Programs\Eclipse Adoptium\jdk-21.0.11.10-hotspot\bin\zip.dll
Event: 0.100 Loaded shared library C:\Users\USER\AppData\Local\Programs\Eclipse Adoptium\jdk-21.0.11.10-hotspot\bin\jimage.dll

Deoptimization events (20 events):
Event: 1.123 Thread 0x0000020faadb6c20 Uncommon trap: trap_request=0xffffff45 fr.pc=0x0000020fbd3a0338 relative=0x0000000000000a58
Event: 1.123 Thread 0x0000020faadb6c20 Uncommon trap: reason=unstable_if action=reinterpret pc=0x0000020fbd3a0338 method=java.util.LinkedHashMap.linkNodeAtEnd(Ljava/util/LinkedHashMap$Entry;)V @ 54 c2
Event: 1.123 Thread 0x0000020faadb6c20 DEOPT PACKING pc=0x0000020fbd3a0338 sp=0x000000bc8cefefe0
Event: 1.123 Thread 0x0000020faadb6c20 DEOPT UNPACKING pc=0x0000020fbce14422 sp=0x000000bc8cefee80 mode 2
Event: 1.206 Thread 0x0000020faadb6c20 Uncommon trap: trap_request=0xffffffbe fr.pc=0x0000020fbd3eb1e4 relative=0x0000000000000384
Event: 1.206 Thread 0x0000020faadb6c20 Uncommon trap: reason=profile_predicate action=maybe_recompile pc=0x0000020fbd3eb1e4 method=java.util.regex.Pattern$BnM.optimize(Ljava/util/regex/Pattern$Node;)Ljava/util/regex/Pattern$Node; @ 67 c2
Event: 1.206 Thread 0x0000020faadb6c20 DEOPT PACKING pc=0x0000020fbd3eb1e4 sp=0x000000bc8cefede0
Event: 1.206 Thread 0x0000020faadb6c20 DEOPT UNPACKING pc=0x0000020fbce14422 sp=0x000000bc8cefed88 mode 2
Event: 1.206 Thread 0x0000020faadb6c20 Uncommon trap: trap_request=0xffffffbe fr.pc=0x0000020fbd3eb1e4 relative=0x0000000000000384
Event: 1.206 Thread 0x0000020faadb6c20 Uncommon trap: reason=profile_predicate action=maybe_recompile pc=0x0000020fbd3eb1e4 method=java.util.regex.Pattern$BnM.optimize(Ljava/util/regex/Pattern$Node;)Ljava/util/regex/Pattern$Node; @ 67 c2
Event: 1.206 Thread 0x0000020faadb6c20 DEOPT PACKING pc=0x0000020fbd3eb1e4 sp=0x000000bc8cefede0
Event: 1.206 Thread 0x0000020faadb6c20 DEOPT UNPACKING pc=0x0000020fbce14422 sp=0x000000bc8cefed88 mode 2
Event: 1.206 Thread 0x0000020faadb6c20 Uncommon trap: trap_request=0xffffffbe fr.pc=0x0000020fbd3eb1e4 relative=0x0000000000000384
Event: 1.206 Thread 0x0000020faadb6c20 Uncommon trap: reason=profile_predicate action=maybe_recompile pc=0x0000020fbd3eb1e4 method=java.util.regex.Pattern$BnM.optimize(Ljava/util/regex/Pattern$Node;)Ljava/util/regex/Pattern$Node; @ 67 c2
Event: 1.206 Thread 0x0000020faadb6c20 DEOPT PACKING pc=0x0000020fbd3eb1e4 sp=0x000000bc8cefede0
Event: 1.206 Thread 0x0000020faadb6c20 DEOPT UNPACKING pc=0x0000020fbce14422 sp=0x000000bc8cefed88 mode 2
Event: 1.206 Thread 0x0000020faadb6c20 Uncommon trap: trap_request=0xffffffbe fr.pc=0x0000020fbd3eb1e4 relative=0x0000000000000384
Event: 1.206 Thread 0x0000020faadb6c20 Uncommon trap: reason=profile_predicate action=maybe_recompile pc=0x0000020fbd3eb1e4 method=java.util.regex.Pattern$BnM.optimize(Ljava/util/regex/Pattern$Node;)Ljava/util/regex/Pattern$Node; @ 67 c2
Event: 1.206 Thread 0x0000020faadb6c20 DEOPT PACKING pc=0x0000020fbd3eb1e4 sp=0x000000bc8cefede0
Event: 1.206 Thread 0x0000020faadb6c20 DEOPT UNPACKING pc=0x0000020fbce14422 sp=0x000000bc8cefed88 mode 2

Classes loaded (20 events):
Event: 0.241 Loading class java/io/UnsupportedEncodingException
Event: 0.242 Loading class java/io/UnsupportedEncodingException done
Event: 0.242 Loading class java/util/stream/IntStream
Event: 0.242 Loading class java/util/stream/IntStream done
Event: 0.246 Loading class java/util/StringTokenizer
Event: 0.246 Loading class java/util/StringTokenizer done
Event: 0.252 Loading class java/io/BufferedReader
Event: 0.252 Loading class java/io/BufferedReader done
Event: 0.252 Loading class sun/nio/cs/StreamDecoder
Event: 0.252 Loading class sun/nio/cs/StreamDecoder done
Event: 0.252 Loading class sun/nio/cs/UTF_8$Decoder
Event: 0.253 Loading class sun/nio/cs/UTF_8$Decoder done
Event: 0.253 Loading class java/io/BufferedReader$1
Event: 0.253 Loading class java/io/BufferedReader$1 done
Event: 0.809 Loading class java/lang/invoke/DirectMethodHandle$Special
Event: 0.809 Loading class java/lang/invoke/DirectMethodHandle$Special done
Event: 1.119 Loading class java/util/regex/Pattern$BnM
Event: 1.120 Loading class java/util/regex/Pattern$BnM done
Event: 1.120 Loading class java/util/regex/Pattern$SliceS
Event: 1.120 Loading class java/util/regex/Pattern$SliceS done

Classes unloaded (0 events):
No events

Classes redefined (0 events):
No events

Internal exceptions (2 events):
Event: 0.818 Thread 0x0000020faadb6c20 Exception <a 'java/lang/NoSuchMethodError'{0x000000009e13aa80}: 'java.lang.Object java.lang.invoke.DirectMethodHandle$Holder.newInvokeSpecial(java.lang.Object, java.lang.Object, int, int)'> (0x000000009e13aa80) 
thrown [s\src\hotspot\share\interpreter\linkResolver.cpp, line 773]
Event: 0.822 Thread 0x0000020faadb6c20 Exception <a 'java/lang/NoSuchMethodError'{0x000000009e14eeb8}: 'void java.lang.invoke.DirectMethodHandle$Holder.invokeStatic(java.lang.Object, java.lang.Object, int, int, java.lang.Object)'> (0x000000009e14eeb8) 
thrown [s\src\hotspot\share\interpreter\linkResolver.cpp, line 773]

ZGC Phase Switch (0 events):
No events

VM Operations (20 events):
Event: 0.729 Executing safepoint VM operation: G1PauseRemark done
Event: 0.746 Executing safepoint VM operation: G1PauseCleanup
Event: 0.747 Executing safepoint VM operation: G1PauseCleanup done
Event: 0.766 Executing safepoint VM operation: G1CollectForAllocation (G1 Evacuation Pause)
Event: 0.797 Executing safepoint VM operation: G1CollectForAllocation (G1 Evacuation Pause) done
Event: 0.923 Executing safepoint VM operation: G1CollectForAllocation (G1 Evacuation Pause)
Event: 0.964 Executing safepoint VM operation: G1CollectForAllocation (G1 Evacuation Pause) done
Event: 0.973 Executing safepoint VM operation: G1CollectForAllocation (G1 Evacuation Pause)
Event: 0.994 Executing safepoint VM operation: G1CollectForAllocation (G1 Evacuation Pause) done
Event: 1.080 Executing safepoint VM operation: G1PauseRemark
Event: 1.081 Executing safepoint VM operation: G1PauseRemark done
Event: 1.122 Executing non-safepoint VM operation: HandshakeAllThreads (Deoptimize)
Event: 1.122 Executing non-safepoint VM operation: HandshakeAllThreads (Deoptimize) done
Event: 1.127 Executing safepoint VM operation: G1PauseCleanup
Event: 1.127 Executing safepoint VM operation: G1PauseCleanup done
Event: 1.154 Executing safepoint VM operation: G1CollectForAllocation (G1 Evacuation Pause)
Event: 1.178 Executing safepoint VM operation: G1CollectForAllocation (G1 Evacuation Pause) done
Event: 1.242 Executing safepoint VM operation: G1CollectForAllocation (G1 Evacuation Pause)
Event: 1.255 Executing safepoint VM operation: G1CollectForAllocation (G1 Evacuation Pause) done
Event: 1.301 Executing safepoint VM operation: G1CollectForAllocation (G1 Evacuation Pause)

Memory protections (0 events):
No events

Nmethod flushes (20 events):
Event: 1.081 Thread 0x0000020fc9efd790 flushing  nmethod 0x0000020fb589e210
Event: 1.081 Thread 0x0000020fc9efd790 flushing  nmethod 0x0000020fb589fb10
Event: 1.081 Thread 0x0000020fc9efd790 flushing  nmethod 0x0000020fb589ff90
Event: 1.081 Thread 0x0000020fc9efd790 flushing  nmethod 0x0000020fb58a1690
Event: 1.081 Thread 0x0000020fc9efd790 flushing  nmethod 0x0000020fb58a1b90
Event: 1.081 Thread 0x0000020fc9efd790 flushing  nmethod 0x0000020fb58a1e90
Event: 1.081 Thread 0x0000020fc9efd790 flushing  nmethod 0x0000020fb58a2490
Event: 1.081 Thread 0x0000020fc9efd790 flushing  nmethod 0x0000020fb58a3e90
Event: 1.081 Thread 0x0000020fc9efd790 flushing  nmethod 0x0000020fb58a4b90
Event: 1.081 Thread 0x0000020fc9efd790 flushing  nmethod 0x0000020fb58d2690
Event: 1.081 Thread 0x0000020fc9efd790 flushing  nmethod 0x0000020fb590a010
Event: 1.081 Thread 0x0000020fc9efd790 flushing  nmethod 0x0000020fb590a590
Event: 1.081 Thread 0x0000020fc9efd790 flushing  nmethod 0x0000020fb590bf90
Event: 1.081 Thread 0x0000020fc9efd790 flushing  nmethod 0x0000020fb590c690
Event: 1.081 Thread 0x0000020fc9efd790 flushing  nmethod 0x0000020fb590d110
Event: 1.081 Thread 0x0000020fc9efd790 flushing  nmethod 0x0000020fb590fd10
Event: 1.081 Thread 0x0000020fc9efd790 flushing  nmethod 0x0000020fb5910310
Event: 1.081 Thread 0x0000020fc9efd790 flushing  nmethod 0x0000020fb5910b10
Event: 1.081 Thread 0x0000020fc9efd790 flushing  nmethod 0x0000020fb5926710
Event: 1.081 Thread 0x0000020fc9efd790 flushing osr nmethod 0x0000020fb5926e90

Events (12 events):
Event: 0.022 Thread 0x0000020faadb6c20 Thread added: 0x0000020faadb6c20
Event: 0.038 Thread 0x0000020faadb6c20 Thread added: 0x0000020fc9f162b0
Event: 0.038 Thread 0x0000020faadb6c20 Thread added: 0x0000020fc9f1afe0
Event: 0.038 Thread 0x0000020faadb6c20 Thread added: 0x0000020fc9f1ee60
Event: 0.038 Thread 0x0000020faadb6c20 Thread added: 0x0000020fc9f1f8c0
Event: 0.038 Thread 0x0000020faadb6c20 Thread added: 0x0000020fc9f2a380
Event: 0.038 Thread 0x0000020faadb6c20 Thread added: 0x0000020fc9f2b060
Event: 0.038 Thread 0x0000020faadb6c20 Thread added: 0x0000020fc9f2e280
Event: 0.039 Thread 0x0000020faadb6c20 Thread added: 0x0000020fc9f2e930
Event: 0.059 Thread 0x0000020faadb6c20 Thread added: 0x000002100f89b160
Event: 0.060 Thread 0x0000020faadb6c20 Thread added: 0x000002100f897ce0
Event: 0.223 Thread 0x0000020fc9f2e280 Thread added: 0x000002100f9a4380


Dynamic libraries:
0x00007ff776db0000 - 0x00007ff776dbe000 	C:\Users\USER\AppData\Local\Programs\Eclipse Adoptium\jdk-21.0.11.10-hotspot\bin\java.exe
0x00007ffdf5ef0000 - 0x00007ffdf60e8000 	C:\Windows\SYSTEM32\ntdll.dll
0x00007ffdf5c00000 - 0x00007ffdf5cc2000 	C:\Windows\System32\KERNEL32.DLL
0x00007ffdf3c10000 - 0x00007ffdf3f06000 	C:\Windows\System32\KERNELBASE.dll
0x00007ffdf3720000 - 0x00007ffdf3820000 	C:\Windows\System32\ucrtbase.dll
0x00007ffdbc9b0000 - 0x00007ffdbc9ce000 	C:\Users\USER\AppData\Local\Programs\Eclipse Adoptium\jdk-21.0.11.10-hotspot\bin\VCRUNTIME140.dll
0x00007ffdbded0000 - 0x00007ffdbdee8000 	C:\Users\USER\AppData\Local\Programs\Eclipse Adoptium\jdk-21.0.11.10-hotspot\bin\jli.dll
0x00007ffdf4090000 - 0x00007ffdf4231000 	C:\Windows\System32\USER32.dll
0x00007ffdf3a30000 - 0x00007ffdf3a52000 	C:\Windows\System32\win32u.dll
0x00007ffde72e0000 - 0x00007ffde757b000 	C:\Windows\WinSxS\amd64_microsoft.windows.common-controls_6595b64144ccf1df_6.0.19041.6456_none_60b8a6cb71f64256\COMCTL32.dll
0x00007ffdf4d50000 - 0x00007ffdf4d7b000 	C:\Windows\System32\GDI32.dll
0x00007ffdf5cd0000 - 0x00007ffdf5d6e000 	C:\Windows\System32\msvcrt.dll
0x00007ffdf3600000 - 0x00007ffdf3719000 	C:\Windows\System32\gdi32full.dll
0x00007ffdf3850000 - 0x00007ffdf38ed000 	C:\Windows\System32\msvcp_win.dll
0x00007ffdf5350000 - 0x00007ffdf537f000 	C:\Windows\System32\IMM32.DLL
0x00007ffdf3370000 - 0x00007ffdf33bb000 	C:\Windows\SYSTEM32\AvCNG.dll
0x00007ffdf4c90000 - 0x00007ffdf4d41000 	C:\Windows\System32\ADVAPI32.dll
0x00007ffdf4f50000 - 0x00007ffdf4fef000 	C:\Windows\System32\sechost.dll
0x00007ffdf4d80000 - 0x00007ffdf4ea0000 	C:\Windows\System32\RPCRT4.dll
0x00007ffdf3820000 - 0x00007ffdf3847000 	C:\Windows\System32\bcrypt.dll
0x00007ffdf3220000 - 0x00007ffdf32b5000 	C:\Program Files\Common Files\Avest\Avest CSP\avsspc.dll
0x00007ffdf5ba0000 - 0x00007ffdf5bfb000 	C:\Windows\System32\SHLWAPI.dll
0x00007ffdd9870000 - 0x00007ffdd987c000 	C:\Users\USER\AppData\Local\Programs\Eclipse Adoptium\jdk-21.0.11.10-hotspot\bin\vcruntime140_1.dll
0x00007ffdb88f0000 - 0x00007ffdb897d000 	C:\Users\USER\AppData\Local\Programs\Eclipse Adoptium\jdk-21.0.11.10-hotspot\bin\msvcp140.dll
0x00007ffd7be40000 - 0x00007ffd7cbe2000 	C:\Users\USER\AppData\Local\Programs\Eclipse Adoptium\jdk-21.0.11.10-hotspot\bin\server\jvm.dll
0x00007ffdf5d70000 - 0x00007ffdf5ddb000 	C:\Windows\System32\WS2_32.dll
0x00007ffdf33e0000 - 0x00007ffdf342b000 	C:\Windows\SYSTEM32\POWRPROF.dll
0x00007ffde4910000 - 0x00007ffde4937000 	C:\Windows\SYSTEM32\WINMM.dll
0x00007ffdec1a0000 - 0x00007ffdec1aa000 	C:\Windows\SYSTEM32\VERSION.dll
0x00007ffdf33c0000 - 0x00007ffdf33d2000 	C:\Windows\SYSTEM32\UMPDC.dll
0x00007ffdf1300000 - 0x00007ffdf1312000 	C:\Windows\SYSTEM32\kernel.appcore.dll
0x00007ffdcd700000 - 0x00007ffdcd70a000 	C:\Users\USER\AppData\Local\Programs\Eclipse Adoptium\jdk-21.0.11.10-hotspot\bin\jimage.dll
0x00007ffde57f0000 - 0x00007ffde59f1000 	C:\Windows\SYSTEM32\DBGHELP.DLL
0x00007ffdd70b0000 - 0x00007ffdd70e4000 	C:\Windows\SYSTEM32\dbgcore.DLL
0x00007ffdf38f0000 - 0x00007ffdf3972000 	C:\Windows\System32\bcryptPrimitives.dll
0x00007ffdb9750000 - 0x00007ffdb9770000 	C:\Users\USER\AppData\Local\Programs\Eclipse Adoptium\jdk-21.0.11.10-hotspot\bin\java.dll
0x000002100f000000 - 0x000002100f770000 	C:\Windows\System32\SHELL32.dll
0x00007ffdf1500000 - 0x00007ffdf1ca5000 	C:\Windows\SYSTEM32\windows.storage.dll
0x00007ffdf48d0000 - 0x00007ffdf4c24000 	C:\Windows\System32\combase.dll
0x00007ffdf2e50000 - 0x00007ffdf2e7b000 	C:\Windows\SYSTEM32\Wldp.dll
0x00007ffdf5de0000 - 0x00007ffdf5ead000 	C:\Windows\System32\OLEAUT32.dll
0x00007ffdf4ea0000 - 0x00007ffdf4f4d000 	C:\Windows\System32\SHCORE.dll
0x00007ffdf34b0000 - 0x00007ffdf34d4000 	C:\Windows\SYSTEM32\profapi.dll
0x00007ffda2a30000 - 0x00007ffda2b07000 	C:\Users\USER\AppData\Local\Programs\Eclipse Adoptium\jdk-21.0.11.10-hotspot\bin\jsvml.dll
0x00007ffdc6590000 - 0x00007ffdc65a0000 	C:\Users\USER\AppData\Local\Programs\Eclipse Adoptium\jdk-21.0.11.10-hotspot\bin\net.dll
0x00007ffde7cc0000 - 0x00007ffde7dca000 	C:\Windows\SYSTEM32\WINHTTP.dll
0x00007ffdf2b40000 - 0x00007ffdf2baa000 	C:\Windows\system32\mswsock.dll
0x00007ffdb8fc0000 - 0x00007ffdb8fd6000 	C:\Users\USER\AppData\Local\Programs\Eclipse Adoptium\jdk-21.0.11.10-hotspot\bin\nio.dll
0x00007ffdb9340000 - 0x00007ffdb9358000 	C:\Users\USER\AppData\Local\Programs\Eclipse Adoptium\jdk-21.0.11.10-hotspot\bin\zip.dll

JVMTI agents: none

dbghelp: loaded successfully - version: 4.0.5 - missing functions: none
symbol engine: initialized successfully - sym options: 0x614 - pdb path: .;C:\Users\USER\AppData\Local\Programs\Eclipse Adoptium\jdk-21.0.11.10-hotspot\bin;C:\Windows\SYSTEM32;C:\Windows\WinSxS\amd64_microsoft.windows.common-controls_6595b64144ccf1df_6.0.19041.6456_none_60b8a6cb71f64256;C:\Program Files\Common Files\Avest\Avest CSP;C:\Users\USER\AppData\Local\Programs\Eclipse Adoptium\jdk-21.0.11.10-hotspot\bin\server

VM Arguments:
java_command: C:\Users\USER\.gradle\caches\modules-2\files-2.1\net.neoforged.installertools\installertools\2.1.2\62740d5aa8f75f4a4d542d363bdda5b64a198f7a\installertools-2.1.2-fatjar.jar --task MERGE_MAPPING --left config\joined.tsrg --right C:\Users\USER\.gradle\caches\neoformruntime\artifacts\minecraft_1.21.1_client_mappings.txt --right-names right,left --classes --fields --methods --output ./output.tsrg
java_class_path (initial): C:\Users\USER\.gradle\caches\modules-2\files-2.1\net.neoforged.installertools\installertools\2.1.2\62740d5aa8f75f4a4d542d363bdda5b64a198f7a\installertools-2.1.2-fatjar.jar
Launcher Type: SUN_STANDARD

[Global flags]
     intx CICompilerCount                          = 4                                         {product} {ergonomic}
     uint ConcGCThreads                            = 3                                         {product} {ergonomic}
     uint G1ConcRefinementThreads                  = 10                                        {product} {ergonomic}
   size_t G1HeapRegionSize                         = 1048576                                   {product} {ergonomic}
    uintx GCDrainStackTargetSize                   = 64                                        {product} {ergonomic}
   size_t InitialHeapSize                          = 123731968                                 {product} {ergonomic}
   size_t MarkStackSize                            = 4194304                                   {product} {ergonomic}
   size_t MaxHeapSize                              = 1965031424                                {product} {ergonomic}
   size_t MaxNewSize                               = 1178599424                                {product} {ergonomic}
   size_t MinHeapDeltaBytes                        = 1048576                                   {product} {ergonomic}
   size_t MinHeapSize                              = 8388608                                   {product} {ergonomic}
    uintx NonNMethodCodeHeapSize                   = 5839372                                {pd product} {ergonomic}
    uintx NonProfiledCodeHeapSize                  = 122909434                              {pd product} {ergonomic}
    uintx ProfiledCodeHeapSize                     = 122909434                              {pd product} {ergonomic}
    uintx ReservedCodeCacheSize                    = 251658240                              {pd product} {ergonomic}
     bool SegmentedCodeCache                       = true                                      {product} {ergonomic}
   size_t SoftMaxHeapSize                          = 1965031424                             {manageable} {ergonomic}
     bool UseCompressedOops                        = true                           {product lp64_product} {ergonomic}
     bool UseG1GC                                  = true                                      {product} {ergonomic}
     bool UseLargePagesIndividualAllocation        = false                                  {pd product} {ergonomic}

Logging:
Log output configuration:
 #0: stdout all=warning uptime,level,tags foldmultilines=false
 #1: stderr all=off uptime,level,tags foldmultilines=false

Release file:
IMPLEMENTOR="Eclipse Adoptium" 
IMPLEMENTOR_VERSION="Temurin-21.0.11+10" 
JAVA_RUNTIME_VERSION="21.0.11+10-LTS" 
JAVA_VERSION="21.0.11" 
JAVA_VERSION_DATE="2026-04-21" 
LIBC="default" 
MODULES="java.base java.compiler java.datatransfer java.xml java.prefs java.desktop java.instrument java.logging java.management java.security.sasl java.naming java.rmi java.management.rmi java.net.http java.scripting java.security.jgss java.transaction.xa java.sql java.sql.rowset java.xml.crypto java.se java.smartcardio jdk.accessibility jdk.internal.jvmstat jdk.attach jdk.charsets jdk.internal.opt jdk.zipfs jdk.compiler jdk.crypto.ec jdk.crypto.cryptoki jdk.crypto.mscapi jdk.dynalink jdk.internal.ed jdk.editpad jdk.hotspot.agent jdk.httpserver jdk.incubator.vector jdk.internal.le jdk.internal.vm.ci jdk.internal.vm.compiler jdk.internal.vm.compiler.management jdk.jartool jdk.javadoc jdk.jcmd jdk.management jdk.management.agent jdk.jconsole jdk.jdeps jdk.jdwp.agent jdk.jdi jdk.jfr jdk.jlink jdk.jpackage jdk.jshell jdk.jsobject jdk.jstatd jdk.localedata jdk.management.jfr jdk.naming.dns jdk.naming.rmi jdk.net jdk.nio.mapmode jdk.random jdk.sctp jdk.security.auth jdk.security.jgss jdk.unsupported jdk.unsupported.desktop jdk.xml.dom" 
OS_ARCH="x86_64" 
OS_NAME="Windows" 
SOURCE=".:git:254494ad7d75" 
BUILD_SOURCE="git:a612825ee82a20ac872d60958c349854c1f29a8e"
BUILD_SOURCE_REPO="https://github.com/adoptium/temurin-build.git"
SOURCE_REPO="https://github.com/adoptium/jdk21u.git"
FULL_VERSION="21.0.11+10-LTS"
SEMANTIC_VERSION="21.0.11+10"
BUILD_INFO="OS: Windows Server 2022 Version: 10.0"
JVM_VARIANT="Hotspot"
JVM_VERSION="21.0.11+10-LTS"
IMAGE_TYPE="JDK"

Environment Variables:
JAVA_HOME=C:\Users\USER\AppData\Local\Programs\Eclipse Adoptium\jdk-21.0.11.10-hotspot\
PATH=C:\Program Files (x86)\Common Files\Oracle\Java\java8path;C:\Program Files (x86)\Common Files\Oracle\Java\javapath;C:\Windows\system32;C:\Windows;C:\Windows\System32\Wbem;C:\Windows\System32\WindowsPowerShell\v1.0\;C:\Windows\System32\OpenSSH\;C:\Program Files (x86)\Avest\AvPCM_nces;C:\Program Files (x86)\dotnet\;C:\Program Files\dotnet\;C:\Users\USER\AppData\Local\Programs\Eclipse Adoptium\jdk-21.0.11.10-hotspot\bin;C:\Users\USER\AppData\Local\Programs\Eclipse Adoptium\jdk-25.0.3.9-hotspot\bin;D:\ga\bin;C:\Users\USER\AppData\Local\Microsoft\WindowsApps;C:\Users\USER\AppData\Local\Python\bin
USERNAME=USER
OS=Windows_NT
PROCESSOR_IDENTIFIER=AMD64 Family 23 Model 104 Stepping 1, AuthenticAMD
TMP=C:\Users\USER\AppData\Local\Temp
TEMP=C:\Users\USER\AppData\Local\Temp




Periodic native trim disabled

---------------  S Y S T E M  ---------------

OS:
 Windows 10 , 64 bit Build 19041 (10.0.19041.5915)
OS uptime: 0 days 0:28 hours

CPU: total 12 (initial active 12) (12 cores per cpu, 2 threads per core) family 23 model 104 stepping 1 microcode 0x0, cx8, cmov, fxsr, ht, mmx, 3dnowpref, sse, sse2, sse3, ssse3, sse4a, sse4.1, sse4.2, popcnt, lzcnt, tsc, tscinvbit, avx, avx2, aes, clmul, bmi1, bmi2, adx, sha, fma, vzeroupper, clflush, clflushopt, rdtscp, rdpid, f16c
Processor Information for the first 12 processors :
  Max Mhz: 2100, Current Mhz: 2100, Mhz Limit: 2100

Memory: 4k page, system-wide physical 7488M (267M free)
TotalPageFile size 9409M (AvailPageFile size 233M)
current process WorkingSet (physical memory assigned to process): 266M, peak: 266M
current process commit charge ("private bytes"): 427M, peak: 809M

vm_info: OpenJDK 64-Bit Server VM (21.0.11+10-LTS) for windows-amd64 JRE (21.0.11+10-LTS), built on 2026-04-21T00:00:00Z by "admin" with MS VC++ 17.12 (VS2022)

END.
